=== JK + Ryn stack install (task-0043) ===
[preflight] MO2 closed.
Extracting Jk's Angeline's Aromatics-44482-1-0-0-1610939190.rar -> JK's Angeline's Aromatics
Installed JK's Angeline's Aromatics (44482) from Jk's Angeline's Aromatics-44482-1-0-0-1610939190.rar
Extracting JK's Arcadia's Cauldron-33565-1-01-1654058766.zip -> JK's Arcadia's Cauldron
Installed JK's Arcadia's Cauldron (33565) from JK's Arcadia's Cauldron-33565-1-01-1654058766.zip
Extracting JK's Arnleif and Sons Trading Company-54166-1-0-1-1656370137.7z -> JK's Arnleif and Sons Trading Company
Installed JK's Arnleif and Sons Trading Company (54166) from JK's Arnleif and Sons Trading Company-54166-1-0-1-1656370137.7z
Extracting JK's Belethor's General Goods.-33636-1-1-0-1584494034.rar -> JK's Belethor's General Goods
Installed JK's Belethor's General Goods (33636) from JK's Belethor's General Goods.-33636-1-1-0-1584494034.rar
Extracting JK's Bits and Pieces-44642-1-0-0-1611364361.rar -> JK's Bits and Pieces
Installed JK's Bits and Pieces (44642) from JK's Bits and Pieces-44642-1-0-0-1611364361.rar
Extracting JK's Elgrims Elixirs-49934-1-1-1669545585.zip -> JK's Elgrim's Elixirs
Installed JK's Elgrim's Elixirs (49934) from JK's Elgrims Elixirs-49934-1-1-1669545585.zip
Extracting JK's Haelga's Bunkhouse-60085-1-1-1-1645417321.zip -> JK's Haelga's Bunkhouse
Installed JK's Haelga's Bunkhouse (60085) from JK's Haelga's Bunkhouse-60085-1-1-1-1645417321.zip
Extracting JK's New Gnisis Cornerclub-48293-1-1-0-1638561666.rar -> JK's New Gnisis Cornerclub
Installed JK's New Gnisis Cornerclub (48293) from JK's New Gnisis Cornerclub-48293-1-1-0-1638561666.rar
Extracting JK's Nightgate Inn-161218-1-0-0-1762461071.rar -> JK's Nightgate Inn
Installed JK's Nightgate Inn (161218) from JK's Nightgate Inn-161218-1-0-0-1762461071.rar
Extracting JK's Radiant Raiment-44858-1-0-4-1747525985.7z -> JK's Radiant Raiment
Installed JK's Radiant Raiment (44858) from JK's Radiant Raiment-44858-1-0-4-1747525985.7z
Extracting JK's Sadris Used Wares-47942-1-0-1-1635026346.zip -> JK's Sadri's Used Wares
Installed JK's Sadri's Used Wares (47942) from JK's Sadris Used Wares-47942-1-0-1-1635026346.zip
Extracting JK's Silver-Blood Inn-53554-1-0-2-1735730528.rar -> JK's Silver-Blood Inn
Installed JK's Silver-Blood Inn (53554) from JK's Silver-Blood Inn-53554-1-0-2-1735730528.rar
Extracting JK's The Bannered Mare-33845-1-1-1-1710284787.rar -> JK's The Bannered Mare
Installed JK's The Bannered Mare (33845) from JK's The Bannered Mare-33845-1-1-1-1710284787.rar
Extracting JK's The Bee and Barb-49516-1-1-1-1653437477.zip -> JK's The Bee and Barb
Installed JK's The Bee and Barb (49516) from JK's The Bee and Barb-49516-1-1-1-1653437477.zip
Extracting JK's The Drunken Huntsman-33783-1-1-0-1736362451.7z -> JK's The Drunken Huntsman
Installed JK's The Drunken Huntsman (33783) from JK's The Drunken Huntsman-33783-1-1-0-1736362451.7z
Extracting JK's The Hag's Cure-54587-1-0-0-1630035234.rar -> JK's The Hag's Cure
Installed JK's The Hag's Cure (54587) from JK's The Hag's Cure-54587-1-0-0-1630035234.rar
Extracting JK's The Pawned Prawn-50135-1-0-1-1622932088.7z -> JK's The Pawned Prawn
Installed JK's The Pawned Prawn (50135) from JK's The Pawned Prawn-50135-1-0-1-1622932088.7z
Extracting JK's The Ragged Flagon-50765-1-0-0-1622811373.rar -> JK's The Ragged Flagon
Installed JK's The Ragged Flagon (50765) from JK's The Ragged Flagon-50765-1-0-0-1622811373.rar
Extracting JK's The Temple of Mara-52724-1-1-1666692164.7z -> JK's The Temple of Mara
Installed JK's The Temple of Mara (52724) from JK's The Temple of Mara-52724-1-1-1666692164.7z
Extracting JK's The Winking Skeever-43991-1-6-0-1752975864.7z -> JK's The Winking Skeever
Installed JK's The Winking Skeever (43991) from JK's The Winking Skeever-43991-1-6-0-1752975864.7z
Extracting JK's Warmaiden's Harvestable Statics Patch-33685-1-2-0-1622951217.7z -> JK's Warmaiden's
Installed JK's Warmaiden's (33685) from JK's Warmaiden's Harvestable Statics Patch-33685-1-2-0-1622951217.7z
Extracting JK's White Phial-47713-1-1-1-1617829339.rar -> JK's White Phial
Installed JK's White Phial (47713) from JK's White Phial-47713-1-1-1-1617829339.rar
Extracting JK's Blue Palace-45324-2-0-2-1746160267.7z -> JK's Blue Palace
Installed JK's Blue Palace (45324) from JK's Blue Palace-45324-2-0-2-1746160267.7z
Extracting JK's Candlehearth Hall-45617-1-0-0-1613177179.rar -> JK's Candlehearth Hall
Installed JK's Candlehearth Hall (45617) from JK's Candlehearth Hall-45617-1-0-0-1613177179.rar
Extracting JK's Dragonsreach-34000-1-1-3-1736020134.7z -> JK's Dragonsreach
Installed JK's Dragonsreach (34000) from JK's Dragonsreach-34000-1-1-3-1736020134.7z
Extracting JK's Mistveil Keep-52462-1-0-2-1632027714.7z -> JK's Mistveil Keep
Installed JK's Mistveil Keep (52462) from JK's Mistveil Keep-52462-1-0-2-1632027714.7z
Extracting JK's Palace of the Kings-48902-1-2-0-1637911630.7z -> JK's Palace of the Kings
Installed JK's Palace of the Kings (48902) from JK's Palace of the Kings-48902-1-2-0-1637911630.7z
Extracting JK's Temple of Dibella-56371-1-0-0-1633391770.rar -> JK's Temple of Dibella
Installed JK's Temple of Dibella (56371) from JK's Temple of Dibella-56371-1-0-0-1633391770.rar
Extracting JK's Temple of Kynareth-56737-1-0-0-1634924579.rar -> JK's Temple of Kynareth
Installed JK's Temple of Kynareth (56737) from JK's Temple of Kynareth-56737-1-0-0-1634924579.rar
Extracting JK's Temple of Talos-56971-1-1-1637910811.7z -> JK's Temple of Talos
Installed JK's Temple of Talos (56971) from JK's Temple of Talos-56971-1-1-1637910811.7z
Extracting JK's Temple of the Divines-57304-1-2-0-1657588680.rar -> JK's Temple of the Divines
Installed JK's Temple of the Divines (57304) from JK's Temple of the Divines-57304-1-2-0-1657588680.rar
Extracting JK's Understone Keep-55571-1-1-2-1645417899.zip -> JK's Understone Keep
Installed JK's Understone Keep (55571) from JK's Understone Keep-55571-1-1-2-1645417899.zip
Extracting JK's Castle Dour-74309-1-3-1-1745938155.7z -> JK's Castle Dour
Installed JK's Castle Dour (74309) from JK's Castle Dour-74309-1-3-1-1745938155.7z
Extracting JK's Castle Volkihar-116314-1-1-2-1715478966.7z -> JK's Castle Volkihar
Installed JK's Castle Volkihar (116314) from JK's Castle Volkihar-116314-1-1-2-1715478966.7z
Extracting JK's College of Winterhold-65676-1-1-1685005336.7z -> JK's College of Winterhold
Installed JK's College of Winterhold (65676) from JK's College of Winterhold-65676-1-1-1685005336.7z
Extracting JK's Dark Brotherhood Sanctuary-121950-1-1-1-1781076950.rar -> JK's Dark Brotherhood Sanctuaries
Installed JK's Dark Brotherhood Sanctuaries (121950) from JK's Dark Brotherhood Sanctuary-121950-1-1-1-1781076950.rar
Extracting JK's Fort Dawnguard-110645-1-0-3-1753727561.7z -> JK's Fort Dawnguard
Installed JK's Fort Dawnguard (110645) from JK's Fort Dawnguard-110645-1-0-3-1753727561.7z
Extracting JK's Jorrvaskr-60738-1-1-4-1663303892.7z -> JK's Jorrvaskr
Installed JK's Jorrvaskr (60738) from JK's Jorrvaskr-60738-1-1-4-1663303892.7z
Extracting JK's Nightingale Hall-128116-1-0-0-1727984346.rar -> JK's Nightingale Hall
Installed JK's Nightingale Hall (128116) from JK's Nightingale Hall-128116-1-0-0-1727984346.rar
Extracting JK's Sky Haven Temple-63039-1-0-1-1724012643.7z -> JK's Sky Haven Temple
Installed JK's Sky Haven Temple (63039) from JK's Sky Haven Temple-63039-1-0-1-1724012643.7z
Extracting JK's The Bards College-71054-1-0-3-1659371534.zip -> JK's The Bards College
Installed JK's The Bards College (71054) from JK's The Bards College-71054-1-0-3-1659371534.zip
Extracting JK's Thieves Guild-133787-1-0-2-1752976104.7z -> JK's Thieves Guild HQ
Installed JK's Thieves Guild HQ (133787) from JK's Thieves Guild-133787-1-0-2-1752976104.7z
Extracting JK's Whiterun Outskirts-78351-1-6-2-1754255259.7z -> JK's Whiterun Outskirts
Installed JK's Whiterun Outskirts (78351) from JK's Whiterun Outskirts-78351-1-6-2-1754255259.7z
Extracting JK's Windhelm Outskirts-86975-1-1-3-1745722409.7z -> JK's Windhelm Outskirts
Extract verification failed for 'JK's Windhelm Outskirts': 2 file(s) on disk but expected ESP like: *Windhelm 
Outskirts*; min files: 1. Use MO2 FOMOD install instead.
At D:\Skyrim AI Modlist\anvil-successor\scripts\Mo2ProfileGuardrails.ps1:590 char:13
+             throw "Extract verification failed for '$FolderName': $co ...
+             ~~~~~~~~~~~~~~~~~~~~~~~~~~~~~~~~~~~~~~~~~~~~~~~~~~~~~~~~~
    + CategoryInfo          : OperationStopped: (Extract verific...nstall instead.:String) [], RuntimeException
    + FullyQualifiedErrorId : Extract verification failed for 'JK's Windhelm Outskirts': 2 file(s) on disk but expecte 
   d ESP like: *Windhelm Outskirts*; min files: 1. Use MO2 FOMOD install instead.
 
