=== JK + Ryn stack install (task-0043) ===
[preflight] MO2 closed.
Extracting Jk's Angeline's Aromatics-44482-1-0-0-1610939190.rar -> JK's Angeline's Aromatics
Installed JK's Angeline's Aromatics (44482) from Jk's Angeline's Aromatics-44482-1-0-0-1610939190.rar
Extracting JK's Arcadia's Cauldron-33565-1-01-1654058766.zip -> JK's Arcadia's Cauldron
Installed JK's Arcadia's Cauldron (33565) from JK's Arcadia's Cauldron-33565-1-01-1654058766.zip
Extracting JK's Arnleif and Sons Trading Company-54166-1-0-1-1656370137.7z -> JK's Arnleif and Sons Trading Company
Installed JK's Arnleif and Sons Trading Company (54166) from JK's Arnleif and Sons Trading Company-54166-1-0-1-1656370137.7z
Extracting JK's Belethor's General Goods.-33636-1-1-0-1584494034.rar -> JK's Belethor's General Goods
Installed JK's Belethor's General Goods (33636) from JK's Belethor's General Goods.-33636-1-1-0-1584494034.rar
Extracting JK's Bits and Pieces-44642-1-0-0-1611364361.rar -> JK's Bits and Pieces
Installed JK's Bits and Pieces (44642) from JK's Bits and Pieces-44642-1-0-0-1611364361.rar
Extracting JK's Elgrims Elixirs-49934-1-1-1669545585.zip -> JK's Elgrim's Elixirs
Installed JK's Elgrim's Elixirs (49934) from JK's Elgrims Elixirs-49934-1-1-1669545585.zip
Extracting JK's Haelga's Bunkhouse-60085-1-1-1-1645417321.zip -> JK's Haelga's Bunkhouse
Installed JK's Haelga's Bunkhouse (60085) from JK's Haelga's Bunkhouse-60085-1-1-1-1645417321.zip
Extracting JK's New Gnisis Cornerclub-48293-1-1-0-1638561666.rar -> JK's New Gnisis Cornerclub
Installed JK's New Gnisis Cornerclub (48293) from JK's New Gnisis Cornerclub-48293-1-1-0-1638561666.rar
Extracting JK's Nightgate Inn-161218-1-0-0-1762461071.rar -> JK's Nightgate Inn
Installed JK's Nightgate Inn (161218) from JK's Nightgate Inn-161218-1-0-0-1762461071.rar
Extracting JK's Radiant Raiment-44858-1-0-4-1747525985.7z -> JK's Radiant Raiment
Installed JK's Radiant Raiment (44858) from JK's Radiant Raiment-44858-1-0-4-1747525985.7z
Extracting JK's Sadris Used Wares-47942-1-0-1-1635026346.zip -> JK's Sadri's Used Wares
Installed JK's Sadri's Used Wares (47942) from JK's Sadris Used Wares-47942-1-0-1-1635026346.zip
Extracting JK's Silver-Blood Inn-53554-1-0-2-1735730528.rar -> JK's Silver-Blood Inn
Installed JK's Silver-Blood Inn (53554) from JK's Silver-Blood Inn-53554-1-0-2-1735730528.rar
Extracting JK's The Bannered Mare-33845-1-1-1-1710284787.rar -> JK's The Bannered Mare
Installed JK's The Bannered Mare (33845) from JK's The Bannered Mare-33845-1-1-1-1710284787.rar
Extracting JK's The Bee and Barb-49516-1-1-1-1653437477.zip -> JK's The Bee and Barb
Installed JK's The Bee and Barb (49516) from JK's The Bee and Barb-49516-1-1-1-1653437477.zip
Extracting JK's The Drunken Huntsman-33783-1-1-0-1736362451.7z -> JK's The Drunken Huntsman
Installed JK's The Drunken Huntsman (33783) from JK's The Drunken Huntsman-33783-1-1-0-1736362451.7z
Extracting JK's The Hag's Cure-54587-1-0-0-1630035234.rar -> JK's The Hag's Cure
Installed JK's The Hag's Cure (54587) from JK's The Hag's Cure-54587-1-0-0-1630035234.rar
Extracting JK's The Pawned Prawn-50135-1-0-1-1622932088.7z -> JK's The Pawned Prawn
Installed JK's The Pawned Prawn (50135) from JK's The Pawned Prawn-50135-1-0-1-1622932088.7z
Extracting JK's The Ragged Flagon-50765-1-0-0-1622811373.rar -> JK's The Ragged Flagon
Installed JK's The Ragged Flagon (50765) from JK's The Ragged Flagon-50765-1-0-0-1622811373.rar
Extracting JK's The Temple of Mara-52724-1-1-1666692164.7z -> JK's The Temple of Mara
Installed JK's The Temple of Mara (52724) from JK's The Temple of Mara-52724-1-1-1666692164.7z
Extracting JK's The Winking Skeever-43991-1-6-0-1752975864.7z -> JK's The Winking Skeever
Installed JK's The Winking Skeever (43991) from JK's The Winking Skeever-43991-1-6-0-1752975864.7z
Extracting JK's Warmaiden's Harvestable Statics Patch-33685-1-2-0-1622951217.7z -> JK's Warmaiden's
Installed JK's Warmaiden's (33685) from JK's Warmaiden's Harvestable Statics Patch-33685-1-2-0-1622951217.7z
Extracting JK's White Phial-47713-1-1-1-1617829339.rar -> JK's White Phial
Installed JK's White Phial (47713) from JK's White Phial-47713-1-1-1-1617829339.rar
Extracting JK's Blue Palace-45324-2-0-2-1746160267.7z -> JK's Blue Palace
Installed JK's Blue Palace (45324) from JK's Blue Palace-45324-2-0-2-1746160267.7z
Extracting JK's Candlehearth Hall-45617-1-0-0-1613177179.rar -> JK's Candlehearth Hall
Installed JK's Candlehearth Hall (45617) from JK's Candlehearth Hall-45617-1-0-0-1613177179.rar
Extracting JK's Dragonsreach-34000-1-1-3-1736020134.7z -> JK's Dragonsreach
Installed JK's Dragonsreach (34000) from JK's Dragonsreach-34000-1-1-3-1736020134.7z
Extracting JK's Mistveil Keep-52462-1-0-2-1632027714.7z -> JK's Mistveil Keep
Installed JK's Mistveil Keep (52462) from JK's Mistveil Keep-52462-1-0-2-1632027714.7z
Extracting JK's Palace of the Kings-48902-1-2-0-1637911630.7z -> JK's Palace of the Kings
Installed JK's Palace of the Kings (48902) from JK's Palace of the Kings-48902-1-2-0-1637911630.7z
Extracting JK's Temple of Dibella-56371-1-0-0-1633391770.rar -> JK's Temple of Dibella
Installed JK's Temple of Dibella (56371) from JK's Temple of Dibella-56371-1-0-0-1633391770.rar
Extracting JK's Temple of Kynareth-56737-1-0-0-1634924579.rar -> JK's Temple of Kynareth
Installed JK's Temple of Kynareth (56737) from JK's Temple of Kynareth-56737-1-0-0-1634924579.rar
Extracting JK's Temple of Talos-56971-1-1-1637910811.7z -> JK's Temple of Talos
Installed JK's Temple of Talos (56971) from JK's Temple of Talos-56971-1-1-1637910811.7z
Extracting JK's Temple of the Divines-57304-1-2-0-1657588680.rar -> JK's Temple of the Divines
Installed JK's Temple of the Divines (57304) from JK's Temple of the Divines-57304-1-2-0-1657588680.rar
Extracting JK's Understone Keep-55571-1-1-2-1645417899.zip -> JK's Understone Keep
Installed JK's Understone Keep (55571) from JK's Understone Keep-55571-1-1-2-1645417899.zip
Extracting JK's Castle Dour-74309-1-3-1-1745938155.7z -> JK's Castle Dour
Installed JK's Castle Dour (74309) from JK's Castle Dour-74309-1-3-1-1745938155.7z
Extracting JK's Castle Volkihar-116314-1-1-2-1715478966.7z -> JK's Castle Volkihar
Installed JK's Castle Volkihar (116314) from JK's Castle Volkihar-116314-1-1-2-1715478966.7z
Extracting JK's College of Winterhold-65676-1-1-1685005336.7z -> JK's College of Winterhold
Installed JK's College of Winterhold (65676) from JK's College of Winterhold-65676-1-1-1685005336.7z
Extracting JK's Dark Brotherhood Sanctuary-121950-1-1-1-1781076950.rar -> JK's Dark Brotherhood Sanctuaries
Installed JK's Dark Brotherhood Sanctuaries (121950) from JK's Dark Brotherhood Sanctuary-121950-1-1-1-1781076950.rar
Extracting JK's Fort Dawnguard-110645-1-0-3-1753727561.7z -> JK's Fort Dawnguard
Installed JK's Fort Dawnguard (110645) from JK's Fort Dawnguard-110645-1-0-3-1753727561.7z
Extracting JK's Jorrvaskr-60738-1-1-4-1663303892.7z -> JK's Jorrvaskr
Installed JK's Jorrvaskr (60738) from JK's Jorrvaskr-60738-1-1-4-1663303892.7z
Extracting JK's Nightingale Hall-128116-1-0-0-1727984346.rar -> JK's Nightingale Hall
Installed JK's Nightingale Hall (128116) from JK's Nightingale Hall-128116-1-0-0-1727984346.rar
Extracting JK's Sky Haven Temple-63039-1-0-1-1724012643.7z -> JK's Sky Haven Temple
Installed JK's Sky Haven Temple (63039) from JK's Sky Haven Temple-63039-1-0-1-1724012643.7z
Extracting JK's The Bards College-71054-1-0-3-1659371534.zip -> JK's The Bards College
Installed JK's The Bards College (71054) from JK's The Bards College-71054-1-0-3-1659371534.zip
Extracting JK's Thieves Guild-133787-1-0-2-1752976104.7z -> JK's Thieves Guild HQ
Installed JK's Thieves Guild HQ (133787) from JK's Thieves Guild-133787-1-0-2-1752976104.7z
Extracting JK's Whiterun Outskirts-78351-1-6-2-1754255259.7z -> JK's Whiterun Outskirts
Installed JK's Whiterun Outskirts (78351) from JK's Whiterun Outskirts-78351-1-6-2-1754255259.7z
Extracting JK's Windhelm Outskirts-86975-1-1-3-1745722409.7z -> JK's Windhelm Outskirts
Installed JK's Windhelm Outskirts (86975) from JK's Windhelm Outskirts-86975-1-1-3-1745722409.7z
Extracting JK's Riften Outskirts-90864-1-1-1706043663.rar -> JK's Riften Outskirts
Installed JK's Riften Outskirts (90864) from JK's Riften Outskirts-90864-1-1-1706043663.rar
Extracting JK's Markarth Outskirts-93006-1-0-0-1689342381.rar -> JK's Markarth Outskirts
Installed JK's Markarth Outskirts (93006) from JK's Markarth Outskirts-93006-1-0-0-1689342381.rar
Extracting JK's Sinderion's Field Laboratory-68154-1-1-3-1752535788.7z -> JK's Sinderion's Field Laboratory
Installed JK's Sinderion's Field Laboratory (68154) from JK's Sinderion's Field Laboratory-68154-1-1-3-1752535788.7z
Extracting JK's Septimus Signus's Outpost-66915-1-0-2-1752975553.7z -> JK's Septimus Signus's Outpost
Installed JK's Septimus Signus's Outpost (66915) from JK's Septimus Signus's Outpost-66915-1-0-2-1752975553.7z
Extracting JK's Riverfall Cottage Family Edition-34542-1-1-5-1743293652.7z -> JK's Riverfall Cottage
Installed JK's Riverfall Cottage (34542) from JK's Riverfall Cottage Family Edition-34542-1-1-5-1743293652.7z
Extracting Ryn's Farms-72305-2-0-1684909101.rar -> Ryn's Farms
Installed Ryn's Farms (72305) from Ryn's Farms-72305-2-0-1684909101.rar
Extracting Ryn's Standing Stones-64969-1-8-1751548823.rar -> Ryn's Standing Stones
Installed Ryn's Standing Stones (64969) from Ryn's Standing Stones-64969-1-8-1751548823.rar
Ryn's Dragon Mounds (85647): install ESL modules or AIO ESP from archive.
Extracting Ryn's Alchemist's Shack-71485-1-5-1682914282.rar -> Ryn's Alchemist's Shack
Installed Ryn's Alchemist's Shack (71485) from Ryn's Alchemist's Shack-71485-1-5-1682914282.rar
Extracting Ryn's Anise's Cabin-75056-1-5-1682919510.rar -> Ryn's Anise's Cabin
Installed Ryn's Anise's Cabin (75056) from Ryn's Anise's Cabin-75056-1-5-1682919510.rar
Extracting Ryn's Azura's Shrine-86592-1-3-1719563532.rar -> Ryn's Azura's Shrine
Installed Ryn's Azura's Shrine (86592) from Ryn's Azura's Shrine-86592-1-3-1719563532.rar
Extracting Ryn's Bleak Falls Barrow-70984-1-0-1657312876.rar -> Ryn's Bleak Falls Barrow
Installed Ryn's Bleak Falls Barrow (70984) from Ryn's Bleak Falls Barrow-70984-1-0-1657312876.rar
Extracting Ryn's Bleakwind Basin-73141-1-1-1661092859.rar -> Ryn's Bleakwind Basin
Installed Ryn's Bleakwind Basin (73141) from Ryn's Bleakwind Basin-73141-1-1-1661092859.rar
Extracting Ryn's Goldenglow Estate-72926-1-7-1711778921.7z -> Ryn's Goldenglow Estate
Installed Ryn's Goldenglow Estate (72926) from Ryn's Goldenglow Estate-72926-1-7-1711778921.7z
Extracting Ryn's Halted Stream Camp-73907-1-5-1682870397.rar -> Ryn's Halted Stream Camp
Installed Ryn's Halted Stream Camp (73907) from Ryn's Halted Stream Camp-73907-1-5-1682870397.rar
Extracting Ryn's Karthspire-77059-1-6-1694061510.rar -> Ryn's Karthspire
Installed Ryn's Karthspire (77059) from Ryn's Karthspire-77059-1-6-1694061510.rar
Extracting Ryn's Lost Valley Redoubt-102676-2-0-1711780456.rar -> Ryn's Lost Valley Redoubt
Installed Ryn's Lost Valley Redoubt (102676) from Ryn's Lost Valley Redoubt-102676-2-0-1711780456.rar
Extracting Ryn's Lund's Hut-75304-1-0-1663132608.rar -> Ryn's Lund's Hut
Installed Ryn's Lund's Hut (75304) from Ryn's Lund's Hut-75304-1-0-1663132608.rar
Extracting Ryn's Lumber Mills-115134-1-0-1711563749.rar -> Ryn's Lumber Mills
Installed Ryn's Lumber Mills (115134) from Ryn's Lumber Mills-115134-1-0-1711563749.rar
Extracting Ryn's Mehrunes Dagon's Shrine-88451-1-0-1680598287.rar -> Ryn's Mehrunes Dagon's Shrine
Installed Ryn's Mehrunes Dagon's Shrine (88451) from Ryn's Mehrunes Dagon's Shrine-88451-1-0-1680598287.rar
Extracting Ryn's Mistwatch Folly-79739-1-1-1711778475.7z -> Ryn's Mistwatch Folly
Installed Ryn's Mistwatch Folly (79739) from Ryn's Mistwatch Folly-79739-1-1-1711778475.7z
Extracting Ryn's Saarthal-74785-1-1-1662968008.rar -> Ryn's Saarthal
Installed Ryn's Saarthal (74785) from Ryn's Saarthal-74785-1-1-1662968008.rar
Extracting Ryn's Secunda's Kiss-73265-1-0-1660353976.rar -> Ryn's Secunda's Kiss
Installed Ryn's Secunda's Kiss (73265) from Ryn's Secunda's Kiss-73265-1-0-1660353976.rar
Extracting Ryn's Ustengrav-86149-1-0-1677805315.rar -> Ryn's Ustengrav
Installed Ryn's Ustengrav (86149) from Ryn's Ustengrav-86149-1-0-1677805315.rar
Extracting Ryn's Valtheim Towers-63761-1-2-1645224164.rar -> Ryn's Valtheim Towers
Installed Ryn's Valtheim Towers (63761) from Ryn's Valtheim Towers-63761-1-2-1645224164.rar
Extracting Ryn's Western Watchtower-74070-1-5-1711779028.7z -> Ryn's Western Watchtower
Installed Ryn's Western Watchtower (74070) from Ryn's Western Watchtower-74070-1-5-1711779028.7z
Extracting Ryn's Riverwood Trader-89113-1-01-1681343791.rar -> Ryn's Riverwood Trader
Installed Ryn's Riverwood Trader (89113) from Ryn's Riverwood Trader-89113-1-01-1681343791.rar
Extracting Ryn's Sleeping Giant Inn-89519-1-0-1681833901.rar -> Ryn's Sleeping Giant Inn
Installed Ryn's Sleeping Giant Inn (89519) from Ryn's Sleeping Giant Inn-89519-1-0-1681833901.rar
Extracting Ryn's Alvor and Sigrid's House-89187-1-0-1681433221.rar -> Ryn's Alvor and Sigrid's House
Installed Ryn's Alvor and Sigrid's House (89187) from Ryn's Alvor and Sigrid's House-89187-1-0-1681433221.rar
Extracting Ryn's Faendal's House-89222-1-1-1681739402.rar -> Ryn's Faendal's House
Installed Ryn's Faendal's House (89222) from Ryn's Faendal's House-89222-1-1-1681739402.rar
Extracting Ryn's Hod and Gerdur's House-89297-1-0-1681579822.rar -> Ryn's Hod and Gerdur's House
Extract verification failed for 'Ryn's Hod and Gerdur's House': 9 file(s) on disk but expected ESP like: *Hod*; min 
files: 1. Use MO2 FOMOD install instead.
At D:\Skyrim AI Modlist\anvil-successor\scripts\Mo2ProfileGuardrails.ps1:590 char:13
+             throw "Extract verification failed for '$FolderName': $co ...
+             ~~~~~~~~~~~~~~~~~~~~~~~~~~~~~~~~~~~~~~~~~~~~~~~~~~~~~~~~~
    + CategoryInfo          : OperationStopped: (Extract verific...nstall instead.:String) [], RuntimeException
    + FullyQualifiedErrorId : Extract verification failed for 'Ryn's Hod and Gerdur's House': 9 file(s) on disk but ex 
   pected ESP like: *Hod*; min files: 1. Use MO2 FOMOD install instead.
 
