=== JK + Ryn stack install (task-0043) ===
[preflight] MO2 closed.
Extracting Jk's Angeline's Aromatics-44482-1-0-0-1610939190.rar -> JK's Angeline's Aromatics
Installed JK's Angeline's Aromatics (44482) from Jk's Angeline's Aromatics-44482-1-0-0-1610939190.rar
Extracting JK's Arcadia's Cauldron-33565-1-01-1654058766.zip -> JK's Arcadia's Cauldron
Installed JK's Arcadia's Cauldron (33565) from JK's Arcadia's Cauldron-33565-1-01-1654058766.zip
Extracting JK's Arnleif and Sons Trading Company-54166-1-0-1-1656370137.7z -> JK's Arnleif and Sons Trading Company
Installed JK's Arnleif and Sons Trading Company (54166) from JK's Arnleif and Sons Trading Company-54166-1-0-1-1656370137.7z
Extracting JK's Belethor's General Goods.-33636-1-1-0-1584494034.rar -> JK's Belethor's General Goods
Installed JK's Belethor's General Goods (33636) from JK's Belethor's General Goods.-33636-1-1-0-1584494034.rar
Extracting JK's Bits and Pieces-44642-1-0-0-1611364361.rar -> JK's Bits and Pieces
Installed JK's Bits and Pieces (44642) from JK's Bits and Pieces-44642-1-0-0-1611364361.rar
Extracting JK's Elgrims Elixirs-49934-1-1-1669545585.zip -> JK's Elgrim's Elixirs
Installed JK's Elgrim's Elixirs (49934) from JK's Elgrims Elixirs-49934-1-1-1669545585.zip
Extracting JK's Haelga's Bunkhouse-60085-1-1-1-1645417321.zip -> JK's Haelga's Bunkhouse
Installed JK's Haelga's Bunkhouse (60085) from JK's Haelga's Bunkhouse-60085-1-1-1-1645417321.zip
Extracting JK's New Gnisis Cornerclub-48293-1-1-0-1638561666.rar -> JK's New Gnisis Cornerclub
Installed JK's New Gnisis Cornerclub (48293) from JK's New Gnisis Cornerclub-48293-1-1-0-1638561666.rar
Extracting JK's Nightgate Inn-161218-1-0-0-1762461071.rar -> JK's Nightgate Inn
Installed JK's Nightgate Inn (161218) from JK's Nightgate Inn-161218-1-0-0-1762461071.rar
Extracting JK's Radiant Raiment-44858-1-0-4-1747525985.7z -> JK's Radiant Raiment
Installed JK's Radiant Raiment (44858) from JK's Radiant Raiment-44858-1-0-4-1747525985.7z
Extracting JK's Sadris Used Wares-47942-1-0-1-1635026346.zip -> JK's Sadri's Used Wares
Installed JK's Sadri's Used Wares (47942) from JK's Sadris Used Wares-47942-1-0-1-1635026346.zip
Extracting JK's Silver-Blood Inn-53554-1-0-2-1735730528.rar -> JK's Silver-Blood Inn
Installed JK's Silver-Blood Inn (53554) from JK's Silver-Blood Inn-53554-1-0-2-1735730528.rar
Extracting JK's The Bannered Mare-33845-1-1-1-1710284787.rar -> JK's The Bannered Mare
Installed JK's The Bannered Mare (33845) from JK's The Bannered Mare-33845-1-1-1-1710284787.rar
Extracting JK's The Bee and Barb-49516-1-1-1-1653437477.zip -> JK's The Bee and Barb
Installed JK's The Bee and Barb (49516) from JK's The Bee and Barb-49516-1-1-1-1653437477.zip
Extracting JK's The Drunken Huntsman-33783-1-1-0-1736362451.7z -> JK's The Drunken Huntsman
Installed JK's The Drunken Huntsman (33783) from JK's The Drunken Huntsman-33783-1-1-0-1736362451.7z
Extracting JK's The Hag's Cure-54587-1-0-0-1630035234.rar -> JK's The Hag's Cure
Installed JK's The Hag's Cure (54587) from JK's The Hag's Cure-54587-1-0-0-1630035234.rar
Extracting JK's The Pawned Prawn-50135-1-0-1-1622932088.7z -> JK's The Pawned Prawn
Installed JK's The Pawned Prawn (50135) from JK's The Pawned Prawn-50135-1-0-1-1622932088.7z
Extracting JK's The Ragged Flagon-50765-1-0-0-1622811373.rar -> JK's The Ragged Flagon
Installed JK's The Ragged Flagon (50765) from JK's The Ragged Flagon-50765-1-0-0-1622811373.rar
Extracting JK's The Temple of Mara-52724-1-1-1666692164.7z -> JK's The Temple of Mara
Installed JK's The Temple of Mara (52724) from JK's The Temple of Mara-52724-1-1-1666692164.7z
Extracting JK's The Winking Skeever-43991-1-6-0-1752975864.7z -> JK's The Winking Skeever
Installed JK's The Winking Skeever (43991) from JK's The Winking Skeever-43991-1-6-0-1752975864.7z
Extracting JK's Warmaiden's Harvestable Statics Patch-33685-1-2-0-1622951217.7z -> JK's Warmaiden's
Installed JK's Warmaiden's (33685) from JK's Warmaiden's Harvestable Statics Patch-33685-1-2-0-1622951217.7z
Extracting JK's White Phial-47713-1-1-1-1617829339.rar -> JK's White Phial
Installed JK's White Phial (47713) from JK's White Phial-47713-1-1-1-1617829339.rar
Extracting JK's Blue Palace-45324-2-0-2-1746160267.7z -> JK's Blue Palace
Installed JK's Blue Palace (45324) from JK's Blue Palace-45324-2-0-2-1746160267.7z
Extracting JK's Candlehearth Hall-45617-1-0-0-1613177179.rar -> JK's Candlehearth Hall
Installed JK's Candlehearth Hall (45617) from JK's Candlehearth Hall-45617-1-0-0-1613177179.rar
Extracting JK's Dragonsreach-34000-1-1-3-1736020134.7z -> JK's Dragonsreach
Installed JK's Dragonsreach (34000) from JK's Dragonsreach-34000-1-1-3-1736020134.7z
Extracting JK's Mistveil Keep-52462-1-0-2-1632027714.7z -> JK's Mistveil Keep
Installed JK's Mistveil Keep (52462) from JK's Mistveil Keep-52462-1-0-2-1632027714.7z
Extracting JK's Palace of the Kings-48902-1-2-0-1637911630.7z -> JK's Palace of the Kings
Installed JK's Palace of the Kings (48902) from JK's Palace of the Kings-48902-1-2-0-1637911630.7z
Extracting JK's Temple of Dibella-56371-1-0-0-1633391770.rar -> JK's Temple of Dibella
Installed JK's Temple of Dibella (56371) from JK's Temple of Dibella-56371-1-0-0-1633391770.rar
Extracting JK's Temple of Kynareth-56737-1-0-0-1634924579.rar -> JK's Temple of Kynareth
Installed JK's Temple of Kynareth (56737) from JK's Temple of Kynareth-56737-1-0-0-1634924579.rar
Extracting JK's Temple of Talos-56971-1-1-1637910811.7z -> JK's Temple of Talos
Installed JK's Temple of Talos (56971) from JK's Temple of Talos-56971-1-1-1637910811.7z
Extracting JK's Temple of the Divines-57304-1-2-0-1657588680.rar -> JK's Temple of the Divines
Installed JK's Temple of the Divines (57304) from JK's Temple of the Divines-57304-1-2-0-1657588680.rar
Extracting JK's Understone Keep-55571-1-1-2-1645417899.zip -> JK's Understone Keep
Installed JK's Understone Keep (55571) from JK's Understone Keep-55571-1-1-2-1645417899.zip
Extracting JK's Castle Dour-74309-1-3-1-1745938155.7z -> JK's Castle Dour
Installed JK's Castle Dour (74309) from JK's Castle Dour-74309-1-3-1-1745938155.7z
Extracting JK's Castle Volkihar-116314-1-1-2-1715478966.7z -> JK's Castle Volkihar
Installed JK's Castle Volkihar (116314) from JK's Castle Volkihar-116314-1-1-2-1715478966.7z
Extracting JK's College of Winterhold-65676-1-1-1685005336.7z -> JK's College of Winterhold
Installed JK's College of Winterhold (65676) from JK's College of Winterhold-65676-1-1-1685005336.7z
Extracting JK's Dark Brotherhood Sanctuary-121950-1-1-1-1781076950.rar -> JK's Dark Brotherhood Sanctuaries
Installed JK's Dark Brotherhood Sanctuaries (121950) from JK's Dark Brotherhood Sanctuary-121950-1-1-1-1781076950.rar
Extracting JK's Fort Dawnguard-110645-1-0-3-1753727561.7z -> JK's Fort Dawnguard
Installed JK's Fort Dawnguard (110645) from JK's Fort Dawnguard-110645-1-0-3-1753727561.7z
Extracting JK's Jorrvaskr-60738-1-1-4-1663303892.7z -> JK's Jorrvaskr
Installed JK's Jorrvaskr (60738) from JK's Jorrvaskr-60738-1-1-4-1663303892.7z
Extracting JK's Nightingale Hall-128116-1-0-0-1727984346.rar -> JK's Nightingale Hall
Installed JK's Nightingale Hall (128116) from JK's Nightingale Hall-128116-1-0-0-1727984346.rar
Extracting JK's Sky Haven Temple-63039-1-0-1-1724012643.7z -> JK's Sky Haven Temple
Installed JK's Sky Haven Temple (63039) from JK's Sky Haven Temple-63039-1-0-1-1724012643.7z
Extracting JK's The Bards College-71054-1-0-3-1659371534.zip -> JK's The Bards College
Installed JK's The Bards College (71054) from JK's The Bards College-71054-1-0-3-1659371534.zip
Extracting JK's Thieves Guild-133787-1-0-2-1752976104.7z -> JK's Thieves Guild HQ
Installed JK's Thieves Guild HQ (133787) from JK's Thieves Guild-133787-1-0-2-1752976104.7z
Extracting JK's Whiterun Outskirts-78351-1-6-2-1754255259.7z -> JK's Whiterun Outskirts
Installed JK's Whiterun Outskirts (78351) from JK's Whiterun Outskirts-78351-1-6-2-1754255259.7z
Extracting JK's Windhelm Outskirts-86975-1-1-3-1745722409.7z -> JK's Windhelm Outskirts
Installed JK's Windhelm Outskirts (86975) from JK's Windhelm Outskirts-86975-1-1-3-1745722409.7z
Extracting JK's Riften Outskirts-90864-1-1-1706043663.rar -> JK's Riften Outskirts
Installed JK's Riften Outskirts (90864) from JK's Riften Outskirts-90864-1-1-1706043663.rar
Extracting JK's Markarth Outskirts-93006-1-0-0-1689342381.rar -> JK's Markarth Outskirts
Installed JK's Markarth Outskirts (93006) from JK's Markarth Outskirts-93006-1-0-0-1689342381.rar
Extracting JK's Sinderion's Field Laboratory-68154-1-1-3-1752535788.7z -> JK's Sinderion's Field Laboratory
Installed JK's Sinderion's Field Laboratory (68154) from JK's Sinderion's Field Laboratory-68154-1-1-3-1752535788.7z
Extracting JK's Septimus Signus's Outpost-66915-1-0-2-1752975553.7z -> JK's Septimus Signus's Outpost
Installed JK's Septimus Signus's Outpost (66915) from JK's Septimus Signus's Outpost-66915-1-0-2-1752975553.7z
Extracting JK's Riverfall Cottage Family Edition-34542-1-1-5-1743293652.7z -> JK's Riverfall Cottage
Installed JK's Riverfall Cottage (34542) from JK's Riverfall Cottage Family Edition-34542-1-1-5-1743293652.7z
Extracting Ryn's Farms-72305-2-0-1684909101.rar -> Ryn's Farms
Installed Ryn's Farms (72305) from Ryn's Farms-72305-2-0-1684909101.rar
Extracting Ryn's Standing Stones-64969-1-8-1751548823.rar -> Ryn's Standing Stones
Installed Ryn's Standing Stones (64969) from Ryn's Standing Stones-64969-1-8-1751548823.rar
Ryn's Dragon Mounds (85647): install ESL modules or AIO ESP from archive.
Extracting Ryn's Alchemist's Shack-71485-1-5-1682914282.rar -> Ryn's Alchemist's Shack
Installed Ryn's Alchemist's Shack (71485) from Ryn's Alchemist's Shack-71485-1-5-1682914282.rar
Extracting Ryn's Anise's Cabin-75056-1-5-1682919510.rar -> Ryn's Anise's Cabin
Installed Ryn's Anise's Cabin (75056) from Ryn's Anise's Cabin-75056-1-5-1682919510.rar
Extracting Ryn's Azura's Shrine-86592-1-3-1719563532.rar -> Ryn's Azura's Shrine
Installed Ryn's Azura's Shrine (86592) from Ryn's Azura's Shrine-86592-1-3-1719563532.rar
Extracting Ryn's Bleak Falls Barrow-70984-1-0-1657312876.rar -> Ryn's Bleak Falls Barrow
Installed Ryn's Bleak Falls Barrow (70984) from Ryn's Bleak Falls Barrow-70984-1-0-1657312876.rar
Extracting Ryn's Bleakwind Basin-73141-1-1-1661092859.rar -> Ryn's Bleakwind Basin
Installed Ryn's Bleakwind Basin (73141) from Ryn's Bleakwind Basin-73141-1-1-1661092859.rar
Extracting Ryn's Goldenglow Estate-72926-1-7-1711778921.7z -> Ryn's Goldenglow Estate
Installed Ryn's Goldenglow Estate (72926) from Ryn's Goldenglow Estate-72926-1-7-1711778921.7z
Extracting Ryn's Halted Stream Camp-73907-1-5-1682870397.rar -> Ryn's Halted Stream Camp
Installed Ryn's Halted Stream Camp (73907) from Ryn's Halted Stream Camp-73907-1-5-1682870397.rar
Extracting Ryn's Karthspire-77059-1-6-1694061510.rar -> Ryn's Karthspire
Installed Ryn's Karthspire (77059) from Ryn's Karthspire-77059-1-6-1694061510.rar
Extracting Ryn's Lost Valley Redoubt-102676-2-0-1711780456.rar -> Ryn's Lost Valley Redoubt
Installed Ryn's Lost Valley Redoubt (102676) from Ryn's Lost Valley Redoubt-102676-2-0-1711780456.rar
Extracting Ryn's Lund's Hut-75304-1-0-1663132608.rar -> Ryn's Lund's Hut
Installed Ryn's Lund's Hut (75304) from Ryn's Lund's Hut-75304-1-0-1663132608.rar
Extracting Ryn's Lumber Mills-115134-1-0-1711563749.rar -> Ryn's Lumber Mills
Installed Ryn's Lumber Mills (115134) from Ryn's Lumber Mills-115134-1-0-1711563749.rar
Extracting Ryn's Mehrunes Dagon's Shrine-88451-1-0-1680598287.rar -> Ryn's Mehrunes Dagon's Shrine
Installed Ryn's Mehrunes Dagon's Shrine (88451) from Ryn's Mehrunes Dagon's Shrine-88451-1-0-1680598287.rar
Extracting Ryn's Mistwatch Folly-79739-1-1-1711778475.7z -> Ryn's Mistwatch Folly
Installed Ryn's Mistwatch Folly (79739) from Ryn's Mistwatch Folly-79739-1-1-1711778475.7z
Extracting Ryn's Saarthal-74785-1-1-1662968008.rar -> Ryn's Saarthal
Installed Ryn's Saarthal (74785) from Ryn's Saarthal-74785-1-1-1662968008.rar
Extracting Ryn's Secunda's Kiss-73265-1-0-1660353976.rar -> Ryn's Secunda's Kiss
Installed Ryn's Secunda's Kiss (73265) from Ryn's Secunda's Kiss-73265-1-0-1660353976.rar
Extracting Ryn's Ustengrav-86149-1-0-1677805315.rar -> Ryn's Ustengrav
Installed Ryn's Ustengrav (86149) from Ryn's Ustengrav-86149-1-0-1677805315.rar
Extracting Ryn's Valtheim Towers-63761-1-2-1645224164.rar -> Ryn's Valtheim Towers
Installed Ryn's Valtheim Towers (63761) from Ryn's Valtheim Towers-63761-1-2-1645224164.rar
Extracting Ryn's Western Watchtower-74070-1-5-1711779028.7z -> Ryn's Western Watchtower
Installed Ryn's Western Watchtower (74070) from Ryn's Western Watchtower-74070-1-5-1711779028.7z
Extracting Ryn's Riverwood Trader-89113-1-01-1681343791.rar -> Ryn's Riverwood Trader
Installed Ryn's Riverwood Trader (89113) from Ryn's Riverwood Trader-89113-1-01-1681343791.rar
Extracting Ryn's Sleeping Giant Inn-89519-1-0-1681833901.rar -> Ryn's Sleeping Giant Inn
Installed Ryn's Sleeping Giant Inn (89519) from Ryn's Sleeping Giant Inn-89519-1-0-1681833901.rar
Extracting Ryn's Alvor and Sigrid's House-89187-1-0-1681433221.rar -> Ryn's Alvor and Sigrid's House
Installed Ryn's Alvor and Sigrid's House (89187) from Ryn's Alvor and Sigrid's House-89187-1-0-1681433221.rar
Extracting Ryn's Faendal's House-89222-1-1-1681739402.rar -> Ryn's Faendal's House
Installed Ryn's Faendal's House (89222) from Ryn's Faendal's House-89222-1-1-1681739402.rar
Extracting Ryn's Hod and Gerdur's House-89297-1-0-1681579822.rar -> Ryn's Hod and Gerdur's House
Installed Ryn's Hod and Gerdur's House (89297) from Ryn's Hod and Gerdur's House-89297-1-0-1681579822.rar
Extracting Ryn's Sven and Hilde's House-89236-1-0-1681508525.rar -> Ryn's Sven's and Hilde's House
Installed Ryn's Sven's and Hilde's House (89236) from Ryn's Sven and Hilde's House-89236-1-0-1681508525.rar
Extracting Ryn's Whiterun City Limits-65661-2-6-1691117221.rar -> Ryn's Whiterun City Limits
Installed Ryn's Whiterun City Limits (65661) from Ryn's Whiterun City Limits-65661-2-6-1691117221.rar
35910 JK Interiors Patch Collection -> flatten all applicable ESPs; enable by master check : extracting patch hub.
61416 JK Guild HQ Patch Collection -> flatten all applicable ESPs : extracting patch hub.
78920 Whiterun Exteriors -> JK Outskirts + Ryn City Limits + CWE + Spaghetti Whiterun combo patches : extracting patch hub.
87964 Windhelm Outskirts -> Ryn Farms patch : extracting patch hub.
91642 Riften Outskirts -> Ryn Farms patch : extracting patch hub.
95750 Markarth Outskirts -> stack patches (no Ryn Farms patch) : extracting patch hub.
73778 Ryn Official Patch Hub -> flatten applicable patches : extracting patch hub.
128196 Ryn community patch collection -> flatten applicable patches : extracting patch hub.
76913 Ryn Standing Stones patches : extracting patch hub.
89511 Ryn Riverwood patches : extracting patch hub.
Successor block: 87 mod line(s) before separator.
Enabled plugin: JK's Angelines Aromatics.esp
Enabled plugin: JK's Arcadia's Cauldron.esp
Enabled plugin: JK's Arnleif and Sons Trading Company.esp
Enabled plugin: JK's Belethor's General Goods.esp
Enabled plugin: JK's Bits and Pieces.esp
Enabled plugin: JK's Elgrims Elixirs.esp
Enabled plugin: JK's Haelga's Bunkhouse.bsa
Enabled plugin: JK's New Gnisis Cornerclub - Textures.bsa
Enabled plugin: JK's Nightgate Inn.bsa
Enabled plugin: JK's Radiant Raiment.bsa
Enabled plugin: JK's Sadris Used Wares.esp
Enabled plugin: JK's Silver-Blood Inn.esp
Enabled plugin: JK's The Bannered Mare.esp
Enabled plugin: JK's Bee and Barb.esp
Enabled plugin: JKs The Drunken Huntsman.bsa
Enabled plugin: JK's The Hag's Cure.esp
Enabled plugin: JK's The Pawned Prawn.esp
Enabled plugin: JK's The Ragged Flagon.esp
Enabled plugin: JK's Temple of Mara.esp
Enabled plugin: JK's The Winking Skeever.bsa
Enabled plugin: JK's White Phial.esp
Enabled plugin: JK's Blue Palace.bsa
Enabled plugin: JK's Candlehearth Hall.esp
Enabled plugin: JK's Dragonsreach.bsa
Enabled plugin: JK's Mistveil Keep.esp
Enabled plugin: JK's Palace of the Kings.bsa
Enabled plugin: JK's Temple of Dibella.esp
Enabled plugin: JK's Temple of Kynareth.esp
Enabled plugin: JK's Temple of Talos.esp
Enabled plugin: JK's Temple of the Divines.esp
Enabled plugin: JK's Understone Keep.bsa
Enabled plugin: JK's Castle Dour.bsa
Enabled plugin: JK's Castle Volkihar.bsa
Enabled plugin: JK's College of Winterhold - Textures.bsa
Enabled plugin: JK's Dark Brotherhood Sanctuary.bsa
Enabled plugin: JK's Fort Dawnguard.bsa
Enabled plugin: JK's Jorrvaskr.esp
Enabled plugin: JK's Nightingale Hall.esp
Enabled plugin: JK's Sky Haven Temple.bsa
Enabled plugin: JK's The Bards College - Textures.bsa
Enabled plugin: JK's Thieves Guild.bsa
Enabled plugin: JK's Whiterun's Outskirts.bsa
Enabled plugin: JK's Windhelm's Outskirts.bsa
Enabled plugin: JK's Riften Outskirts.bsa
Enabled plugin: JK's Markarth Outskirts.bsa
Enabled plugin: JK's Sinderion's Field Laboratory.bsa
Enabled plugin: JK's Septimus Signus's Outpost.bsa
Enabled plugin: JK's Riverfall Cottage.bsa
Enabled plugin: meta.ini
Enabled plugin: BleakFallsReCovered.esp
Enabled plugin: Ryn's Dragon Mounds AIO.esp
Deferred plugin (missing masters): JKs Warmaiden's Harvestable Statics.esp
Enabled plugin: JK's Elgrims Elixirs - Dawn of Skyrim Patch.esp
Enabled plugin: JK's Sinderion's Field Laboratory - USMP Patch.esp
Enabled plugin: JKs Angelines Aromatics - USSEP Patch.esp
Enabled plugin: JKs Arcadias Cauldron - Bow of Shadows Patch.esp
Enabled plugin: JKs Arcadias Cauldron - USSEP Patch.esp
Enabled plugin: JKs Arnleif and Sons - Rugnarok patch.esp
Enabled plugin: JKs Arnleif and Sons - SPO Patch.esp
Enabled plugin: JKs Bannered Mare - Immersion Patch.esp
Enabled plugin: JKs Bannered Mare - SPO Patch.esp
Enabled plugin: JKs Bee and Barb - Embers XD Patch.esp
Enabled plugin: JKs Belethors General Goods - Rugnarok patch.esp
Enabled plugin: JKs Bits and Pieces - Rugnarok patch.esp
Enabled plugin: JKs Bits and Pieces - USSEP Patch.esp
Enabled plugin: JKs Blue Palace - Immersion Patch.esp
Enabled plugin: JKs Blue Palace - Nature of the Wildlands patch.esp
Enabled plugin: JKs Candlehearth Hall - Capital Windhelm Expansion patch.esp
Enabled plugin: JKs Candlehearth Hall - Embers XD Patch.esp
Enabled plugin: JKs Candlehearth Hall - Rugnarok patch.esp
Enabled plugin: JKs Candlehearth Hall - Spaghetti Cities AIO patch.esp
Enabled plugin: JKs Candlehearth Hall - SPO Patch.esp
Enabled plugin: JKs Dragonsreach - Rudy HQ Miscellaneous Patch.esp
Enabled plugin: JKs Drunken Huntsman - Civil War Champions Patch.esp
Enabled plugin: JKs Drunken Huntsman - USSEP Patch.esp
Enabled plugin: JKs Elgrims Elixirs - Bee and Barb Patch.esp
Enabled plugin: JKs Elgrims Elixirs - Embers XD Patch.esp
Enabled plugin: JKs Elgrims Elixirs - Rugnarok patch.esp
Enabled plugin: JKs Elgrims Elixirs - SPO Patch.esp
Enabled plugin: JKs Haelgas Bunkhouse - Rugnarok patch.esp
Enabled plugin: JKs Haelgas Bunkhouse - SPO patch.esp
Enabled plugin: JKs Hags Cure - Embers XD Patch.esp
Enabled plugin: JKs Mistveil Keep - Aspens Ablaze patch.esp
Enabled plugin: JKs Mistveil Keep - Embers XD Patch.esp
Enabled plugin: JKs New Gnisis Cornerclub - Capital Windhelm Expansion patch.esp
Enabled plugin: JKs New Gnisis Cornerclub - Rugnarok patch.esp
Enabled plugin: JKs Nightgate Inn - CC Alternative Iron Armors patch.esp
Enabled plugin: JKs Nightgate Inn - Embers XD (regular) patch.esp
Enabled plugin: JKs Nightgate Inn - Spaghetti Towns AIO patch.esp
Enabled plugin: JKs Palace of the Kings - Capital Windhelm Expansion patch.esp
Enabled plugin: JKs Palace of the Kings - Civil War Champions patch.esp
Enabled plugin: JKs Palace of the Kings - Embers XD Patch.esp
Enabled plugin: JKs Palace of the Kings - LAWF patch.esp
Enabled plugin: JKs Palace of the Kings - SPO Patch.esp
Enabled plugin: JKs Palace of the Kings - USSEP Patch.esp
Enabled plugin: JKs Pawned Prawn - Embers XD Patch.esp
Enabled plugin: JKs Pawned Prawn - Rugnarok patch.esp
Enabled plugin: JKs Pawned Prawn - SPO Patch.esp
Enabled plugin: JKs Radiant Raiment - Immersion Patch.esp
Enabled plugin: JKs Ragged Flagon - Aspens Ablaze patch.esp
Enabled plugin: JKs Ragged Flagon - Embers XD Patch.esp
Enabled plugin: JKs Ragged Flagon - USSEP Patch.esp
Enabled plugin: JKs Sadris Used Wares - Nekos ceiling and beams fixes (SFCO compatible).esp
Enabled plugin: JKs Sadris Used Wares - Rugnarok patch.esp
Enabled plugin: JKs Silver-Blood Inn - Alt Dwarven Plate Patch.esp
Enabled plugin: JKs Silver-Blood Inn - Embers XD Patch.esp
Enabled plugin: JKs Silver-Blood Inn - Immersion patch.esp
Enabled plugin: JKs Silver-Blood Inn - Spell Knight Armor Patch.esp
Enabled plugin: JKs Sinderions Field Laboratory - CC - Fishing patch.esp
Enabled plugin: JKs Temple of Dibella - New Dibella Statues Patch.esp
Enabled plugin: JKs Temple of Dibella - SPO Patch.esp
Enabled plugin: JKs Temple of Mara - Aspen Patch.esp
Enabled plugin: JKs Temple of Mara - Nature of the Wild Lands patch.esp
Enabled plugin: JKs Temple of Mara - Rugnarok patch.esp
Enabled plugin: JKs Temple of Mara - SPO Patch.esp
Enabled plugin: JKs Temple of Talos - Capital Windhelm Expansion patch.esp
Enabled plugin: JKs Temple of Talos - Ulvenwald patch.esp
Enabled plugin: JKs Temple of Talos - USSEP patch.esp
Enabled plugin: JKs Temple of the Divines - Alt Leather Armor Patch.esp
Enabled plugin: JKs Temple of the Divines - Nature of the Wild Lands patch.esp
Enabled plugin: JKs Temple of the Divines - Rugnarok patch.esp
Enabled plugin: JKs Temple of the Divines - SPO patch.esp
Enabled plugin: JKs Temple of the Divines - USSEP Patch.esp
Enabled plugin: JKs Understone Keep - Embers XD Patch.esp
Enabled plugin: JKs Understone Keep - Tree patch.esp
Enabled plugin: JKs Understone Keep - USSEP patch.esp
Enabled plugin: JKs White Phial - Embers XD Patch.esp
Enabled plugin: JKs White Phial - Rugnarok patch.esp
Enabled plugin: JKs White Phial - SPO Patch.esp
Enabled plugin: JKs Winking Skeever - Alternate Start Mods Patch.esp
Enabled plugin: JKs Winking Skeever - Fishing Patch.esp
Enabled plugin: JKs Winking Skeever - Immersion Patch.esp
Enabled plugin: JKs Winking Skeever - Nature of the Wild Lands patch.esp
Enabled plugin: JKs Winking Skeever - SPO Lux patch.esp
Enabled plugin: JKs Winking Skeever - SPO patch.esp
Enabled plugin: JKs Winking Skeever - USSEP Patch.esp
Enabled plugin: meta.ini
Deferred plugin (missing masters): JKs Angelines Aromatics - AI Overhaul Patch.esp
Deferred plugin (missing masters): JKs Angelines Aromatics - Art Imports patch.esp
Deferred plugin (missing masters): JKs Angelines Aromatics - ELFX patch.esp
Deferred plugin (missing masters): JKs Angelines Aromatics - Enhanced Solitude Patch.esp
Deferred plugin (missing masters): JKs Angelines Aromatics - SFCO Patch.esp
Deferred plugin (missing masters): JKs Angelines Aromatics - Tamrielic Culture patch.esp
Deferred plugin (missing masters): JKs Arcadias Cauldron - AI Overhaul Patch.esp
Deferred plugin (missing masters): JKs Arcadias Cauldron - Art Imports patch.esp
Deferred plugin (missing masters): JKs Arcadias Cauldron - Ashe patch.esp
Deferred plugin (missing masters): JKs Arcadias Cauldron - Cheesemod Patch.esp
Deferred plugin (missing masters): JKs Arcadias Cauldron - EasierRiders Dungeon Pack Patch.esp
Deferred plugin (missing masters): JKs Arcadias Cauldron - ELFX Patch.esp
Deferred plugin (missing masters): JKs Arcadias Cauldron - SFCO Patch.esp
Deferred plugin (missing masters): JKs Arcadias Cauldron - Tamrielic Culture patch.esp
Deferred plugin (missing masters): JKs Arnleif and Sons - AI Overhaul Patch.esp
Deferred plugin (missing masters): JKs Arnleif and Sons - Art Imports patch.esp
Deferred plugin (missing masters): JKs Arnleif and Sons - Cheesemod Patch.esp
Deferred plugin (missing masters): JKs Arnleif and Sons - ELFX Patch.esp
Deferred plugin (missing masters): JKs Arnleif and Sons - ESO Imports patch.esp
Deferred plugin (missing masters): JKs Arnleif and Sons - LOTD Patch.esp
Deferred plugin (missing masters): JKs Arnleif and Sons - SFCO Patch.esp
Deferred plugin (missing masters): JKs Arnleif and Sons - Sounds of Skyrim patch.esp
Deferred plugin (missing masters): JKs Arnleif and Sons - SUT Patch.esp
Deferred plugin (missing masters): JKs Arnleif and Sons - Treasure Hunt Patch.esp
Deferred plugin (missing masters): JKs Bannered Mare - AI Overhaul patch.esp
Deferred plugin (missing masters): JKs Bannered Mare - Art Imports patch.esp
Deferred plugin (missing masters): JKs Bannered Mare - Ashe patch.esp
Deferred plugin (missing masters): JKs Bannered Mare - Banshis Decorations patch.esp
Deferred plugin (missing masters): JKs Bannered Mare - Dawn of Skyrim Patch.esp
Deferred plugin (missing masters): JKs Bannered Mare - ELFX patch.esp
Deferred plugin (missing masters): JKs Bannered Mare - Gourmet Tables patch.esp
Deferred plugin (missing masters): JKs Bannered Mare - Immersive Citizens Patch.esp
Deferred plugin (missing masters): JKs Bannered Mare - Jesper the Guard patch.esp
Deferred plugin (missing masters): JKs Bannered Mare - KIC Patch.esp
Deferred plugin (missing masters): JKs Bannered Mare - Rigmor of Bruma patch.esp
Deferred plugin (missing masters): JKs Bannered Mare - SFCO Patch.esp
Deferred plugin (missing masters): JKs Bannered Mare - Skyrim Unique Drinks Patch.esp
Deferred plugin (missing masters): JKs Bannered Mare - Tamrielic Culture patch.esp
Deferred plugin (missing masters): JKs Bee and Barb - 3DNPC Patch.esp
Deferred plugin (missing masters): JKs Bee and Barb - AI Overhaul Patch.esp
Deferred plugin (missing masters): JKs Bee and Barb - Art Imports patch.esp
Deferred plugin (missing masters): JKs Bee and Barb - Ashe patch.esp
Deferred plugin (missing masters): JKs Bee and Barb - Banshis Decorations patch.esp
Deferred plugin (missing masters): JKs Bee and Barb - CAS patch.esp
Deferred plugin (missing masters): JKs Bee and Barb - Dawnguard Sentries patch.esp
Deferred plugin (missing masters): JKs Bee and Barb - DoS Patch.esp
Deferred plugin (missing masters): JKs Bee and Barb - ELFX Patch.esp
Deferred plugin (missing masters): JKs Bee and Barb - Elgrims Elixirs - Brotherhood of Old Patch.esp
Deferred plugin (missing masters): JKs Bee and Barb - Elgrims Elixirs - Skyrim Underground - Brotherhood of Old Patch.esp
Deferred plugin (missing masters): JKs Bee and Barb - Elgrims Elixirs - Skyrim Underground Patch.esp
Deferred plugin (missing masters): Jks Bee and Barb - ESO Imports patch.esp
Deferred plugin (missing masters): JKs Bee and Barb - ezPG patch.esp
Deferred plugin (missing masters): JKs Bee and Barb - Gourmet Tables Patch.esp
Deferred plugin (missing masters): JKs Bee and Barb - Helgen Reborn Patch.esp
Deferred plugin (missing masters): JKs Bee and Barb - Immersive Wenches Patch.esp
Deferred plugin (missing masters): JKs Bee and Barb - KIC patch.esp
Deferred plugin (missing masters): JKs Bee and Barb - Mythos patch.esp
Deferred plugin (missing masters): JKs Bee and Barb - PCE Patch.esp
Deferred plugin (missing masters): JKs Bee and Barb - Rigmor Patch.esp
Deferred plugin (missing masters): JKs Bee and Barb - SFCO Patch.esp
Deferred plugin (missing masters): JKs Bee and Barb - Skyrim Underground - Brotherhood of Old Patch.esp
Deferred plugin (missing masters): JKs Bee and Barb - Skyrim Underground Patch.esp
Deferred plugin (missing masters): JKs Bee and Barb - Tamrielic Culture patch.esp
Deferred plugin (missing masters): JKs Bee and Barb - The Brotherhood of Old Patch.esp
Deferred plugin (missing masters): JKs Bee and Barb - Vigilant patch.esp
Deferred plugin (missing masters): JKs Belethors General Goods - AI Overhaul Patch.esp
Deferred plugin (missing masters): JKs Belethors General Goods - Art Imports patch.esp
Deferred plugin (missing masters): JKs Belethors General Goods - ELFX Patch.esp
Deferred plugin (missing masters): JKs Belethors General Goods - Immersive Citizens Patch.esp
Deferred plugin (missing masters): JKs Belethors General Goods - SFCO Patch.esp
Deferred plugin (missing masters): JKs Belethors General Goods - SUT Patch.esp
Deferred plugin (missing masters): JKs Belethors General Goods - Tamrielic Culture patch.esp
Deferred plugin (missing masters): JKs Bits and Pieces - AI Overhaul Patch.esp
Deferred plugin (missing masters): JKs Bits and Pieces - Cheesemod Patch.esp
Deferred plugin (missing masters): JKs Bits and Pieces - ELFX Patch.esp
Deferred plugin (missing masters): JKs Bits and Pieces - LOTD Patch.esp
Deferred plugin (missing masters): JKs Bits and Pieces - Tamrielic Culture patch.esp
Deferred plugin (missing masters): JKs Blue Palace - 3DNPC - SFCO Patch.esp
Deferred plugin (missing masters): JKs Blue Palace - 3DNPC Patch.esp
Deferred plugin (missing masters): JKs Blue Palace - A Cats Life patch.esp
Deferred plugin (missing masters): JKs Blue Palace - ACE Patch.esp
Deferred plugin (missing masters): JKs Blue Palace - AI Overhaul Patch.esp
Deferred plugin (missing masters): JKs Blue Palace - Amulets of Skyrim patch.esp
Deferred plugin (missing masters): JKs Blue Palace - Animated Armory Patch.esp
Deferred plugin (missing masters): JKs Blue Palace - Art Imports Patch.esp
Deferred plugin (missing masters): JKs Blue Palace - AYOP TG patch.esp
Deferred plugin (missing masters): JKs Blue Palace - BGCollectables Patch.esp
Deferred plugin (missing masters): JKs Blue Palace - Blue Palace Garden patch.esp
Deferred plugin (missing masters): JKs Blue Palace - CACO patch.esp
Deferred plugin (missing masters): JKs Blue Palace - Cheesemod Patch.esp
Deferred plugin (missing masters): JKs Blue Palace - DBMCollectors Patch.esp
Deferred plugin (missing masters): JKs Blue Palace - DX Dark Knight Armor and Shield Patch.esp
Deferred plugin (missing masters): JKs Blue Palace - DX Dark Knight Shield Patch.esp
Deferred plugin (missing masters): JKs Blue Palace - ELFX Enhancer patch.esp
Deferred plugin (missing masters): JKs Blue Palace - ELFX Hardcore patch.esp
Deferred plugin (missing masters): JKs Blue Palace - ELFX Patch.esp
Deferred plugin (missing masters): JKs Blue Palace - Enhanced Solitude - LOTD Patch.esp
Deferred plugin (missing masters): JKs Blue Palace - Enhanced Solitude - Solitude Skyway - LOTD Patch.esp
Deferred plugin (missing masters): JKs Blue Palace - Enhanced Solitude - Solitude Skyway Patch.esp
Deferred plugin (missing masters): JKs Blue Palace - Enhanced Solitude Patch.esp
Deferred plugin (missing masters): JKs Blue Palace - ESO Imports patch.esp
Deferred plugin (missing masters): JKs Blue Palace - ICOW Patch.esp
Deferred plugin (missing masters): JKs Blue Palace - Imperial Mail - SSewers consistency patch.esp
Deferred plugin (missing masters): JKs Blue Palace - Imperial Mail patch.esp
Deferred plugin (missing masters): JKs Blue Palace - JKs Skyrim - LOTD - Solitude Skyway Patch.esp
Deferred plugin (missing masters): JKs Blue Palace - JKs Skyrim - LOTD Patch.esp
Deferred plugin (missing masters): JKs Blue Palace - JKs Skyrim - Solitude Skyway Patch.esp
Deferred plugin (missing masters): JKs Blue Palace - JKs Skyrim Patch.esp
Deferred plugin (missing masters): JKs Blue Palace - LoS II Patch.esp
Deferred plugin (missing masters): JKs Blue Palace - Mystic Condenser Patch.esp
Deferred plugin (missing masters): JKs Blue Palace - Red Flame Patch.esp
Deferred plugin (missing masters): JKs Blue Palace - Royal Armory - SFCO patch.esp
Deferred plugin (missing masters): JKs Blue Palace - Royal Armory Patch.esp
Deferred plugin (missing masters): JKs Blue Palace - Royal Armory Replacer patch.esp
Deferred plugin (missing masters): JKs Blue Palace - SFCO Patch.esp
Deferred plugin (missing masters): JKs Blue Palace - Skyrim Sewers Patch.esp
Deferred plugin (missing masters): JKs Blue Palace - Solitude Skyway - LOTD Patch.esp
Deferred plugin (missing masters): JKs Blue Palace - Solitude Skyway Patch.esp
Deferred plugin (missing masters): JKs Blue Palace - Sounds of Skyrim patch.esp
Deferred plugin (missing masters): JKs Blue Palace - SUT Patch.esp
Deferred plugin (missing masters): JKs Blue Palace - Tamrielic Culture Patch.esp
Deferred plugin (missing masters): JKs Blue Palace - Thrones Expanded patch.esp
Deferred plugin (missing masters): JKs Blue Palace - World of Ducky patch.esp
Deferred plugin (missing masters): JKs Candlehearth Hall - 3DNPC - SFCO Patch.esp
Deferred plugin (missing masters): JKs Candlehearth Hall - 3DNPC Patch.esp
Deferred plugin (missing masters): JKs Candlehearth Hall - AI Overhaul Patch.esp
Deferred plugin (missing masters): JKs Candlehearth Hall - Art Imports patch.esp
Deferred plugin (missing masters): JKs Candlehearth Hall - ELFX Enhancer Patch.esp
Deferred plugin (missing masters): JKs Candlehearth Hall - ELFX Hardcore Patch.esp
Deferred plugin (missing masters): JKs Candlehearth Hall - ELFX Patch.esp
Deferred plugin (missing masters): JKs Candlehearth Hall - ESO Imports patch.esp
Deferred plugin (missing masters): JKs Candlehearth Hall - Helgen Reborn Patch.esp
Deferred plugin (missing masters): JKs Candlehearth Hall - Immersive Citizens Patch.esp
Deferred plugin (missing masters): JKs Candlehearth Hall - JKs Skyrim patch.esp
Deferred plugin (missing masters): JKs Candlehearth Hall - KIC Patch.esp
Deferred plugin (missing masters): JKs Candlehearth Hall - Rigmor Patch.esp
Deferred plugin (missing masters): JKs Candlehearth Hall - Second Great War patch.esp
Deferred plugin (missing masters): JKs Candlehearth Hall - SFCO Patch.esp
Deferred plugin (missing masters): JKs Candlehearth Hall - Skyrim Unique Drinks Patch.esp
Deferred plugin (missing masters): JKs Candlehearth Hall - Tamrielic Culture patch.esp
Deferred plugin (missing masters): JKs Dragonsreach - A Cats Life patch.esp
Deferred plugin (missing masters): JKs Dragonsreach - AI Overhaul.esp
Deferred plugin (missing masters): JKs Dragonsreach - Art Imports Patch.esp
Deferred plugin (missing masters): JKs Dragonsreach - Art of Magicka Patch.esp
Deferred plugin (missing masters): JKs Dragonsreach - AYOP TG patch.esp
Deferred plugin (missing masters): JKs Dragonsreach - BGCollectables Patch.esp
Deferred plugin (missing masters): JKs Dragonsreach - Cheesemod Patch.esp
Deferred plugin (missing masters): JKs Dragonsreach - ELFX Enhancer Patch.esp
Deferred plugin (missing masters): JKs Dragonsreach - ELFX Hardcore patch.esp
Deferred plugin (missing masters): JKs Dragonsreach - ELFX Patch.esp
Deferred plugin (missing masters): JKs Dragonsreach - Immersive Citizens Patch.esp
Deferred plugin (missing masters): JKs Dragonsreach - Immersive Wenches Patch.esp
Deferred plugin (missing masters): JKs Dragonsreach - Konahrik Accoutrements Patch.esp
Deferred plugin (missing masters): JKs Dragonsreach - Leviathan Axe patch.esp
Deferred plugin (missing masters): JKs Dragonsreach - Mainland Staff Enchanters patch.esp
Deferred plugin (missing masters): JKs Dragonsreach - Mystic Condenser.esp
Deferred plugin (missing masters): JKs Dragonsreach - Populated Cities and Towns Patch.esp
Deferred plugin (missing masters): JKs Dragonsreach - Relationship Dialogue Overhaul Patch.esp
Deferred plugin (missing masters): JKs Dragonsreach - Relics of Hyrule patch.esp
Deferred plugin (missing masters): JKs Dragonsreach - Requiem patch.esp
Deferred plugin (missing masters): JKs Dragonsreach - ScrollScribe patch.esp
Deferred plugin (missing masters): JKs Dragonsreach - Second Great War Patch.esp
Deferred plugin (missing masters): JKs Dragonsreach - SFCO Patch.esp
Deferred plugin (missing masters): JKs Dragonsreach - SUT patch.esp
Deferred plugin (missing masters): JKs Dragonsreach - Tamrielic Culture Patch.esp
Deferred plugin (missing masters): JKs Dragonsreach - There Is No Umbra patch.esp
Deferred plugin (missing masters): JKs Drunken Huntsman - Art Imports patch.esp
Deferred plugin (missing masters): JKs Drunken Huntsman - ELFX Patch.esp
Deferred plugin (missing masters): JKs Drunken Huntsman - Immersive Citizens Patch.esp
Deferred plugin (missing masters): JKs Drunken Huntsman - Immersive Wenches Patch.esp
Deferred plugin (missing masters): JKs Drunken Huntsman - SFCO Patch.esp
Deferred plugin (missing masters): JKs Drunken Huntsman - Skyrim Unique Drinks Patch.esp
Deferred plugin (missing masters): JKs Elgrims Elixirs - Cheesemod Patch.esp
Deferred plugin (missing masters): JKs Elgrims Elixirs - CRF Patch.esp
Deferred plugin (missing masters): JKs Elgrims Elixirs - ELFX Patch.esp
Deferred plugin (missing masters): JKs Elgrims Elixirs - ESO Imports patch.esp
Deferred plugin (missing masters): JKs Elgrims Elixirs - SFCO Patch.esp
Deferred plugin (missing masters): JKs Elgrims Elixirs - Skyrim Underground - Brotherhood of Old Patch.esp
Deferred plugin (missing masters): JKs Elgrims Elixirs - Skyrim Underground Patch.esp
Deferred plugin (missing masters): JKs Elgrims Elixirs - The Brotherhood of Old Patch.esp
Deferred plugin (missing masters): JKs Haelgas Bunkhouse - 3DNPC patch.esp
Deferred plugin (missing masters): JKs Haelgas Bunkhouse - AI Overhaul patch.esp
Deferred plugin (missing masters): JKs Haelgas Bunkhouse - Animated Armory Patch.esp
Deferred plugin (missing masters): JKs Haelgas Bunkhouse - Art Imports patch.esp
Deferred plugin (missing masters): JKs Haelgas Bunkhouse - Brynjolf Has Time patch.esp
Deferred plugin (missing masters): JKs Haelgas Bunkhouse - DoS patch.esp
Deferred plugin (missing masters): JKs Haelgas Bunkhouse - ELFX Patch.esp
Deferred plugin (missing masters): JKs Haelgas Bunkhouse - ESO Imports Patch.esp
Deferred plugin (missing masters): JKs Haelgas Bunkhouse - JKs Skyrim patch.esp
Deferred plugin (missing masters): JKs Haelgas Bunkhouse - KIC Patch.esp
Deferred plugin (missing masters): JKs Haelgas Bunkhouse - SDA Patch.esp
Deferred plugin (missing masters): JKs Haelgas Bunkhouse - SFCO patch.esp
Deferred plugin (missing masters): JKs Haelgas Bunkhouse - Solitude and Temple Frescoes ESL No Lanterns patch.esp
Deferred plugin (missing masters): JKs Haelgas Bunkhouse - Solitude and Temple Frescoes ESL patch.esp
Deferred plugin (missing masters): JKs Haelgas Bunkhouse - Solitude and Temple Frescoes ESP patch.esp
Deferred plugin (missing masters): JKs Hags Cure - A Cats Life Patch.esp
Deferred plugin (missing masters): JKs Hags Cure - AI Overhaul Patch.esp
Deferred plugin (missing masters): JKs Hags Cure - Art Imports patch.esp
Deferred plugin (missing masters): JKs Hags Cure - Cheesemod Patch.esp
Deferred plugin (missing masters): JKs Hags Cure - ELFX Patch.esp
Deferred plugin (missing masters): JKs Hags Cure - SFCO Patch.esp
Deferred plugin (missing masters): JKs Hags Cure - SUT Patch.esp
Deferred plugin (missing masters): JKs Hags Cure - Tamrielic Culture patch.esp
Deferred plugin (missing masters): JKs Mistveil Keep - 3DNPC Patch.esp
Deferred plugin (missing masters): JKs Mistveil Keep - AI Overhaul Patch.esp
Deferred plugin (missing masters): JKs Mistveil Keep - Animated Armory Patch.esp
Deferred plugin (missing masters): JKs Mistveil Keep - Art Imports Patch.esp
Deferred plugin (missing masters): JKs Mistveil Keep - AYOP TG patch.esp
Deferred plugin (missing masters): JKs Mistveil Keep - BGCollectables Patch.esp
Deferred plugin (missing masters): JKs Mistveil Keep - ELFX Patch.esp
Deferred plugin (missing masters): JKs Mistveil Keep - ESO Imports patch.esp
Deferred plugin (missing masters): JKs Mistveil Keep - Immersive Wenches Patch.esp
Deferred plugin (missing masters): JKs Mistveil Keep - MLU patch.esp
Deferred plugin (missing masters): JKs Mistveil Keep - Mystic Condenser Patch.esp
Deferred plugin (missing masters): JKs Mistveil Keep - RoH patch.esp
Deferred plugin (missing masters): JKs Mistveil Keep - SFCO Patch.esp
Deferred plugin (missing masters): JKs Mistveil Keep - Tamrielic Culture Patch.esp
Deferred plugin (missing masters): JKs New Gnisis Cornerclub - 3DNPC Patch.esp
Deferred plugin (missing masters): JKs New Gnisis Cornerclub - Alternate Start DF patch.esp
Deferred plugin (missing masters): JKs New Gnisis Cornerclub - Alternate Start patch.esp
Deferred plugin (missing masters): JKs New Gnisis Cornerclub - Art Imports patch.esp
Deferred plugin (missing masters): JKs New Gnisis Cornerclub - Ashe patch.esp
Deferred plugin (missing masters): JKs New Gnisis Cornerclub - Cheesemod Patch.esp
Deferred plugin (missing masters): JKs New Gnisis Cornerclub - ELFX Patch.esp
Deferred plugin (missing masters): JKs New Gnisis Cornerclub - Gourmet Patch.esp
Deferred plugin (missing masters): JKs New Gnisis Cornerclub - Gray Quarter Patch.esp
Deferred plugin (missing masters): JKs New Gnisis Cornerclub - Immersive Citizens Patch.esp
Deferred plugin (missing masters): JKs New Gnisis Cornerclub - KIC Patch.esp
Deferred plugin (missing masters): JKs New Gnisis Cornerclub - MLU patch.esp
Deferred plugin (missing masters): JKs New Gnisis Cornerclub - Rigmor Patch.esp
Deferred plugin (missing masters): JKs New Gnisis Cornerclub - SFCO Patch.esp
Deferred plugin (missing masters): JKs New Gnisis Cornerclub - Skyrim Underground Patch.esp
Deferred plugin (missing masters): JKs New Gnisis Cornerclub - Skyrim Unique Drinks Patch.esp
Deferred plugin (missing masters): JKs New Gnisis Cornerclub - Tamrielic Culture patch.esp
Deferred plugin (missing masters): JKs New Gnisis Cornerclub - Windhelm Exterior Altered Patch.esp
Deferred plugin (missing masters): JKs Nightgate Inn - 3DNPC patch.esp
Deferred plugin (missing masters): JKs Nightgate Inn - AI Overhaul patch.esp
Deferred plugin (missing masters): JKs Nightgate Inn - Alternate Start patch.esp
Deferred plugin (missing masters): JKs Nightgate Inn - Art Imports patch.esp
Deferred plugin (missing masters): JKs Nightgate Inn - AYOP DG patch.esp
Deferred plugin (missing masters): JKs Nightgate Inn - Candlehearth patch.esp
Deferred plugin (missing masters): JKs Nightgate Inn - Cheesemod patch.esp
Deferred plugin (missing masters): JKs Nightgate Inn - CRF patch.esp
Deferred plugin (missing masters): JKs Nightgate Inn - ELFX Fixes patch.esp
Deferred plugin (missing masters): JKs Nightgate Inn - ELFX patch.esp
Deferred plugin (missing masters): JKs Nightgate Inn - Embers XD (CRF) patch.esp
Deferred plugin (missing masters): JKs Nightgate Inn - ESO Imports patch.esp
Deferred plugin (missing masters): JKs Nightgate Inn - Fabled Forests patch.esp
Deferred plugin (missing masters): JKs Nightgate Inn - FuzzBeed's Giant Camps (CRF) patch.esp
Deferred plugin (missing masters): JKs Nightgate Inn - FuzzBeed's Giant Camps (regular) patch.esp
Deferred plugin (missing masters): JKs Nightgate Inn - Gourmet Tables patch.esp
Deferred plugin (missing masters): JKs Nightgate Inn - Immersive Citizens patch.esp
Deferred plugin (missing masters): JKs Nightgate Inn - Keep It Clean + Skyrim Underground navpatch.esp
Deferred plugin (missing masters): JKs Nightgate Inn - KIC patch.esp
Deferred plugin (missing masters): JKs Nightgate Inn - Laundry patch.esp
Deferred plugin (missing masters): JKs Nightgate Inn - LOTD patch.esp
Deferred plugin (missing masters): JKs Nightgate Inn - Memorable Bounties (CRF) patch.esp
Deferred plugin (missing masters): JKs Nightgate Inn - Memorable Bounties (regular) patch.esp
Deferred plugin (missing masters): JKs Nightgate Inn - MLU patch.esp
Deferred plugin (missing masters): JKs Nightgate Inn - Mythos patch.esp
Deferred plugin (missing masters): JKs Nightgate Inn - Northern Encounters patch.esp
Deferred plugin (missing masters): JKs Nightgate Inn - NSUTR patch.esp
Deferred plugin (missing masters): JKs Nightgate Inn - Off Limits patch.esp
Deferred plugin (missing masters): JKs Nightgate Inn - Requiem patch.esp
Deferred plugin (missing masters): JKs Nightgate Inn - Second Great War patch.esp
Deferred plugin (missing masters): JKs Nightgate Inn - SFCO patch.esp
Deferred plugin (missing masters): JKs Nightgate Inn - Skyrim Underground patch.esp
Deferred plugin (missing masters): JKs Nightgate Inn - Sounds of Skyrim patch.esp
Deferred plugin (missing masters): JKs Nightgate Inn - SUDs patch.esp
Deferred plugin (missing masters): JKs Nightgate Inn - SUT patch.esp
Deferred plugin (missing masters): JKs Nightgate Inn - Tamrielic Culture patch.esp
Deferred plugin (missing masters): JKs Nightgate Inn - Ulvenwald patch.esp
Deferred plugin (missing masters): JKs Nightgate Inn - Witcher Horses (CRF) patch.esp
Deferred plugin (missing masters): JKs Nightgate Inn - Witcher Horses (regular) patch.esp
Deferred plugin (missing masters): JKs Palace of the Kings - AI Overhaul patch.esp
Deferred plugin (missing masters): JKs Palace of the Kings - Art Imports Patch.esp
Deferred plugin (missing masters): JKs Palace of the Kings - AYOP TG patch.esp
Deferred plugin (missing masters): JKs Palace of the Kings - BGCollectables Patch.esp
Deferred plugin (missing masters): JKs Palace of the Kings - Cheesemod Patch.esp
Deferred plugin (missing masters): JKs Palace of the Kings - Citizens Complete patch.esp
Deferred plugin (missing masters): JKs Palace of the Kings - Civil War Champions - Reduced Cut patch.esp
Deferred plugin (missing masters): JKs Palace of the Kings - Cloaks Patch.esp
Deferred plugin (missing masters): JKs Palace of the Kings - DX Faction Crossbows patch.esp
Deferred plugin (missing masters): JKs Palace of the Kings - EasierRiders Patch.esp
Deferred plugin (missing masters): JKs Palace of the Kings - ELFX Enhancer Patch.esp
Deferred plugin (missing masters): JKs Palace of the Kings - ELFX Hardcore Patch.esp
Deferred plugin (missing masters): JKs Palace of the Kings - ELFX Patch.esp
Deferred plugin (missing masters): JKs Palace of the Kings - ESO Imports patch.esp
Deferred plugin (missing masters): JKs Palace of the Kings - ezPG patch.esp
Deferred plugin (missing masters): JKs Palace of the Kings - GAR Minimal Patch.esp
Deferred plugin (missing masters): JKs Palace of the Kings - GAR Patch.esp
Deferred plugin (missing masters): JKs Palace of the Kings - Handguns of Skyrim patch.esp
Deferred plugin (missing masters): JKs Palace of the Kings - Holidays Patch.esp
Deferred plugin (missing masters): JKs Palace of the Kings - Immersive Citizens Patch.esp
Deferred plugin (missing masters): JKs Palace of the Kings - Inconsequential NPCs patch.esp
Deferred plugin (missing masters): JKs Palace of the Kings - LOSII Windhelm Brazier Replacer Patch.esp
Deferred plugin (missing masters): JKs Palace of the Kings - Populated Cities and Towns Patch.esp
Deferred plugin (missing masters): JKs Palace of the Kings - Second Great War Patch.esp
Deferred plugin (missing masters): JKs Palace of the Kings - SFCO Patch.esp
Deferred plugin (missing masters): JKs Palace of the Kings - Skyrim Sewers Patch.esp
Deferred plugin (missing masters): JKs Palace of the Kings - Sons of Skyrim 3BA ESL patch.esp
Deferred plugin (missing masters): JKs Palace of the Kings - Sons of Skyrim patch.esp
Deferred plugin (missing masters): JKs Palace of the Kings - SUT Patch.esp
Deferred plugin (missing masters): JKs Palace of the Kings - Ursine Armor Patch.esp
Deferred plugin (missing masters): JKs Pawned Prawn - Cheesemod Patch.esp
Deferred plugin (missing masters): JKs Pawned Prawn - ELFX Patch.esp
Deferred plugin (missing masters): JKs Pawned Prawn - ESO Imports patch.esp
Deferred plugin (missing masters): JKs Pawned Prawn - Hrokkva Alchemy Table patch.esp
Deferred plugin (missing masters): JKs Pawned Prawn - LOTD Patch.esp
Deferred plugin (missing masters): JKs Pawned Prawn - PCE Patch.esp
Deferred plugin (missing masters): JKs Pawned Prawn - Store Doorbells patch.esp
Deferred plugin (missing masters): JKs Radiant Raiment - 3DNPC Patch.esp
Deferred plugin (missing masters): JKs Radiant Raiment - Art Imports patch.esp
Deferred plugin (missing masters): JKs Radiant Raiment - Cloaks Patch.esp
Deferred plugin (missing masters): JKs Radiant Raiment - ELFX Patch.esp
Deferred plugin (missing masters): JKs Radiant Raiment - SFCO Patch.esp
Deferred plugin (missing masters): JKs Ragged Flagon - AI Overhaul Patch.esp
Deferred plugin (missing masters): JKs Ragged Flagon - Celes Rogue Patch.esp
Deferred plugin (missing masters): JKs Ragged Flagon - ELFX - Embers XD Patch.esp
Deferred plugin (missing masters): JKs Ragged Flagon - ELFX Patch.esp
Deferred plugin (missing masters): JKs Ragged Flagon - ESO Imports patch.esp
Deferred plugin (missing masters): JKs Ragged Flagon - OTG - ELFX - Embers XD Patch.esp
Deferred plugin (missing masters): JKs Ragged Flagon - OTG - ELFX Patch.esp
Deferred plugin (missing masters): JKs Ragged Flagon - OTG Patch.esp
Deferred plugin (missing masters): JKs Ragged Flagon - RFExit Patch.esp
Deferred plugin (missing masters): JKs Ragged Flagon - RW2 Patch.esp
Deferred plugin (missing masters): JKs Ragged Flagon - Skyrim Unique Drinks Patch.esp
Deferred plugin (missing masters): JKs Ragged Flagon - SUT Patch.esp
Deferred plugin (missing masters): JKs Ragged Flagon - Thieves Guild Ladder patch.esp
Deferred plugin (missing masters): JKs Ragged Flagon - Thieves Guild Ladder USSEP patch.esp
Deferred plugin (missing masters): JKs Riverwood Trader - AYOP TG patch.esp
Deferred plugin (missing masters): JKs Riverwood Trader - BGCollectables patch.esp
Deferred plugin (missing masters): JKs Riverwood Trader - ELFX patch.esp
Deferred plugin (missing masters): JKs Riverwood Trader - Immersive Citizens patch.esp
Deferred plugin (missing masters): JKs Riverwood Trader - Rigmor Patch.esp
Deferred plugin (missing masters): JKs Riverwood Trader - Riverwood Redone patch.esp
Deferred plugin (missing masters): JKs Riverwood Trader - Rugnarok patch.esp
Deferred plugin (missing masters): JKs Riverwood Trader - SFCO patch.esp
Deferred plugin (missing masters): JKs Riverwood Trader - TNOTT Patch.esp
Deferred plugin (missing masters): JKs Sadris Used Wares - 3DNPC Patch.esp
Deferred plugin (missing masters): JKs Sadris Used Wares - ACE Patch.esp
Deferred plugin (missing masters): JKs Sadris Used Wares - Art Imports patch.esp
Deferred plugin (missing masters): JKs Sadris Used Wares - Cheesemod Patch.esp
Deferred plugin (missing masters): JKs Sadris Used Wares - ELFX patch.esp
Deferred plugin (missing masters): JKs Sadris Used Wares - LOTD Patch.esp
Deferred plugin (missing masters): JKs Sadris Used Wares - SFCO Patch.esp
Deferred plugin (missing masters): JKs Sadris Used Wares - SUT Patch.esp
Deferred plugin (missing masters): JKs Sadris Used Wares - Tamrielic Culture patch.esp
Deferred plugin (missing masters): JKs Septimus Signus Outpost - BGCollectables Patch.esp
Deferred plugin (missing masters): JKs Septimus Signus Outpost - DK Realistic Nord Ships patch.esp
Deferred plugin (missing masters): JKs Septimus Signus Outpost - DX Demon Armor Patch.esp
Deferred plugin (missing masters): JKs Septimus Signus Outpost - ELFX Patch.esp
Deferred plugin (missing masters): JKs Septimus Signus Outpost - ESO Imports Patch.esp
Deferred plugin (missing masters): JKs Septimus Signus Outpost - LOTD Patch.esp
Deferred plugin (missing masters): JKs Septimus Signus Outpost - MLU Patch.esp
Deferred plugin (missing masters): JKs Septimus Signus Outpost - SIC Patch.esp
Deferred plugin (missing masters): JKs Septimus Signus Outpost - World of Ducky patch.esp
Deferred plugin (missing masters): JKs Silver-Blood Inn - 3DNPC Patch.esp
Deferred plugin (missing masters): JKs Silver-Blood Inn - AI Overhaul Patch.esp
Deferred plugin (missing masters): JKs Silver-Blood Inn - Art Imports patch.esp
Deferred plugin (missing masters): JKs Silver-Blood Inn - Ashe patch.esp
Deferred plugin (missing masters): JKs Silver-Blood Inn - ELFX Patch.esp
Deferred plugin (missing masters): JKs Silver-Blood Inn - ESO Imports patch.esp
Deferred plugin (missing masters): JKs Silver-Blood Inn - Gourmet Tables patch.esp
Deferred plugin (missing masters): JKs Silver-Blood Inn - Immersive Citizens Patch.esp
Deferred plugin (missing masters): JKs Silver-Blood Inn - KIC patch.esp
Deferred plugin (missing masters): JKs Silver-Blood Inn - LOTD Patch.esp
Deferred plugin (missing masters): JKs Silver-Blood Inn - SFCO Patch.esp
Deferred plugin (missing masters): JKs Silver-Blood Inn - Skyrim Unique Drinks Patch.esp
Deferred plugin (missing masters): JKs Silver-Blood Inn - Tamrielic Culture patch.esp
Deferred plugin (missing masters): JKs Silver-Blood Inn - The Brotherhood of Old Patch.esp
Deferred plugin (missing masters): JKs Sinderions Field Laboratory - Alchemical Treatise patch.esp
Deferred plugin (missing masters): JKs Sinderions Field Laboratory - Alternate Start patch.esp
Deferred plugin (missing masters): JKs Sinderions Field Laboratory - Art Imports patch.esp
Deferred plugin (missing masters): JKs Sinderions Field Laboratory - CACO patch.esp
Deferred plugin (missing masters): JKs Sinderions Field Laboratory - Crimson Nirnroot Satchel patch.esp
Deferred plugin (missing masters): JKs Sinderions Field Laboratory - ELFX patch.esp
Deferred plugin (missing masters): JKs Sinderions Field Laboratory - Fyr Manor patch.esp
Deferred plugin (missing masters): JKs Sinderions Field Laboratory - Leviathan Axe patch.esp
Deferred plugin (missing masters): JKs Sinderions Field Laboratory - LOTD patch.esp
Deferred plugin (missing masters): JKs Sinderions Field Laboratory - Mystic Condenser patch.esp
Deferred plugin (missing masters): JKs Sinderions Field Laboratory - Second Great War patch.esp
Deferred plugin (missing masters): JKs Sinderions Field Laboratory - SFCO patch.esp
Deferred plugin (missing masters): JKs Sinderions Field Laboratory - Tamrielic Culture patch.esp
Deferred plugin (missing masters): JKs Sinderions Field Laboratory - The Blackest Reaches.esp
Deferred plugin (missing masters): JKs Sleeping Giant Inn - 3DNPC Patch.esp
Deferred plugin (missing masters): JKs Sleeping Giant Inn - AI Overhaul SSE Patch.esp
Deferred plugin (missing masters): JKs Sleeping Giant Inn - Art Imports patch.esp
Deferred plugin (missing masters): JKs Sleeping Giant Inn - Ashe patch.esp
Deferred plugin (missing masters): JKs Sleeping Giant Inn - Cheesemod Patch.esp
Deferred plugin (missing masters): JKs Sleeping Giant Inn - ELFX Fixes Patch.esp
Deferred plugin (missing masters): JKs Sleeping Giant Inn - ELFX Patch.esp
Deferred plugin (missing masters): JKs Sleeping Giant Inn - Embers XD Patch.esp
Deferred plugin (missing masters): JKs Sleeping Giant Inn - Immersive Citizens patch.esp
Deferred plugin (missing masters): JKs Sleeping Giant Inn - KIC Patch.esp
Deferred plugin (missing masters): JKs Sleeping Giant Inn - M'rissi patch.esp
Deferred plugin (missing masters): JKs Sleeping Giant Inn - Populated Cities and Towns Patch.esp
Deferred plugin (missing masters): JKs Sleeping Giant Inn - Populated Skyrim Legendary.esp
Deferred plugin (missing masters): JKs Sleeping Giant Inn - Riverwood Redone Lux patch.esp
Deferred plugin (missing masters): JKs Sleeping Giant Inn - Riverwood Redone patch.esp
Deferred plugin (missing masters): JKs Sleeping Giant Inn - SFCO Patch.esp
Deferred plugin (missing masters): JKs Sleeping Giant Inn - Skyrim Unique Drinks Patch.esp
Deferred plugin (missing masters): JKs Sleeping Giant Inn - SPO Patch.esp
Deferred plugin (missing masters): JKs Sleeping Giant Inn - Tamrielic Culture Patch.esp
Deferred plugin (missing masters): JKs Sleeping Giant Inn - TNOTT Patch.esp
Deferred plugin (missing masters): JKs Sleeping Giant Inn - WiZkiD Alchemy Table patch.esp
Deferred plugin (missing masters): JKs Temple of Dibella - ACE Patch.esp
Deferred plugin (missing masters): JKs Temple of Dibella - AI Overhaul - Priest Vendors patch.esp
Deferred plugin (missing masters): JKs Temple of Dibella - AI Overhaul patch.esp
Deferred plugin (missing masters): JKs Temple of Dibella - ELFX Patch.esp
Deferred plugin (missing masters): JKs Temple of Dibella - Oblivion Artifact Pack Patch.esp
Deferred plugin (missing masters): JKs Temple of Dibella - Priest Vendors patch.esp
Deferred plugin (missing masters): JKs Temple of Dibella - Relighting Skyrim Patch.esp
Deferred plugin (missing masters): JKs Temple of Dibella - Solitude and Temple Frescoes ESL No Lanterns patch.esp
Deferred plugin (missing masters): JKs Temple of Dibella - Solitude and Temple Frescoes ESL patch.esp
Deferred plugin (missing masters): JKs Temple of Dibella - Solitude and Temple Frescoes ESP patch.esp
Deferred plugin (missing masters): JKs Temple of Dibella - SUT Patch.esp
Deferred plugin (missing masters): JKs Temple of Kynareth - 3DNPC patch.esp
Deferred plugin (missing masters): JKs Temple of Kynareth - BGCollectables patch.esp
Deferred plugin (missing masters): JKs Temple of Kynareth - Cheesemod Patch.esp
Deferred plugin (missing masters): JKs Temple of Kynareth - Easierriders Dungeon Pack Patch.esp
Deferred plugin (missing masters): JKs Temple of Kynareth - ELFX Patch.esp
Deferred plugin (missing masters): JKs Temple of Kynareth - Emfy Cleric Patch.esp
Deferred plugin (missing masters): JKs Temple of Kynareth - ESO Imports patch.esp
Deferred plugin (missing masters): JKs Temple of Kynareth - Immersive Citizens patch.esp
Deferred plugin (missing masters): JKs Temple of Kynareth - Konahrik Accoutrements patch.esp
Deferred plugin (missing masters): JKs Temple of Kynareth - Oblivion Artifacts patch.esp
Deferred plugin (missing masters): JKs Temple of Kynareth - Solitude and Temple Frescoes ESL patch.esp
Deferred plugin (missing masters): JKs Temple of Kynareth - Solitude and Temple Frescoes ESP patch.esp
Deferred plugin (missing masters): JKs Temple of Kynareth - SUT patch.esp
Deferred plugin (missing masters): JKs Temple of Kynareth - Tamrielic Culture patch.esp
Deferred plugin (missing masters): JKs Temple of Mara - 3DNPC Patch.esp
Deferred plugin (missing masters): JKs Temple of Mara - AI Overhaul Patch.esp
Deferred plugin (missing masters): JKs Temple of Mara - Celes Mercy Patch.esp
Deferred plugin (missing masters): JKs Temple of Mara - ELFX Patch.esp
Deferred plugin (missing masters): JKs Temple of Mara - ESO Imports patch.esp
Deferred plugin (missing masters): JKs Temple of Mara - Marriage Mod Patch.esp
Deferred plugin (missing masters): JKs Temple of Mara - Oblivion Artifacts Patch.esp
Deferred plugin (missing masters): JKs Temple of Mara - Rigmor Patch.esp
Deferred plugin (missing masters): JKs Temple of Mara - SFCO Patch.esp
Deferred plugin (missing masters): JKs Temple of Mara - Solitude and Temple Frescoes ESL No Lanterns patch.esp
Deferred plugin (missing masters): JKs Temple of Mara - Solitude and Temple Frescoes ESL patch.esp
Deferred plugin (missing masters): JKs Temple of Mara - Solitude and Temple Frescoes ESP patch.esp
Deferred plugin (missing masters): JKs Temple of Mara - SUT Patch.esp
Deferred plugin (missing masters): JKs Temple of Mara - TBoO Patch.esp
Deferred plugin (missing masters): JKs Temple of Mara - TGR Patch.esp
Deferred plugin (missing masters): JKs Temple of Talos - 3DNPC patch.esp
Deferred plugin (missing masters): JKs Temple of Talos - ACE Patch.esp
Deferred plugin (missing masters): JKs Temple of Talos - AI Overhaul patch.esp
Deferred plugin (missing masters): JKs Temple of Talos - Ambriel patch.esp
Deferred plugin (missing masters): JKs Temple of Talos - Art Imports patch.esp
Deferred plugin (missing masters): JKs Temple of Talos - Cheesemod Patch.esp
Deferred plugin (missing masters): JKs Temple of Talos - Cloaks of Skyrim patch.esp
Deferred plugin (missing masters): JKs Temple of Talos - ELFX Patch.esp
Deferred plugin (missing masters): JKs Temple of Talos - ESO Imports Patch.esp
Deferred plugin (missing masters): JKs Temple of Talos - Immersive Citizens Patch.esp
Deferred plugin (missing masters): JKs Temple of Talos - New Beginnings patch.esp
Deferred plugin (missing masters): JKs Temple of Talos - Oblivion Artifacts patch.esp
Deferred plugin (missing masters): JKs Temple of Talos - PCE patch.esp
Deferred plugin (missing masters): JKs Temple of Talos - Second Great War patch.esp
Deferred plugin (missing masters): JKs Temple of Talos - SFCO patch.esp
Deferred plugin (missing masters): JKs Temple of Talos - Solitude and Temple Frescoes ESL No Lanterns patch.esp
Deferred plugin (missing masters): JKs Temple of Talos - Solitude and Temple Frescoes ESL patch.esp
Deferred plugin (missing masters): JKs Temple of Talos - Solitude and Temple Frescoes ESP No Lanterns patch.esp
Deferred plugin (missing masters): JKs Temple of Talos - Solitude and Temple Frescoes ESP patch.esp
Deferred plugin (missing masters): JKs Temple of Talos - Solitude and Temple Frescoes SSE patch.esp
Deferred plugin (missing masters): JKs Temple of the Divines - 3DNPC Patch.esp
Deferred plugin (missing masters): JKs Temple of the Divines - After the Civil War patch.esp
Deferred plugin (missing masters): JKs Temple of the Divines - Ambriel patch.esp
Deferred plugin (missing masters): JKs Temple of the Divines - Aran di Kono Patch.esp
Deferred plugin (missing masters): JKs Temple of the Divines - AYOP TG patch.esp
Deferred plugin (missing masters): JKs Temple of the Divines - Breton Paladin patch.esp
Deferred plugin (missing masters): JKs Temple of the Divines - Cheesemod Patch.esp
Deferred plugin (missing masters): JKs Temple of the Divines - ELFX Patch.esp
Deferred plugin (missing masters): JKs Temple of the Divines - Enhanced Solitude Patch.esp
Deferred plugin (missing masters): JKs Temple of the Divines - Fyr Manor patch.esp
Deferred plugin (missing masters): JKs Temple of the Divines - Immersive Citizens (SFCO) patch.esp
Deferred plugin (missing masters): JKs Temple of the Divines - Immersive Citizens patch.esp
Deferred plugin (missing masters): JKs Temple of the Divines - LOTD patch.esp
Deferred plugin (missing masters): JKs Temple of the Divines - Oblivion Artifacts patch.esp
Deferred plugin (missing masters): JKs Temple of the Divines - Pilgrim patch.esp
Deferred plugin (missing masters): JKs Temple of the Divines - SFCO patch.esp
Deferred plugin (missing masters): JKs Temple of the Divines - Skyrim Sewers patch.esp
Deferred plugin (missing masters): JKs Temple of the Divines - SUT patch.esp
Deferred plugin (missing masters): JKs Understone Keep - 3DNPC.esp
Deferred plugin (missing masters): JKs Understone Keep - Additional Hearthfire Dolls Patch.esp
Deferred plugin (missing masters): JKs Understone Keep - AI Overhaul patch.esp
Deferred plugin (missing masters): JKs Understone Keep - Amulets of Skyrim patch.esp
Deferred plugin (missing masters): JKs Understone Keep - Art Imports Patch.esp
Deferred plugin (missing masters): JKs Understone Keep - Cheesemod Patch.esp
Deferred plugin (missing masters): JKs Understone Keep - ELFX Enhancer Patch.esp
Deferred plugin (missing masters): JKs Understone Keep - ELFX Fixes Patch.esp
Deferred plugin (missing masters): JKs Understone Keep - ELFX Hardcore patch.esp
Deferred plugin (missing masters): JKs Understone Keep - ELFX patch.esp
Deferred plugin (missing masters): JKs Understone Keep - ESO Imports patch.esp
Deferred plugin (missing masters): JKs Understone Keep - GAR patch.esp
Deferred plugin (missing masters): JKs Understone Keep - Immersive Citizens patch.esp
Deferred plugin (missing masters): JKs Understone Keep - Immersive Jewelry patch.esp
Deferred plugin (missing masters): JKs Understone Keep - Immersive Wenches Patch.esp
Deferred plugin (missing masters): JKs Understone Keep - Leviathan Axe patch.esp
Deferred plugin (missing masters): JKs Understone Keep - Mainland Staff Enchanters patch.esp
Deferred plugin (missing masters): JKs Understone Keep - Morrowloot Miscellania Patch.esp
Deferred plugin (missing masters): JKs Understone Keep - Mystic Condenser patch.esp
Deferred plugin (missing masters): JKs Understone Keep - Second Great War Patch.esp
Deferred plugin (missing masters): JKs Understone Keep - SFCO patch.esp
Deferred plugin (missing masters): JKs Understone Keep - Skyrim Underground - Zulfardin Patch.esp
Deferred plugin (missing masters): JKs Understone Keep - Skyrim Underground Patch.esp
Deferred plugin (missing masters): JKs Understone Keep - Tamrielic Culture Patch.esp
Deferred plugin (missing masters): JKs Understone Keep - Zulfardin patch.esp
Deferred plugin (missing masters): JKs Warmaidens - ELFX patch.esp
Deferred plugin (missing masters): JKs Warmaidens - Immersive Citizens Patch.esp
Deferred plugin (missing masters): JKs White Phial - ELFX Patch.esp
Deferred plugin (missing masters): JKs White Phial - SFCO Patch.esp
Deferred plugin (missing masters): JKs White Phial - Zims Immersive Artifacts Patch.esp
Deferred plugin (missing masters): JKs Winking Skeever - 3DNPC (SFCO) patch.esp
Deferred plugin (missing masters): JKs Winking Skeever - 3DNPC - SFCO Patch.esp
Deferred plugin (missing masters): JKs Winking Skeever - 3DNPC Patch.esp
Deferred plugin (missing masters): JKs Winking Skeever - AI Overhaul Patch.esp
Deferred plugin (missing masters): JKs Winking Skeever - Art Imports patch.esp
Deferred plugin (missing masters): JKs Winking Skeever - Ashe patch.esp
Deferred plugin (missing masters): JKs Winking Skeever - Banshis Decorations patch.esp
Deferred plugin (missing masters): JKs Winking Skeever - Brotherhood of Old Patch.esp
Deferred plugin (missing masters): JKs Winking Skeever - CAS patch.esp
Deferred plugin (missing masters): JKs Winking Skeever - Cheesemod Patch.esp
Deferred plugin (missing masters): JKs Winking Skeever - ELFX Fixes Patch.esp
Deferred plugin (missing masters): JKs Winking Skeever - ELFX patch.esp
Deferred plugin (missing masters): JKs Winking Skeever - Enhanced Solitude Patch.esp
Deferred plugin (missing masters): JKs Winking Skeever - Fishing (SFCO) patch.esp
Deferred plugin (missing masters): JKs Winking Skeever - Fishing - SFCO patch.esp
Deferred plugin (missing masters): JKs Winking Skeever - Holidays patch.esp
Deferred plugin (missing masters): JKs Winking Skeever - Immersive Citizens (SFCO) patch.esp
Deferred plugin (missing masters): JKs Winking Skeever - Immersive Citizens - SFCO patch.esp
Deferred plugin (missing masters): JKs Winking Skeever - Immersive Citizens patch.esp
Deferred plugin (missing masters): JKs Winking Skeever - Khajiit Will Follow patch.esp
Deferred plugin (missing masters): JKs Winking Skeever - KIC Lux patch.esp
Deferred plugin (missing masters): JKs Winking Skeever - KIC Patch.esp
Deferred plugin (missing masters): JKs Winking Skeever - SFCO Patch.esp
Deferred plugin (missing masters): JKs Winking Skeever - Skyrim Sewers Patch.esp
Deferred plugin (missing masters): JKs Winking Skeever - Skyrim Unique Drinks Patch.esp
Deferred plugin (missing masters): JKs Winking Skeever - SUT patch.esp
Deferred plugin (missing masters): JKs Winking Skeever - Tamrielic Culture patch.esp
Deferred plugin (missing masters): JKs Winking Skeever - Thieves Guild Requirements Patch.esp
Deferred plugin (missing masters): JKs Winking Skeever - Undeath - SSewers Patch.esp
Deferred plugin (missing masters): JKs Winking Skeever - Undeath Patch.esp
Deferred plugin (missing masters): JKs Winking Skeever - Xelzaz patch.esp
Enabled plugin: JKs Bards College - SPO patch.esp
Enabled plugin: JKs Bards College - USSEP patch.esp
Enabled plugin: JKs Castle Dour - Nature of the Wild Lands patch.esp
Enabled plugin: JKs Castle Dour - New Legion patch.esp
Enabled plugin: JKs Castle Dour - Redbags Solitude patch.esp
Enabled plugin: JKs Castle Dour - SPO Patch.esp
Enabled plugin: JKs Castle Volkihar - Book Covers Skyrim patch.esp
Enabled plugin: JKs Castle Volkihar - CC Fishing patch.esp
Enabled plugin: JKs Castle Volkihar - Disable armory lean marker.esp
Enabled plugin: JKs Castle Volkihar - Embers XD patch.esp
Enabled plugin: JKs Castle Volkihar - LAWF patch.esp
Enabled plugin: JKs Castle Volkihar - Nature of the Wild Lands patch.esp
Enabled plugin: JKs College of Winterhold - Aspens Ablaze patch.esp
Enabled plugin: JKs College of Winterhold - CC - Goldbrand Patch.esp
Enabled plugin: JKs College of Winterhold - HLT patch.esp
Enabled plugin: JKs College of Winterhold - Nature of the Wild Lands patch.esp
Enabled plugin: JKs College of Winterhold - Reach Trees Replacers patch.esp
Enabled plugin: JKs College of Winterhold - Rugnarok Patch.esp
Enabled plugin: JKs College of Winterhold - SPO Patch.esp
Enabled plugin: JKs College of Winterhold - Thrones of Skyrim Patch.esp
Enabled plugin: JKs College of Winterhold - USSEP Patch.esp
Enabled plugin: JKs Dark Brotherhood Sanctuary - Spaghetti Faction Halls patch.esp
Enabled plugin: JKs Dark Brotherhood Sanctuary - USSEP patch.esp
Enabled plugin: JKs Fort Dawnguard - Aspens Ablaze patch.esp
Enabled plugin: JKs Fort Dawnguard - Exterior roofs disabler.esp
Enabled plugin: JKs Fort Dawnguard - LAWF patch.esp
Enabled plugin: JKs Fort Dawnguard - LFFGM patch.esp
Enabled plugin: JKs Nightingale Hall - Daedric Shrines patch.esp
Enabled plugin: JKs Sky Haven Temple - Landscape Grass Patch.esp
Enabled plugin: JKs Sky Haven Temple - Nature of the Wild Lands patch.esp
Enabled plugin: JKs Sky Haven Temple - USSEP Patch.esp
Enabled plugin: JKs Thieves Guild - Aspens Ablaze patch.esp
Enabled plugin: JKs Thieves Guild - Nature of the Wild Lands patch.esp
Enabled plugin: JKs Thieves Guild - SPO patch.esp
Enabled plugin: JKs Thieves Guild - Ulvenwald patch.esp
Enabled plugin: JKs Thieves Guild - USSEP patch.esp
Enabled plugin: meta.ini
Deferred plugin (missing masters): JKs Bards College - 3DNPC patch.esp
Deferred plugin (missing masters): JKs Bards College - AA patch.esp
Deferred plugin (missing masters): JKs Bards College - AI Overhaul patch.esp
Deferred plugin (missing masters): JKs Bards College - Aran di Kono LOTD Patch.esp
Deferred plugin (missing masters): JKs Bards College - Aran di Kono Patch.esp
Deferred plugin (missing masters): JKs Bards College - Art Imports patch.esp
Deferred plugin (missing masters): JKs Bards College - Artifacts of Skyrim patch.esp
Deferred plugin (missing masters): JKs Bards College - Artifacts Revised patch.esp
Deferred plugin (missing masters): JKs Bards College - AYOP TG patch.esp
Deferred plugin (missing masters): JKs Bards College - Bards Reborn - ELFX Patch.esp
Deferred plugin (missing masters): JKs Bards College - Bards Reborn - Sewers.esp
Deferred plugin (missing masters): JKs Bards College - Bards Reborn - Undeath - Sewers.esp
Deferred plugin (missing masters): JKs Bards College - Bards Reborn - Undeath.esp
Deferred plugin (missing masters): JKs Bards College - Bards Reborn.esp
Deferred plugin (missing masters): JKs Bards College - Bear Beats Dragon patch.esp
Deferred plugin (missing masters): JKs Bards College - Book Covers Skyrim Patch.esp
Deferred plugin (missing masters): JKs Bards College - Cheesemod patch.esp
Deferred plugin (missing masters): JKs Bards College - Citizens Complete patch.esp
Deferred plugin (missing masters): JKs Bards College - Dawn of Skyrim Patch.esp
Deferred plugin (missing masters): JKs Bards College - ELFX Enhancer Patch.esp
Deferred plugin (missing masters): JKs Bards College - ELFX Exteriors Patch.esp
Deferred plugin (missing masters): JKs Bards College - ELFX Hardcore patch.esp
Deferred plugin (missing masters): JKs Bards College - ELFX patch.esp
Deferred plugin (missing masters): JKs Bards College - Enhanced Solitude Docks Patch.esp
Deferred plugin (missing masters): JKs Bards College - Enhanced Solitude Patch.esp
Deferred plugin (missing masters): JKs Bards College - ESO Imports patch.esp
Deferred plugin (missing masters): JKs Bards College - ezPG patch.esp
Deferred plugin (missing masters): JKs Bards College - Grand Paladin Patch.esp
Deferred plugin (missing masters): JKs Bards College - Immersive Encounters patch.esp
Deferred plugin (missing masters): JKs Bards College - Khajiit Will Follow patch.esp
Deferred plugin (missing masters): JKs Bards College - LOTD patch.esp
Deferred plugin (missing masters): JKs Bards College - Oblivion Artifacts patch.esp
Deferred plugin (missing masters): JKs Bards College - On A Crimson Trail Patch.esp
Deferred plugin (missing masters): JKs Bards College - Pilgrim Patch.esp
Deferred plugin (missing masters): JKs Bards College - Populated Cities Patch.esp
Deferred plugin (missing masters): JKs Bards College - Relics of Hyrule Patch.esp
Deferred plugin (missing masters): JKs Bards College - Remiel patch.esp
Deferred plugin (missing masters): JKs Bards College - Requiem Patch.esp
Deferred plugin (missing masters): JKs Bards College - SFCO patch.esp
Deferred plugin (missing masters): JKs Bards College - Skyrim Sewers patch.esp
Deferred plugin (missing masters): JKs Bards College - Sounds of Skyrim patch.esp
Deferred plugin (missing masters): JKs Bards College - Spartan Bard Patch.esp
Deferred plugin (missing masters): JKs Bards College - SUT patch.esp
Deferred plugin (missing masters): JKs Bards College - Undeath - Sewers Patch.esp
Deferred plugin (missing masters): JKs Bards College - Undeath Patch.esp
Deferred plugin (missing masters): JKs Castle Dour - 3DNPC patch.esp
Deferred plugin (missing masters): JKs Castle Dour - Additional Hearthfire Dolls patch.esp
Deferred plugin (missing masters): JKs Castle Dour - Art Imports patch.esp
Deferred plugin (missing masters): JKs Castle Dour - Bear Beats Dragon patch.esp
Deferred plugin (missing masters): JKs Castle Dour - Book Covers Skyrim patch.esp
Deferred plugin (missing masters): JKs Castle Dour - Cheesemod patch.esp
Deferred plugin (missing masters): JKs Castle Dour - Cloaks of Skyrim patch.esp
Deferred plugin (missing masters): JKs Castle Dour - CRF - Undeath Patch.esp
Deferred plugin (missing masters): JKs Castle Dour - CRF patch.esp
Deferred plugin (missing masters): JKs Castle Dour - Crimson Trail Patch.esp
Deferred plugin (missing masters): JKs Castle Dour - DAYS Patch.esp
Deferred plugin (missing masters): JKs Castle Dour - DX Faction Crossbows patch.esp
Deferred plugin (missing masters): JKs Castle Dour - ELFX Patch.esp
Deferred plugin (missing masters): JKs Castle Dour - ESO Imports patch.esp
Deferred plugin (missing masters): JKs Castle Dour - GAR patch.esp
Deferred plugin (missing masters): JKs Castle Dour - HTBM Cthulhu Patch.esp
Deferred plugin (missing masters): JKs Castle Dour - LOTD patch.esp
Deferred plugin (missing masters): JKs Castle Dour - Mystic Condenser patch.esp
Deferred plugin (missing masters): JKs Castle Dour - New Armoury patch.esp
Deferred plugin (missing masters): JKs Castle Dour - Off Limits Patch.esp
Deferred plugin (missing masters): JKs Castle Dour - Second Great War - SFCO Patch.esp
Deferred plugin (missing masters): JKs Castle Dour - Second Great War Patch.esp
Deferred plugin (missing masters): JKs Castle Dour - SFCO patch.esp
Deferred plugin (missing masters): JKs Castle Dour - Sounds of Skyrim patch.esp
Deferred plugin (missing masters): JKs Castle Dour - Tamrielic Culture patch.esp
Deferred plugin (missing masters): JKs Castle Dour - Undeath Patch.esp
Deferred plugin (missing masters): JKs Castle Dour - Waking Nightmare.esp
Deferred plugin (missing masters): JKs Castle Volkihar - Aemers Refuge patch.esp
Deferred plugin (missing masters): JKs Castle Volkihar - Atlas Map Markers patch.esp
Deferred plugin (missing masters): JKs Castle Volkihar - BOAT patch.esp
Deferred plugin (missing masters): JKs Castle Volkihar - CACO patch.esp
Deferred plugin (missing masters): JKs Castle Volkihar - Castle Volkihar Interesting Exteriors patch.esp
Deferred plugin (missing masters): JKs Castle Volkihar - CFTO patch.esp
Deferred plugin (missing masters): JKs Castle Volkihar - Dawnguard Sentries patch.esp
Deferred plugin (missing masters): JKs Castle Volkihar - Dawnguard Tweaks and Enhancements patch.esp
Deferred plugin (missing masters): JKs Castle Volkihar - DK Nord Ships patch.esp
Deferred plugin (missing masters): JKs Castle Volkihar - ESO Imports patch.esp
Deferred plugin (missing masters): JKs Castle Volkihar - ezPG patch.esp
Deferred plugin (missing masters): JKs Castle Volkihar - HLT patch.esp
Deferred plugin (missing masters): JKs Castle Volkihar - Immersive Wenches patch.esp
Deferred plugin (missing masters): JKs Castle Volkihar - LOTD patch.esp
Deferred plugin (missing masters): JKs Castle Volkihar - Mystic Condenser patch.esp
Deferred plugin (missing masters): JKs Castle Volkihar - NSUTR patch.esp
Deferred plugin (missing masters): JKs Castle Volkihar - Old Blood patch.esp
Deferred plugin (missing masters): JKs Castle Volkihar - SDA Patch.esp
Deferred plugin (missing masters): JKs Castle Volkihar - SFCO patch.esp
Deferred plugin (missing masters): JKs Castle Volkihar - Sorcerer patch.esp
Deferred plugin (missing masters): JKs Castle Volkihar - Ulvenwald patch.esp
Deferred plugin (missing masters): JKs Castle Volkihar - WACCF patch.esp
Deferred plugin (missing masters): JKs Castle Volkihar - Warbirds Dwemer Train Stations patch.esp
Deferred plugin (missing masters): JKs Castle Volkihar - Xelzaz patch.esp
Deferred plugin (missing masters): JKs College of Winterhold - 3D Mountain Flowers patch.esp
Deferred plugin (missing masters): JKs College of Winterhold - 3DNPC Patch.esp
Deferred plugin (missing masters): JKs College of Winterhold - 4thUnknowns Daedroths patch.esp
Deferred plugin (missing masters): JKs College of Winterhold - 4thUnknowns Scamps patch.esp
Deferred plugin (missing masters): JKs College of Winterhold - AA Patch.esp
Deferred plugin (missing masters): JKs College of Winterhold - AAP Patch.esp
Deferred plugin (missing masters): JKs College of Winterhold - ACE Patch.esp
Deferred plugin (missing masters): JKs College of Winterhold - Aemers Refuge patch.esp
Deferred plugin (missing masters): JKs College of Winterhold - AI Overhaul Patch.esp
Deferred plugin (missing masters): JKs College of Winterhold - Amulets of Skyrim Patch.esp
Deferred plugin (missing masters): JKs College of Winterhold - Animated Armory Patch.esp
Deferred plugin (missing masters): JKs College of Winterhold - Artifacts of Skyrim Patch.esp
Deferred plugin (missing masters): JKs College of Winterhold - Artifacts Revised Patch.esp
Deferred plugin (missing masters): JKs College of Winterhold - Bibliophiles Arcanaeum patch.esp
Deferred plugin (missing masters): JKs College of Winterhold - Book Covers Skyrim patch.esp
Deferred plugin (missing masters): JKs College of Winterhold - Cheesemod Patch.esp
Deferred plugin (missing masters): JKs College of Winterhold - Cloaks Patch.esp
Deferred plugin (missing masters): JKs College of Winterhold - CRF - SFCO Patch.esp
Deferred plugin (missing masters): JKs College of Winterhold - CRF Patch.esp
Deferred plugin (missing masters): JKs College of Winterhold - Dwueth Var Patch.esp
Deferred plugin (missing masters): JKs College of Winterhold - DX Merta Black Rose Outfit patch.esp
Deferred plugin (missing masters): JKs College of Winterhold - ELFX Enhancer Patch.esp
Deferred plugin (missing masters): JKs College of Winterhold - ELFX Hardcore Patch.esp
Deferred plugin (missing masters): JKs College of Winterhold - ELFX Patch.esp
Deferred plugin (missing masters): JKs College of Winterhold - ESO Imports Patch.esp
Deferred plugin (missing masters): JKs College of Winterhold - ezPG patch.esp
Deferred plugin (missing masters): JKs College of Winterhold - Fyr Manor patch.esp
Deferred plugin (missing masters): JKs College of Winterhold - HTBM Cthulhu patch.esp
Deferred plugin (missing masters): JKs College of Winterhold - ICNs Patch.esp
Deferred plugin (missing masters): JKs College of Winterhold - Immersive Citizens Patch.esp
Deferred plugin (missing masters): JKs College of Winterhold - Inconsequential NPCs patch.esp
Deferred plugin (missing masters): JKs College of Winterhold - Indoril Armor Patch.esp
Deferred plugin (missing masters): JKs College of Winterhold - Indoril Female Armor Patch.esp
Deferred plugin (missing masters): JKs College of Winterhold - iNeed Extended patch.esp
Deferred plugin (missing masters): JKs College of Winterhold - Khajiit Will Follow Patch.esp
Deferred plugin (missing masters): JKs College of Winterhold - Konahrik Accoutrements Patch.esp
Deferred plugin (missing masters): JKs College of Winterhold - Leviathan Axe Patch.esp
Deferred plugin (missing masters): JKs College of Winterhold - LOTD Patch.esp
Deferred plugin (missing masters): JKs College of Winterhold - M'rissi - SFCO patch.esp
Deferred plugin (missing masters): JKs College of Winterhold - M'rissi patch.esp
Deferred plugin (missing masters): JKs College of Winterhold - Mainland Staff Enchanters patch.esp
Deferred plugin (missing masters): JKs College of Winterhold - MCWT Erratum patch.esp
Deferred plugin (missing masters): JKs College of Winterhold - Midden Expanded Patch - ESM.esp
Deferred plugin (missing masters): JKs College of Winterhold - Midden Expanded Patch.esp
Deferred plugin (missing masters): JKs College of Winterhold - MLU Patch.esp
Deferred plugin (missing masters): JKs College of Winterhold - Morrowloot Misc Patch.esp
Deferred plugin (missing masters): JKs College of Winterhold - Mystic Condenser Patch.esp
Deferred plugin (missing masters): JKs College of Winterhold - Radiance Locations Patch.esp
Deferred plugin (missing masters): JKs College of Winterhold - Remiel patch.esp
Deferred plugin (missing masters): JKs College of Winterhold - Rigmor of Bruma patch.esp
Deferred plugin (missing masters): JKs College of Winterhold - SFCO Patch.esp
Deferred plugin (missing masters): JKs College of Winterhold - Spell Research patch.esp
Deferred plugin (missing masters): JKs College of Winterhold - SUT Patch.esp
Deferred plugin (missing masters): JKs College of Winterhold - Tamrielic Culture Patch.esp
Deferred plugin (missing masters): JKs College of Winterhold - There Is No Umbra patch.esp
Deferred plugin (missing masters): JKs College of Winterhold - Tools of Kagrenac Patch.esp
Deferred plugin (missing masters): JKs College of Winterhold - Ulvenwald patch.esp
Deferred plugin (missing masters): JKs College of Winterhold - WACCF Patch.esp
Deferred plugin (missing masters): JKs College of Winterhold - Winterhold Restored patch.esp
Deferred plugin (missing masters): JKs Dark Brotherhood Sanctuary - Additional Hearthfire Dolls patch.esp
Deferred plugin (missing masters): JKs Dark Brotherhood Sanctuary - Aemers Refuge patch.esp
Deferred plugin (missing masters): JKs Dark Brotherhood Sanctuary - AI Overhaul patch.esp
Deferred plugin (missing masters): JKs Dark Brotherhood Sanctuary - Alternate DB Ending patch.esp
Deferred plugin (missing masters): JKs Dark Brotherhood Sanctuary - Amulets of Skyrim patch.esp
Deferred plugin (missing masters): JKs Dark Brotherhood Sanctuary - Andrealphus Scene Tweaks patch.esp
Deferred plugin (missing masters): JKs Dark Brotherhood Sanctuary - Animated Armoury patch.esp
Deferred plugin (missing masters): JKs Dark Brotherhood Sanctuary - Artifacts Revised patch.esp
Deferred plugin (missing masters): JKs Dark Brotherhood Sanctuary - Cheesemod patch.esp
Deferred plugin (missing masters): JKs Dark Brotherhood Sanctuary - Daedric Cloaks patch.esp
Deferred plugin (missing masters): JKs Dark Brotherhood Sanctuary - Destroy the Dark Brotherhood Quest Expasnion patch.esp
Deferred plugin (missing masters): JKs Dark Brotherhood Sanctuary - ESO Imports patch.esp
Deferred plugin (missing masters): JKs Dark Brotherhood Sanctuary - ETaC Complete patch.esp
Deferred plugin (missing masters): JKs Dark Brotherhood Sanctuary - Immersive Citizens patch.esp
Deferred plugin (missing masters): JKs Dark Brotherhood Sanctuary - Listen DB Radiant Quests patch.esp
Deferred plugin (missing masters): JKs Dark Brotherhood Sanctuary - LOTD patch.esp
Deferred plugin (missing masters): JKs Dark Brotherhood Sanctuary - Man Sithis Statue patch.esp
Deferred plugin (missing masters): JKs Dark Brotherhood Sanctuary - Mystic Condenser patch.esp
Deferred plugin (missing masters): JKs Dark Brotherhood Sanctuary - Oblivion Artifacts patch.esp
Deferred plugin (missing masters): JKs Dark Brotherhood Sanctuary - Penitus Oculatus patch.esp
Deferred plugin (missing masters): JKs Dark Brotherhood Sanctuary - SFCO patch.esp
Deferred plugin (missing masters): JKs Dark Brotherhood Sanctuary - Sounds of Skyrim patch.esp
Deferred plugin (missing masters): JKs Dark Brotherhood Sanctuary - Tamrielic Culture patch.esp
Deferred plugin (missing masters): JKs Dark Brotherhood Sanctuary - The Brotherhood of Old patch.esp
Deferred plugin (missing masters): JKs Dark Brotherhood Sanctuary - Training Dummies XP patch.esp
Deferred plugin (missing masters): JKs Dark Brotherhood Sanctuary - Wintersun patch.esp
Deferred plugin (missing masters): JKs Fort Dawnguard - A Dogs Life patch.esp
Deferred plugin (missing masters): JKs Fort Dawnguard - Aemers Refuge patch.esp
Deferred plugin (missing masters): JKs Fort Dawnguard - Animated Armoury patch.esp
Deferred plugin (missing masters): JKs Fort Dawnguard - Carriage Stops of Skyrim patch.esp
Deferred plugin (missing masters): JKs Fort Dawnguard - Cloaks of Dawnguard patch.esp
Deferred plugin (missing masters): JKs Fort Dawnguard - Dawnguard Arsenal patch.esp
Deferred plugin (missing masters): JKs Fort Dawnguard - Dawnguard Sentries patch.esp
Deferred plugin (missing masters): JKs Fort Dawnguard - Dawnguard Tweaks and Enhancements patch.esp
Deferred plugin (missing masters): JKs Fort Dawnguard - ESO Imports patch.esp
Deferred plugin (missing masters): JKs Fort Dawnguard - Exterior roofs disabler (Lux Orbis).esp
Deferred plugin (missing masters): JKs Fort Dawnguard - Ice Claws 0.25x Patch.esp
Deferred plugin (missing masters): JKs Fort Dawnguard - Ice Claws 0.5x Patch.esp
Deferred plugin (missing masters): JKs Fort Dawnguard - Ice Claws 1x Patch.esp
Deferred plugin (missing masters): JKs Fort Dawnguard - Ice Claws 2x Patch.esp
Deferred plugin (missing masters): JKs Fort Dawnguard - iNeed Extended patch.esp
Deferred plugin (missing masters): JKs Fort Dawnguard - Mystic Condenser patch.esp
Deferred plugin (missing masters): JKs Fort Dawnguard - Praedys Dawnguard Doors patch.esp
Deferred plugin (missing masters): JKs Fort Dawnguard - RDO patch.esp
Deferred plugin (missing masters): JKs Fort Dawnguard - Requiem patch.esp
Deferred plugin (missing masters): JKs Fort Dawnguard - SDA patch.esp
Deferred plugin (missing masters): JKs Fort Dawnguard - SFCO patch.esp
Deferred plugin (missing masters): JKs Fort Dawnguard - SPO patch.esp
Deferred plugin (missing masters): JKs Fort Dawnguard - WACCF patch.esp
Deferred plugin (missing masters): JKs High Hrothgar - Additional Hearthfire Dolls Patch.esp
Deferred plugin (missing masters): JKs High Hrothgar - Aemers Refuge patch.esp
Deferred plugin (missing masters): JKs High Hrothgar - Amulets of Skyrim patch.esp
Deferred plugin (missing masters): JKs High Hrothgar - Art Imports patch.esp
Deferred plugin (missing masters): JKs High Hrothgar - Cheesemod patch.esp
Deferred plugin (missing masters): JKs High Hrothgar - Cloaks of Skyrim patch.esp
Deferred plugin (missing masters): JKs High Hrothgar - Denizens of Morthal patch.esp
Deferred plugin (missing masters): JKs High Hrothgar - ELFX Patch.esp
Deferred plugin (missing masters): JKs High Hrothgar - Embers XD patch.esp
Deferred plugin (missing masters): JKs High Hrothgar - LOTD Patch.esp
Deferred plugin (missing masters): JKs High Hrothgar - SFCO patch.esp
Deferred plugin (missing masters): JKs High Hrothgar - Thunderchild patch.esp
Deferred plugin (missing masters): JKs High Hrothgar - Whispers of Words patch.esp
Deferred plugin (missing masters): JKs Jorrvaskr - AI Overhaul Patch.esp
Deferred plugin (missing masters): JKs Jorrvaskr - Amulets of Skyrim patch.esp
Deferred plugin (missing masters): JKs Jorrvaskr - Artifact of Might patch.esp
Deferred plugin (missing masters): JKs Jorrvaskr - AYOP Companions patch.esp
Deferred plugin (missing masters): JKs Jorrvaskr - Bears of the North patch.esp
Deferred plugin (missing masters): JKs Jorrvaskr - Blades of the Eternal Guard patch.esp
Deferred plugin (missing masters): JKs Jorrvaskr - Cheesemod patch.esp
Deferred plugin (missing masters): JKs Jorrvaskr - EasierRiders Dungeon Pack Patch.esp
Deferred plugin (missing masters): JKs Jorrvaskr - ELE - This Is Jorrvaskr patch.esp
Deferred plugin (missing masters): JKs Jorrvaskr - ELE patch.esp
Deferred plugin (missing masters): JKs Jorrvaskr - ELFX Patch.esp
Deferred plugin (missing masters): JKs Jorrvaskr - ESO Imports patch.esp
Deferred plugin (missing masters): JKs Jorrvaskr - Immersive Citizens - This Is Jorrvaskr patch.esp
Deferred plugin (missing masters): JKs Jorrvaskr - Immersive Citizens Patch.esp
Deferred plugin (missing masters): JKs Jorrvaskr - Khajiit Will Follow patch.esp
Deferred plugin (missing masters): JKs Jorrvaskr - LOTD patch.esp
Deferred plugin (missing masters): JKs Jorrvaskr - Royal Armory Replacer patch.esp
Deferred plugin (missing masters): JKs Jorrvaskr - SFCO - This Is Jorrvaskr patch.esp
Deferred plugin (missing masters): JKs Jorrvaskr - SFCO patch.esp
Deferred plugin (missing masters): JKs Jorrvaskr - Skyrim Sewers - Immersive Citizens - This Is Jorrvaskr Consistency patch.esp
Deferred plugin (missing masters): JKs Jorrvaskr - Skyrim Sewers - Immersive Citizens Consistency patch.esp
Deferred plugin (missing masters): JKs Jorrvaskr - Skyrim Sewers - This Is Jorrvaskr Consistency patch.esp
Deferred plugin (missing masters): JKs Jorrvaskr - Skyrim Sewers Patch.esp
Deferred plugin (missing masters): JKs Jorrvaskr - Sounds of Skyrim - ELE patch.esp
Deferred plugin (missing masters): JKs Jorrvaskr - Sounds of Skyrim - Lux patch.esp
Deferred plugin (missing masters): JKs Jorrvaskr - Sounds of Skyrim patch.esp
Deferred plugin (missing masters): JKs Jorrvaskr - Tamrielic Culture patch.esp
Deferred plugin (missing masters): JKs Jorrvaskr - This Is Jorrvaskr patch.esp
Deferred plugin (missing masters): JKs Jorrvaskr - WACCF Patch.esp
Deferred plugin (missing masters): JKs Nightingale Hall - Additional Hearthfire Dolls patch.esp
Deferred plugin (missing masters): JKs Nightingale Hall - CRF patch.esp
Deferred plugin (missing masters): JKs Nightingale Hall - Nightingale Hall Restored patch.esp
Deferred plugin (missing masters): JKs Nightingale Hall - SFCO patch.esp
Deferred plugin (missing masters): JKs Nightingale Hall - Training Dummies XP patch.esp
Deferred plugin (missing masters): JKs Sky Haven Temple - 3DNPC Patch.esp
Deferred plugin (missing masters): JKs Sky Haven Temple - Aemers Refuge patch.esp
Deferred plugin (missing masters): JKs Sky Haven Temple - Amulets Patch.esp
Deferred plugin (missing masters): JKs Sky Haven Temple - Animated Armory Patch.esp
Deferred plugin (missing masters): JKs Sky Haven Temple - BGCollectables Patch.esp
Deferred plugin (missing masters): JKs Sky Haven Temple - Book Covers Skyrim patch.esp
Deferred plugin (missing masters): JKs Sky Haven Temple - ELFX Patch.esp
Deferred plugin (missing masters): JKs Sky Haven Temple - Happy Little Trees patch.esp
Deferred plugin (missing masters): JKs Sky Haven Temple - Heavy Armory Patch.esp
Deferred plugin (missing masters): JKs Sky Haven Temple - IA Patch.esp
Deferred plugin (missing masters): JKs Sky Haven Temple - JKs Skyrim Patch.esp
Deferred plugin (missing masters): JKs Sky Haven Temple - LOTD Patch.esp
Deferred plugin (missing masters): JKs Sky Haven Temple - MLU Patch.esp
Deferred plugin (missing masters): JKs Sky Haven Temple - Morrowloot Misc Patch.esp
Deferred plugin (missing masters): Jks Sky Haven Temple - Narukami Patch.esp
Deferred plugin (missing masters): JKs Sky Haven Temple - Relics of Hyrule patch.esp
Deferred plugin (missing masters): JKs Sky Haven Temple - Requiem patch.esp
Deferred plugin (missing masters): JKs Sky Haven Temple - Sakitama Patch.esp
Deferred plugin (missing masters): JKs Sky Haven Temple - SFCO Patch.esp
Deferred plugin (missing masters): JKs Sky Haven Temple - Sky Haven Temple Gardens + NotWL patch.esp
Deferred plugin (missing masters): JKs Sky Haven Temple - Sky Haven Temple Gardens patch.esp
Deferred plugin (missing masters): JKs Sky Haven Temple - SUT Patch.esp
Deferred plugin (missing masters): JKs Sky Haven Temple - Training Dummies XP - Gardens Patch.esp
Deferred plugin (missing masters): JKs Sky Haven Temple - Training Dummies XP Patch.esp
Deferred plugin (missing masters): JKs Thieves Guild - Daedric Shrines patch.esp
Deferred plugin (missing masters): JKs Thieves Guild - ELFX patch.esp
Deferred plugin (missing masters): JKs Thieves Guild - Environs Abandoned Abodes patch.esp
Deferred plugin (missing masters): JKs Thieves Guild - ESO Imports patch.esp
Deferred plugin (missing masters): JKs Thieves Guild - Faction Crossbows patch.esp
Deferred plugin (missing masters): JKs Thieves Guild - Kozakowys Falka Armor patch.esp
Deferred plugin (missing masters): JKs Thieves Guild - Leviathan Axe patch.esp
Deferred plugin (missing masters): JKs Thieves Guild - Mystic Condenser patch.esp
Deferred plugin (missing masters): JKs Thieves Guild - Oblivion Artifacts patch.esp
Deferred plugin (missing masters): JKs Thieves Guild - SFCO patch.esp
Deferred plugin (missing masters): JKs Thieves Guild - Sounds of Skyrim patch.esp
Deferred plugin (missing masters): JKs Thieves Guild - WACCF patch.esp
