[2026-07-12 14:18:39] fix-jk-ryn-plugin-masters starting
[2026-07-12 14:18:40] ENABLE base: JK's Radiant Raiment.esp
[2026-07-12 14:18:40] ENABLE base: JK's The Winking Skeever.esp
[2026-07-12 14:18:42] ENABLE base: Ryn's Sven's House.esp
[2026-07-12 14:18:43] ENABLE base: Ryn's Mistwatch Folly.esp
[2026-07-12 14:18:43] ENABLE base: JK's Elgrims Elixirs.esp
[2026-07-12 14:18:45] ENABLE base: Ryn's Saarthal.esp
[2026-07-12 14:18:45] ENABLE base: JK's Whiterun's Outskirts.esp
[2026-07-12 14:18:47] ENABLE base: Ryn's Farms.esp
[2026-07-12 14:18:48] ENABLE base: ValtheimKeepRecovered.esp
[2026-07-12 14:18:49] ENABLE base: Ryn's Bleakwind Basin.esp
[2026-07-12 14:18:50] ENABLE base: JK's Angelines Aromatics.esp
[2026-07-12 14:18:50] ENABLE base: JK's Sinderion's Field Laboratory.esp
[2026-07-12 14:18:51] ENABLE base: JK's College of Winterhold.esp
[2026-07-12 14:18:53] ENABLE base: Ryn's Ustengrav.esp
[2026-07-12 14:18:54] ENABLE base: JK's Temple of Dibella.esp
[2026-07-12 14:18:55] ENABLE base: JK's New Gnisis Cornerclub.esp
[2026-07-12 14:18:56] ENABLE base: Ryn's GoldenGlow Estate.esp
[2026-07-12 14:18:57] ENABLE base: Ryn's Standing Stones.esp
[2026-07-12 14:18:58] ENABLE base: JK's Markarth Outskirts.esp
[2026-07-12 14:18:59] ENABLE base: Ryn's Faendal's House.esp
[2026-07-12 14:19:00] ENABLE base: JK's Mistveil Keep.esp
[2026-07-12 14:19:01] ENABLE base: Ryn's Dragon Mounds AIO.esp
[2026-07-12 14:19:01] ENABLE base: JK's Fort Dawnguard.esp
[2026-07-12 14:19:02] ENABLE base: JK's Dark Brotherhood Sanctuary.esp
[2026-07-12 14:19:03] ENABLE base: JK's Riften Outskirts.esp
[2026-07-12 14:19:03] ENABLE base: JK's Nightgate Inn.esp
[2026-07-12 14:19:05] ENABLE base: Ryn's Riverwood Trader.esp
[2026-07-12 14:19:06] ENABLE base: Ryn's Anise's Cabin.esp
[2026-07-12 14:19:07] ENABLE base: JK's The Hag's Cure.esp
[2026-07-12 14:19:08] ENABLE base: Ryn's Lumber Mills.esp
[2026-07-12 14:19:08] ENABLE base: JK's Haelga's Bunkhouse.esp
[2026-07-12 14:19:09] ENABLE base: JK's Sadris Used Wares.esp
[2026-07-12 14:19:10] ENABLE base: RynsWhiterunCityLimits.esp
[2026-07-12 14:19:12] ENABLE base: BleakFallsReCovered.esp
[2026-07-12 14:19:12] ENABLE base: JK's The Bards College.esp
[2026-07-12 14:19:13] ENABLE base: JK's Understone Keep.esp
[2026-07-12 14:19:14] ENABLE base: Ryn's Lost Valley Redoubt.esp
[2026-07-12 14:19:15] ENABLE base: Ryn's Alchemists Shack.esp
[2026-07-12 14:19:16] ENABLE base: JK's The Bannered Mare.esp
[2026-07-12 14:19:17] ENABLE base: JK's Castle Dour.esp
[2026-07-12 14:19:18] ENABLE base: Ryn's Mehrunes Dagon Shrine.esp
[2026-07-12 14:19:19] ENABLE base: JK's Thieves Guild.esp
[2026-07-12 14:19:19] ENABLE base: JK's Arnleif and Sons Trading Company.esp
[2026-07-12 14:19:20] ENABLE base: Ryn's Lund's Hut.esp
[2026-07-12 14:19:21] ENABLE base: JK's Candlehearth Hall.esp
[2026-07-12 14:19:22] ENABLE base: JK's Windhelm's Outskirts.esp
[2026-07-12 14:19:22] ENABLE base: JK's Arcadia's Cauldron.esp
[2026-07-12 14:19:24] ENABLE base: Ryn's Gerdur's House.esp
[2026-07-12 14:19:25] ENABLE base: Ryn's Sleeping Giant Inn.esp
[2026-07-12 14:19:26] ENABLE base: JK's The Pawned Prawn.esp
[2026-07-12 14:19:27] ENABLE base: JK's Sky Haven Temple.esp
[2026-07-12 14:19:28] ENABLE base: JK's Temple of Talos.esp
[2026-07-12 14:19:28] ENABLE base: JK's Bee and Barb.esp
[2026-07-12 14:19:29] ENABLE base: JK's Temple of Kynareth.esp
[2026-07-12 14:19:30] ENABLE base: JK's Septimus Signus's Outpost.esp
[2026-07-12 14:19:30] ENABLE base: JKs The Drunken Huntsman.esp
[2026-07-12 14:19:31] ENABLE base: JK's Bits and Pieces.esp
[2026-07-12 14:19:33] ENABLE base: Ryn's Western Watchtower.esp
[2026-07-12 14:19:34] ENABLE base: JK's Temple of Mara.esp
[2026-07-12 14:19:34] ENABLE base: JK's The Ragged Flagon.esp
[2026-07-12 14:19:35] ENABLE base: JK's Palace of the Kings.esp
[2026-07-12 14:19:36] ENABLE base: JK's Castle Volkihar.esp
[2026-07-12 14:19:37] ENABLE base: JK's Blue Palace.esp
[2026-07-12 14:19:37] ENABLE base: JK's Belethor's General Goods.esp
[2026-07-12 14:19:39] ENABLE base: Ryn's Secunda's Kiss.esp
[2026-07-12 14:19:40] ENABLE base: Ryn's Azura's Shrine.esp
[2026-07-12 14:19:41] ENABLE base: JK's Temple of the Divines.esp
[2026-07-12 14:19:41] ENABLE base: JK's Dragonsreach.esp
[2026-07-12 14:19:42] ENABLE base: JK's Nightingale Hall.esp
[2026-07-12 14:19:43] ENABLE base: Ryn's Halted Stream Camp.esp
[2026-07-12 14:19:45] ENABLE base: Ryn's Alvor's House.esp
[2026-07-12 14:19:46] ENABLE base: JK's White Phial.esp
[2026-07-12 14:19:46] ENABLE base: JK's Jorrvaskr.esp
[2026-07-12 14:19:47] ENABLE base: JK's Silver-Blood Inn.esp
[2026-07-12 14:19:48] ENABLE base: JK's Riverfall Cottage.esp
[2026-07-12 14:19:58] DISABLE (MO2 MAST): WadeInWaterRedone.esp -> WadeInWater.esp
[2026-07-12 14:19:59] bsa->esp swaps: 0; base esps enabled: 75; plugins disabled: 1
[2026-07-12 14:19:59] active plugins after fix: 888
[2026-07-12 14:19:59] fix-jk-ryn-plugin-masters complete
