[2026-07-12 11:10:34] task-0065 JK/Ryn stack install starting
[2026-07-12 11:10:34] SKIP exists: JK's Angeline's Aromatics
[2026-07-12 11:10:34] SKIP exists: JK's Arcadia's Cauldron
[2026-07-12 11:10:34] SKIP exists: JK's Arnleif and Sons Trading Company
[2026-07-12 11:10:34] SKIP exists: JK's Belethor's General Goods
[2026-07-12 11:10:34] SKIP exists: JK's Bits and Pieces
[2026-07-12 11:10:34] SKIP exists: JK's Elgrim's Elixirs
[2026-07-12 11:10:34] SKIP exists: JK's Haelga's Bunkhouse
[2026-07-12 11:10:34] SKIP exists: JK's New Gnisis Cornerclub
[2026-07-12 11:10:34] SKIP exists: JK's Nightgate Inn
[2026-07-12 11:10:34] SKIP exists: JK's Radiant Raiment
[2026-07-12 11:10:34] SKIP exists: JK's Sadri's Used Wares
[2026-07-12 11:10:34] SKIP exists: JK's Silver-Blood Inn
[2026-07-12 11:10:34] SKIP exists: JK's The Bannered Mare
[2026-07-12 11:10:34] SKIP exists: JK's The Bee and Barb
[2026-07-12 11:10:34] SKIP exists: JK's The Drunken Huntsman
[2026-07-12 11:10:34] SKIP exists: JK's The Hag's Cure
[2026-07-12 11:10:34] SKIP exists: JK's The Pawned Prawn
[2026-07-12 11:10:34] SKIP exists: JK's The Ragged Flagon
[2026-07-12 11:10:34] SKIP exists: JK's The Temple of Mara
[2026-07-12 11:10:34] SKIP exists: JK's The Winking Skeever
[2026-07-12 11:10:34] SKIP exists: JK's Warmaiden's
[2026-07-12 11:10:34] SKIP exists: JK's White Phial
[2026-07-12 11:10:34] SKIP exists: JK's Blue Palace
[2026-07-12 11:10:34] SKIP exists: JK's Candlehearth Hall
[2026-07-12 11:10:34] SKIP exists: JK's Dragonsreach
[2026-07-12 11:10:34] SKIP exists: JK's Mistveil Keep
[2026-07-12 11:10:34] SKIP exists: JK's Palace of the Kings
[2026-07-12 11:10:34] SKIP exists: JK's Temple of Dibella
[2026-07-12 11:10:34] SKIP exists: JK's Temple of Kynareth
[2026-07-12 11:10:34] SKIP exists: JK's Temple of Talos
[2026-07-12 11:10:34] SKIP exists: JK's Temple of the Divines
[2026-07-12 11:10:34] SKIP exists: JK's Understone Keep
[2026-07-12 11:10:34] SKIP exists: JK's Castle Dour
[2026-07-12 11:10:34] SKIP exists: JK's Castle Volkihar
[2026-07-12 11:10:34] SKIP exists: JK's College of Winterhold
[2026-07-12 11:10:34] SKIP exists: JK's Dark Brotherhood Sanctuaries
[2026-07-12 11:10:34] SKIP exists: JK's Fort Dawnguard
[2026-07-12 11:10:34] SKIP exists: JK's Jorrvaskr
[2026-07-12 11:10:34] SKIP exists: JK's Nightingale Hall
[2026-07-12 11:10:34] SKIP exists: JK's Sky Haven Temple
[2026-07-12 11:10:34] SKIP exists: JK's The Bards College
[2026-07-12 11:10:34] SKIP exists: JK's Thieves Guild HQ
[2026-07-12 11:10:34] SKIP exists: JK's Whiterun Outskirts
[2026-07-12 11:10:34] SKIP exists: JK's Windhelm Outskirts
[2026-07-12 11:10:34] SKIP exists: JK's Riften Outskirts
[2026-07-12 11:10:34] SKIP exists: JK's Markarth Outskirts
[2026-07-12 11:10:34] SKIP exists: JK's Sinderion's Field Laboratory
[2026-07-12 11:10:34] SKIP exists: JK's Septimus Signus's Outpost
[2026-07-12 11:10:34] SKIP exists: JK's Riverfall Cottage
[2026-07-12 11:10:34] SKIP exists: Ryn's Dragon Mounds Collection
[2026-07-12 11:10:34] SKIP exists: Ryn's Farms
[2026-07-12 11:10:34] SKIP exists: Ryn's Standing Stones
[2026-07-12 11:10:34] SKIP exists: Ryn's Alchemist's Shack
[2026-07-12 11:10:34] SKIP exists: Ryn's Anise's Cabin
[2026-07-12 11:10:34] SKIP exists: Ryn's Azura's Shrine
[2026-07-12 11:10:34] SKIP exists: Ryn's Bleak Falls Barrow
[2026-07-12 11:10:34] SKIP exists: Ryn's Bleakwind Basin
[2026-07-12 11:10:34] SKIP exists: Ryn's Goldenglow Estate
[2026-07-12 11:10:34] SKIP exists: Ryn's Halted Stream Camp
[2026-07-12 11:10:34] SKIP exists: Ryn's Lost Valley Redoubt
[2026-07-12 11:10:34] SKIP exists: Ryn's Lund's Hut
[2026-07-12 11:10:34] SKIP exists: Ryn's Lumber Mills
[2026-07-12 11:10:34] SKIP exists: Ryn's Mehrunes Dagon's Shrine
[2026-07-12 11:10:34] SKIP exists: Ryn's Mistwatch Folly
[2026-07-12 11:10:34] SKIP exists: Ryn's Saarthal
[2026-07-12 11:10:34] SKIP exists: Ryn's Secunda's Kiss
[2026-07-12 11:10:34] SKIP exists: Ryn's Ustengrav
[2026-07-12 11:10:34] SKIP exists: Ryn's Valtheim Towers
[2026-07-12 11:10:34] SKIP exists: Ryn's Western Watchtower
[2026-07-12 11:10:34] SKIP exists: Ryn's Whiterun City Limits
[2026-07-12 11:10:34] SKIP exists: Ryn's Riverwood Trader
[2026-07-12 11:10:34] SKIP exists: Ryn's Sleeping Giant Inn
[2026-07-12 11:10:34] SKIP exists: Ryn's Alvor and Sigrid's House
[2026-07-12 11:10:34] SKIP exists: Ryn's Faendal's House
[2026-07-12 11:10:34] SKIP exists: Ryn's Hod and Gerdur's House
[2026-07-12 11:10:34] SKIP exists: Ryn's Sven's and Hilde's House
[2026-07-12 11:10:34] SKIP exists: JK's Interiors Patch Collection
[2026-07-12 11:10:34] SKIP exists: JK's Guild HQ Interiors Patch Collection
[2026-07-12 11:10:34] SKIP exists: Whiterun Exteriors Patch Hub
[2026-07-12 11:10:34] SKIP exists: JK's Windhelm Outskirts Patch Collection
[2026-07-12 11:10:34] SKIP exists: JK's Riften Outskirts Patch Collection
[2026-07-12 11:10:34] SKIP exists: JK's Markarth Outskirts Patch Collection
[2026-07-12 11:10:34] SKIP exists: Ryn's Skyrim Official Patch Hub
[2026-07-12 11:10:34] SKIP exists: Ryn's Skyrim Patch Collection
[2026-07-12 11:10:34] SKIP exists: Ryn's Standing Stones Patch Collection
[2026-07-12 11:10:34] SKIP exists: Ryn's Riverwood Patch Collection
[2026-07-12 11:10:34] SKIP exists: Ivy - Whiterun Well Overhaul
[2026-07-12 11:10:34] SKIP exists: Ivy - Riverwood Smelter Addon
[2026-07-12 11:10:34] SKIP exists: FYX - Windhelm Graveyard
[2026-07-12 11:10:34] SKIP exists: FYX - Temple of Mara Ornament - Particle Lights for CS or ENB
[2026-07-12 11:10:34] SKIP exists: FYX - The Temple of Mara
[2026-07-12 11:10:34] SKIP exists: FYX - Jorrvaskr
[2026-07-12 11:10:34] SKIP exists: FYX - RowBoat
[2026-07-12 11:10:34] SKIP exists: FYX - 3D Shack Kit Walls - aljo's Abandoned Shack Interior Fix
[2026-07-12 11:10:34] SKIP exists: FYX - 3D Shack Kit Walls - BOS
[2026-07-12 11:10:34] SKIP exists: FYX - 3D Shack Kit Walls
[2026-07-12 11:10:34] SKIP exists: FYX - 3D Shack Kit Roofs
[2026-07-12 11:10:34] SKIP exists: FYX - RavenRock Docks and Fences Round Posts
[2026-07-12 11:10:34] NOTE skipped JK's High Hrothgar — not on Anvil donor (Nexus 62219)
[2026-07-12 11:10:34] modlist.txt: 98 JK/Ryn-related mods enabled above Uncategorized
[2026-07-12 11:10:43] DEFER (MAST): JK's Sinderion's Field Laboratory - USMP Patch.esp
[2026-07-12 11:10:43] DEFER (MAST): JKs Bee and Barb - Embers XD Patch.esp
[2026-07-12 11:10:43] DEFER (MAST): JKs Blue Palace - Nature of the Wildlands patch.esp
[2026-07-12 11:10:43] DEFER (MAST): JKs Candlehearth Hall - Embers XD Patch.esp
[2026-07-12 11:10:43] DEFER (MAST): JKs Elgrims Elixirs - Embers XD Patch.esp
[2026-07-12 11:10:43] DEFER (MAST): JKs Hags Cure - Embers XD Patch.esp
[2026-07-12 11:10:43] DEFER (MAST): JKs Mistveil Keep - Aspens Ablaze patch.esp
[2026-07-12 11:10:43] DEFER (MAST): JKs Mistveil Keep - Embers XD Patch.esp
[2026-07-12 11:10:43] DEFER (MAST): JKs Nightgate Inn - Embers XD (regular) patch.esp
[2026-07-12 11:10:43] DEFER (MAST): JKs Palace of the Kings - Embers XD Patch.esp
[2026-07-12 11:10:43] DEFER (MAST): JKs Palace of the Kings - LAWF patch.esp
[2026-07-12 11:10:43] DEFER (MAST): JKs Pawned Prawn - Embers XD Patch.esp
[2026-07-12 11:10:43] DEFER (MAST): JKs Ragged Flagon - Aspens Ablaze patch.esp
[2026-07-12 11:10:43] DEFER (MAST): JKs Ragged Flagon - Embers XD Patch.esp
[2026-07-12 11:10:43] DEFER (MAST): JKs Silver-Blood Inn - Alt Dwarven Plate Patch.esp
[2026-07-12 11:10:43] DEFER (MAST): JKs Silver-Blood Inn - Embers XD Patch.esp
[2026-07-12 11:10:43] DEFER (MAST): JKs Silver-Blood Inn - Spell Knight Armor Patch.esp
[2026-07-12 11:10:43] DEFER (MAST): JKs Temple of Mara - Nature of the Wild Lands patch.esp
[2026-07-12 11:10:43] DEFER (MAST): JKs Temple of the Divines - Nature of the Wild Lands patch.esp
[2026-07-12 11:10:43] DEFER (MAST): JKs Understone Keep - Embers XD Patch.esp
[2026-07-12 11:10:43] DEFER (MAST): JKs White Phial - Embers XD Patch.esp
[2026-07-12 11:10:43] DEFER (MAST): JKs Winking Skeever - Nature of the Wild Lands patch.esp
[2026-07-12 11:10:43] DEFER (MAST): JKs Castle Dour - Nature of the Wild Lands patch.esp
[2026-07-12 11:10:43] DEFER (MAST): JKs Castle Volkihar - Embers XD patch.esp
[2026-07-12 11:10:43] DEFER (MAST): JKs Castle Volkihar - LAWF patch.esp
[2026-07-12 11:10:43] DEFER (MAST): JKs Castle Volkihar - Nature of the Wild Lands patch.esp
[2026-07-12 11:10:43] DEFER (MAST): JKs College of Winterhold - Nature of the Wild Lands patch.esp
[2026-07-12 11:10:43] DEFER (MAST): JKs Fort Dawnguard - LFFGM patch.esp
[2026-07-12 11:10:43] DEFER (MAST): JKs Sky Haven Temple - Nature of the Wild Lands patch.esp
[2026-07-12 11:10:43] DEFER (MAST): JKs Thieves Guild - Aspens Ablaze patch.esp
[2026-07-12 11:10:43] DEFER (MAST): JKs Thieves Guild - Nature of the Wild Lands patch.esp
[2026-07-12 11:10:43] DEFER (MAST): JKs Ryns Whiterun Exterior - CC Tundra Homestead patch.esp
[2026-07-12 11:10:43] DEFER (MAST): JKs Ryns Whiterun Exterior - LAWF patch.esp
[2026-07-12 11:10:43] DEFER (MAST): JKs Ryns Whiterun Exterior - Nature of the Wild Lands patch.esp
[2026-07-12 11:10:43] DEFER (MAST): JKs Ryns Whiterun Exterior - Skyrim 3D Trees Patch.esp
[2026-07-12 11:10:43] DEFER (MAST): JKs Whiterun Outskirts - Landscape Fixes for Grass Mods patch.esp
[2026-07-12 11:10:43] DEFER (MAST): JKs Whiterun Outskirts - LAWF Patch.esp
[2026-07-12 11:10:43] DEFER (MAST): JKs Whiterun Outskirts - Nature of the Wild Lands patch.esp
[2026-07-12 11:10:43] DEFER (MAST): JKs Whiterun Outskirts - Skyrim 3D Trees Patch.esp
[2026-07-12 11:10:43] DEFER (MAST): JKs Whiterun Outskirts - Tundra Homestead Patch.esp
[2026-07-12 11:10:43] DEFER (MAST): Ryns Whiterun City Limits - Landscape Fixes for Grass Mods patch.esp
[2026-07-12 11:10:43] DEFER (MAST): Ryns Whiterun City Limits - LAWF Patch.esp
[2026-07-12 11:10:43] DEFER (MAST): Ryns Whiterun City Limits - Nature of the Wild Lands patch.esp
[2026-07-12 11:10:43] DEFER (MAST): Ryns Whiterun City Limits - Road Reconstruction patch.esp
[2026-07-12 11:10:43] DEFER (MAST): Ryns Whiterun City Limits - Skyrim 3D Trees Patch.esp
[2026-07-12 11:10:43] DEFER (MAST): Ryns Whiterun City Limits - Tundra Homestead Patch.esp
[2026-07-12 11:10:43] DEFER (MAST): JKs Windhelm Outskirts - LAWF patch.esp
[2026-07-12 11:10:43] DEFER (MAST): JKs Riften Outskirts - Aspens Ablaze patch.esp
[2026-07-12 11:10:43] DEFER (MAST): JKs Riften Outskirts - LAWF patch.esp
[2026-07-12 11:10:43] DEFER (MAST): JKs Markarth Outskirts - LFfGM patch.esp
[2026-07-12 11:10:43] DEFER (MAST): JKs Markarth Outskirts - Nature of the Wild Lands patch.esp
[2026-07-12 11:10:43] DEFER (MAST): Nature of the Wild Lands - Ryn' Lost Valley Redoubt patch.esp
[2026-07-12 11:10:43] DEFER (MAST): Nature of the Wild Lands - Ryn's Farms patch.esp
[2026-07-12 11:10:43] DEFER (MAST): Nature of the Wild Lands - Ryn's Goldenglow Estate patch.esp
[2026-07-12 11:10:43] DEFER (MAST): Nature of the Wild Lands - Ryn's Karthspire patch.esp
[2026-07-12 11:10:43] DEFER (MAST): Nature of the Wild Lands - Ryn's Mistwatch Folly patch.esp
[2026-07-12 11:10:43] DEFER (MAST): Nature of the Wild Lands - Ryn's Saarthal patch.esp
[2026-07-12 11:10:43] DEFER (MAST): Nature of the Wild Lands - Ryn's Valtheim Towers patch.esp
[2026-07-12 11:10:43] DEFER (MAST): Nature of the Wild Lands - Ryn's Western Watchtower patch.esp
[2026-07-12 11:10:43] DEFER (MAST): Ryn's Alchemists Shack - LAWF patch.esp
[2026-07-12 11:10:43] DEFER (MAST): Ryn's Bleakwind Basin - LAWF patch.esp
[2026-07-12 11:10:43] DEFER (MAST): Ryn's Karthspire - LAWF patch.esp
[2026-07-12 11:10:43] DEFER (MAST): Ryns_Farms_-_LAWF_patch.esp
[2026-07-12 11:10:43] DEFER (MAST): Ryn's Standing Stones - Aspens Ablaze Patch.esp
[2026-07-12 11:10:43] DEFER (MAST): Ryn's Standing Stones - Landscape and Water Fixes Patch.esp
[2026-07-12 11:10:43] DEFER (MAST): Ryn's Standing Stones - S3D Trees Patch.esp
[2026-07-12 11:10:43] DEFER (MAST): Ryn's Alvor's House - Embers XD patch.esp
[2026-07-12 11:10:43] DEFER (MAST): Ryn's Faendal's House - Embers XD patch.esp
[2026-07-12 11:10:43] DEFER (MAST): Ryn's Riverwood Trader - Embers XD patch.esp
[2026-07-12 11:10:43] DEFER (MAST): Ryn's Sven's House - Embers XD patch.esp
[2026-07-12 11:10:43] DEFER (MAST): Markarth Expanded - PCE - JK's Understone Keep.esp
[2026-07-12 11:10:43] folders: copied=0 skipped=98 missing=0
[2026-07-12 11:10:43] plugins active: 977 -> 977 (+0 new, 1 upgraded inactive, 71 deferred, 0 excluded-by-pattern)
[2026-07-12 11:10:43] task-0065 install pass complete — run full-mast-scan.ps1
