[2026-07-13 19:38:52] task-0074 Lost Legacy - Fork settlements stack starting
[2026-07-13 19:38:52] plugins active before: 2979
[2026-07-13 19:38:52] EXTRACT The Great Cities Resources-104373-1-0-1699547812.zip -> The Great Cities - Resources
[2026-07-13 19:38:59] SKIP exists: Cities of the North - Dawnstar
[2026-07-13 19:38:59] SKIP exists: COTN Dawnstar Patch Collection
[2026-07-13 19:38:59] SKIP exists: Cities of the North - Falkreath
[2026-07-13 19:38:59] SKIP exists: COTN Falkreath Patch Collection
[2026-07-13 19:38:59] REINSTALL The Great City of Winterhold (ensure 4.1.1 archive)
[2026-07-13 19:39:00] EXTRACT The Great City of Winterhold 4.1-17127-4-1-1699645306.zip -> The Great City of Winterhold
[2026-07-13 19:39:01] SKIP exists: The Great City of Winterhold Patch Collection
[2026-07-13 19:39:01] SKIP exists: The Great City of Dragon Bridge
[2026-07-13 19:39:01] SKIP exists: Rob's Bug Fixes - TGC Dragon Bridge
[2026-07-13 19:39:01] SKIP exists: JK's Solitude Outskirts
[2026-07-13 19:39:01] SKIP exists: JK's Solitude Outskirts Patch Collection
[2026-07-13 19:39:01] SKIP exists: Skyfall's Fortified Morthal
[2026-07-13 19:39:01] SKIP exists: Fortified Morthal Patch Collection
[2026-07-13 19:39:01] SKIP exists: Thuldor's Ivarstead
[2026-07-13 19:39:01] SKIP exists: Thuldor's Ivarstead Patch Collection
[2026-07-13 19:39:01] SKIP exists: Thuldor's Ivarstead - Tweaks and Fixes
[2026-07-13 19:39:01] SKIP exists: The Great Village of Kynesgrove
[2026-07-13 19:39:01] SKIP exists: The Great Village of Kynesgrove Patch Collection
[2026-07-13 19:39:01] SKIP exists: The Great Village of Mixwater Mill
[2026-07-13 19:39:01] SKIP exists: The Great Village of Mixwater Mill Patch Collection
[2026-07-13 19:39:01] SKIP exists: The Great Village of Old Hroldan
[2026-07-13 19:39:01] SKIP exists: The Great Village of Old Hroldan Patch Collection
[2026-07-13 19:39:01] SKIP exists: Darkwater Crossing - Eastmarch Addon
[2026-07-13 19:39:01] SKIP exists: Darkwater Crossing - Eastmarch Addon Patch Collection
[2026-07-13 19:39:01] SKIP exists: RedBag's Rorikstead
[2026-07-13 19:39:02] MISSING archive Nexus 64187 for Some Useful Patches
[2026-07-13 19:39:02] SKIP exists: The Great Town of Karthwasten
[2026-07-13 19:39:02] SKIP exists: The Great Town of Karthwasten Patch Collection
[2026-07-13 19:39:02] SKIP exists: The Great Town of Shor's Stone
[2026-07-13 19:39:02] EXTRACT Great Town of Shor's Stone Patch Collection-36462-2-4-1-1739138674.7z -> The Great Town of Shor's Stone Patch Collection
[2026-07-13 19:39:02] SKIP exists: Anga's Mill - COTN Addon
[2026-07-13 19:39:02] SKIP exists: Anga's Mill - COTN Addon Patch Collection
[2026-07-13 19:39:02] SKIP exists: Half-Moon Mill - COTN Addon
[2026-07-13 19:39:02] SKIP exists: Half-Moon Mill - COTN Addon Patch Collection
[2026-07-13 19:39:02] SKIP exists: Settlements Expanded
[2026-07-13 19:39:03] modlist: enabled 34 settlement mods above Settlements_separator
[2026-07-13 19:39:26] installed mods: 3
[2026-07-13 19:39:26]   ARCHIVE The Great Cities - Resources <= The Great Cities Resources-104373-1-0-1699547812.zip
[2026-07-13 19:39:26]   ARCHIVE The Great City of Winterhold <= The Great City of Winterhold 4.1-17127-4-1-1699645306.zip
[2026-07-13 19:39:26]   ARCHIVE The Great Town of Shor's Stone Patch Collection <= Great Town of Shor's Stone Patch Collection-36462-2-4-1-1739138674.7z
[2026-07-13 19:39:26]   MISSING Some Useful Patches (Nexus 64187)
[2026-07-13 19:39:26] MAST-disabled 795 plugins
[2026-07-13 19:39:26]   DISABLE COTN Dawnstar - 3DNPC - Immersive Citizens AI Overhaul Patch.esp -> missing master(s)
[2026-07-13 19:39:26]   DISABLE COTN Dawnstar - Additional Hearthfire Dolls Patch.esp -> missing master(s)
[2026-07-13 19:39:26]   DISABLE COTN Dawnstar - AI Overhaul Patch.esp -> missing master(s)
[2026-07-13 19:39:26]   DISABLE COTN Dawnstar - Alternate Start LAL Patch.esp -> missing master(s)
[2026-07-13 19:39:26]   DISABLE COTN Dawnstar - Aniya patch.esp -> missing master(s)
[2026-07-13 19:39:26]   DISABLE COTN Dawnstar - Art Imports Patch.esp -> missing master(s)
[2026-07-13 19:39:26]   DISABLE COTN Dawnstar - Arthmoor's Dawnstar + NotWL patch.esp -> missing master(s)
[2026-07-13 19:39:26]   DISABLE COTN Dawnstar - Arthmoor's Dawnstar Patch.esp -> missing master(s)
[2026-07-13 19:39:26]   DISABLE COTN Dawnstar - Artifacts Revised Patch.esp -> missing master(s)
[2026-07-13 19:39:26]   DISABLE COTN Dawnstar - AYOP TG Patch.esp -> missing master(s)
[2026-07-13 19:39:26]   DISABLE COTN Dawnstar - CACO patch.esp -> missing master(s)
[2026-07-13 19:39:26]   DISABLE COTN Dawnstar - Cheesemod Patch.esp -> missing master(s)
[2026-07-13 19:39:26]   DISABLE COTN Dawnstar - Citizens of Tamriel patch.esp -> missing master(s)
[2026-07-13 19:39:26]   DISABLE COTN Dawnstar - Cooking Adventures Patch.esp -> missing master(s)
[2026-07-13 19:39:26]   DISABLE COTN Dawnstar - Daedric Cloaks (LOTD) patch.esp -> missing master(s)
[2026-07-13 19:39:26]   DISABLE COTN Dawnstar - Daedric Cloaks (regular) patch.esp -> missing master(s)
[2026-07-13 19:39:26]   DISABLE COTN Dawnstar - Dawnstar Guard Overhaul patch.esp -> missing master(s)
[2026-07-13 19:39:26]   DISABLE COTN Dawnstar - Denizens of Morthal Patch.esp -> missing master(s)
[2026-07-13 19:39:26]   DISABLE COTN Dawnstar - Drunks of Skyrim Patch.esp -> missing master(s)
[2026-07-13 19:39:26]   DISABLE COTN Dawnstar - Elder Outfit Overhaul Patch.esp -> missing master(s)
[2026-07-13 19:39:26]   DISABLE COTN Dawnstar - ELFX Exterior Patch.esp -> missing master(s)
[2026-07-13 19:39:26]   DISABLE COTN Dawnstar - ELFX Inclusive Patch.esp -> missing master(s)
[2026-07-13 19:39:26]   DISABLE COTN Dawnstar - Equippable Tomes Patch.esp -> missing master(s)
[2026-07-13 19:39:26]   DISABLE COTN Dawnstar - ESO Imports patch.esp -> missing master(s)
[2026-07-13 19:39:26]   DISABLE COTN Dawnstar - ETaC - JKs Skyrim - NSUTR Patch.esp -> missing master(s)
[2026-07-13 19:39:26]   DISABLE COTN Dawnstar - ETaC - NSUTR Patch.esp -> missing master(s)
[2026-07-13 19:39:26]   DISABLE COTN Dawnstar - Expanded Towns and Cities - Dawnstar.esp -> missing master(s)
[2026-07-13 19:39:26]   DISABLE COTN Dawnstar - Expanded Towns and Cities.esp -> missing master(s)
[2026-07-13 19:39:26]   DISABLE COTN Dawnstar - ezPG patch.esp -> missing master(s)
[2026-07-13 19:39:26]   DISABLE COTN Dawnstar - Farmhouse Chimneys patch.esp -> missing master(s)
[2026-07-13 19:39:26]   DISABLE COTN Dawnstar - Guards Armor Replacer Patch.esp -> missing master(s)
[2026-07-13 19:39:26]   DISABLE COTN Dawnstar - Holidays Patch.esp -> missing master(s)
[2026-07-13 19:39:26]   DISABLE COTN Dawnstar - ICOW Patch.esp -> missing master(s)
[2026-07-13 19:39:26]   DISABLE COTN Dawnstar - Immersive Citizens AI Overhaul Patch.esp -> missing master(s)
[2026-07-13 19:39:26]   DISABLE COTN Dawnstar - Immersive Wenches Patch.esp -> missing master(s)
[2026-07-13 19:39:26]   DISABLE COTN Dawnstar - JK's Skyrim + Beyond Skyrim Wares Patch.esp -> missing master(s)
[2026-07-13 19:39:26]   DISABLE COTN Dawnstar - JK's Skyrim + Outlaws Refuges Patch.esp -> missing master(s)
[2026-07-13 19:39:26]   DISABLE COTN Dawnstar - JK's Skyrim - Arthmoor's Dawnstar - Medieval Lanterns Patch.esp -> missing master(s)
[2026-07-13 19:39:26]   DISABLE COTN Dawnstar - JK's Skyrim - Arthmoor's Dawnstar Patch.esp -> missing master(s)
[2026-07-13 19:39:26]   DISABLE COTN Dawnstar - JK's Skyrim - TGC Dawnstar Patch.esp -> missing master(s)
[2026-07-13 19:39:26]   DISABLE COTN Dawnstar - JK's Skyrim Patch.esp -> missing master(s)
[2026-07-13 19:39:26]   DISABLE COTN Dawnstar - JK's TNOTT Patch.esp -> missing master(s)
[2026-07-13 19:39:26]   DISABLE COTN Dawnstar - JKs Skyrim + NotWL patch.esp -> missing master(s)
[2026-07-13 19:39:26]   DISABLE COTN Dawnstar - JKs Skyrim - Blowing in the Wind Patch.esp -> missing master(s)
[2026-07-13 19:39:26]   DISABLE COTN Dawnstar - JKs Skyrim - Immersive Citizens AI Overhaul Patch.esp -> missing master(s)
[2026-07-13 19:39:26]   DISABLE COTN Dawnstar - JKs Skyrim - Lanterns of Skyrim II Patch.esp -> missing master(s)
[2026-07-13 19:39:26]   DISABLE COTN Dawnstar - JKs Skyrim - NSUTR Patch.esp -> missing master(s)
[2026-07-13 19:39:26]   DISABLE COTN Dawnstar - Keep it Clean Patch.esp -> missing master(s)
[2026-07-13 19:39:26]   DISABLE COTN Dawnstar - Knight of Thorn patch.esp -> missing master(s)
[2026-07-13 19:39:26]   DISABLE COTN Dawnstar - Kozakowy MDP Outfit (ESL) patch.esp -> missing master(s)
[2026-07-13 19:39:26]   DISABLE COTN Dawnstar - Kozakowy MDP Outfit (ESP) patch.esp -> missing master(s)
[2026-07-13 19:39:26]   DISABLE COTN Dawnstar - Lanterns of Skyrim II Patch.esp -> missing master(s)
[2026-07-13 19:39:26]   DISABLE COTN Dawnstar - Legacy of the Dragonborn (SFCO) patch.esp -> missing master(s)
[2026-07-13 19:39:26]   DISABLE COTN Dawnstar - Legends Imports patch.esp -> missing master(s)
[2026-07-13 19:39:26]   DISABLE COTN Dawnstar - Leviathan Axe patch.esp -> missing master(s)
[2026-07-13 19:39:26]   DISABLE COTN Dawnstar - Medieval Lanterns - JKs Arths patch.esp -> missing master(s)
[2026-07-13 19:39:26]   DISABLE COTN Dawnstar - Medieval Lanterns - JKs Skyrim Patch.esp -> missing master(s)
[2026-07-13 19:39:26]   DISABLE COTN Dawnstar - Medieval Lanterns - JKs TGCoD patch.esp -> missing master(s)
[2026-07-13 19:39:26]   DISABLE COTN Dawnstar - Medieval Lanterns Patch.esp -> missing master(s)
[2026-07-13 19:39:26]   DISABLE COTN Dawnstar - Meridias Order patch.esp -> missing master(s)
[2026-07-13 19:39:26]   DISABLE COTN Dawnstar - Mihail Citizens Patch.esp -> missing master(s)
[2026-07-13 19:39:26]   DISABLE COTN Dawnstar - MLU patch.esp -> missing master(s)
[2026-07-13 19:39:26]   DISABLE COTN Dawnstar - Morskom Estate Patch.esp -> missing master(s)
[2026-07-13 19:39:26]   DISABLE COTN Dawnstar - Mystic Condenser Patch.esp -> missing master(s)
[2026-07-13 19:39:26]   DISABLE COTN Dawnstar - Mythos Patch.esp -> missing master(s)
[2026-07-13 19:39:26]   DISABLE COTN Dawnstar - No Snow Under The Roof Patch.esp -> missing master(s)
[2026-07-13 19:39:26]   DISABLE COTN Dawnstar - Nord Ships Patch.esp -> missing master(s)
[2026-07-13 19:39:26]   DISABLE COTN Dawnstar - Off Limits Patch.esp -> missing master(s)
[2026-07-13 19:39:26]   DISABLE COTN Dawnstar - Open Civil War Patch.esp -> missing master(s)
[2026-07-13 19:39:26]   DISABLE COTN Dawnstar - Outlaw Refuges Patch.esp -> missing master(s)
[2026-07-13 19:39:26]   DISABLE COTN Dawnstar - Populated Cities Patch.esp -> missing master(s)
[2026-07-13 19:39:26]   DISABLE COTN Dawnstar - Populated Skyrim Patch.esp -> missing master(s)
[2026-07-13 19:39:26]   DISABLE COTN Dawnstar - Radiance Locations patch.esp -> missing master(s)
[2026-07-13 19:39:26]   DISABLE COTN Dawnstar - Realistic Room Rental Patch.esp -> missing master(s)
[2026-07-13 19:39:26]   DISABLE COTN Dawnstar - Requiem Patch.esp -> missing master(s)
[2026-07-13 19:39:26]   DISABLE COTN Dawnstar - S3DSigns patch.esp -> missing master(s)
[2026-07-13 19:39:26]   DISABLE COTN Dawnstar - Sanctuary Reborn Patch.esp -> missing master(s)
[2026-07-13 19:39:26]   DISABLE COTN Dawnstar - Second Great War Patch.esp -> missing master(s)
[2026-07-13 19:39:26]   DISABLE COTN Dawnstar - SFCO Patch.esp -> missing master(s)
[2026-07-13 19:39:26]   DISABLE COTN Dawnstar - SK Unique Signs Patch.esp -> missing master(s)
[2026-07-13 19:39:26]   DISABLE COTN Dawnstar - Skyrim 3D Trees Patch.esp -> missing master(s)
[2026-07-13 19:39:26]   DISABLE COTN Dawnstar - Skyrim Reputation Patch.esp -> missing master(s)
[2026-07-13 19:39:26]   DISABLE COTN Dawnstar - Skyrim Unique Drinks Patch.esp -> missing master(s)
[2026-07-13 19:39:26]   DISABLE COTN Dawnstar - Snazzy Interiors - Dawnstar AIO + 3DNPC patch.esp -> missing master(s)
[2026-07-13 19:39:26]   DISABLE COTN Dawnstar - Snazzy Interiors - Dawnstar AIO + Additional Hearthfire Dolls patch.esp -> missing master(s)
[2026-07-13 19:39:26]   DISABLE COTN Dawnstar - Snazzy Interiors - Dawnstar AIO + AI Overhaul patch.esp -> missing master(s)
[2026-07-13 19:39:26]   DISABLE COTN Dawnstar - Snazzy Interiors - Dawnstar AIO + Amulets of Skyrim patch.esp -> missing master(s)
[2026-07-13 19:39:26]   DISABLE COTN Dawnstar - Snazzy Interiors - Dawnstar AIO + AYOP TG patch.esp -> missing master(s)
[2026-07-13 19:39:26]   DISABLE COTN Dawnstar - Snazzy Interiors - Dawnstar AIO + Cheesemod patch.esp -> missing master(s)
[2026-07-13 19:39:26]   DISABLE COTN Dawnstar - Snazzy Interiors - Dawnstar AIO + Daedric Cloaks (LotD) patch.esp -> missing master(s)
[2026-07-13 19:39:26]   DISABLE COTN Dawnstar - Snazzy Interiors - Dawnstar AIO + Daedric Cloaks (regular) patch.esp -> missing master(s)
[2026-07-13 19:39:26]   DISABLE COTN Dawnstar - Snazzy Interiors - Dawnstar AIO + Embers XD patch.esp -> missing master(s)
[2026-07-13 19:39:26]   DISABLE COTN Dawnstar - Snazzy Interiors - Dawnstar AIO + Environs Abandoned Abodes patch.esp -> missing master(s)
[2026-07-13 19:39:26]   DISABLE COTN Dawnstar - Snazzy Interiors - Dawnstar AIO + ESO Imports patch.esp -> missing master(s)
[2026-07-13 19:39:26]   DISABLE COTN Dawnstar - Snazzy Interiors - Dawnstar AIO + ICAIO patch.esp -> missing master(s)
[2026-07-13 19:39:26]   DISABLE COTN Dawnstar - Snazzy Interiors - Dawnstar AIO + Kozakowy MDP Outfit (ESL) patch.esp -> missing master(s)
[2026-07-13 19:39:26]   DISABLE COTN Dawnstar - Snazzy Interiors - Dawnstar AIO + Kozakowy MDP Outfit (ESP) patch.esp -> missing master(s)
[2026-07-13 19:39:26]   DISABLE COTN Dawnstar - Snazzy Interiors - Dawnstar AIO + LotD (regular) patch.esp -> missing master(s)
[2026-07-13 19:39:26]   DISABLE COTN Dawnstar - Snazzy Interiors - Dawnstar AIO + LotD (SFCO) patch.esp -> missing master(s)
[2026-07-13 19:39:26]   DISABLE COTN Dawnstar - Snazzy Interiors - Dawnstar AIO + Lux patch.esp -> missing master(s)
[2026-07-13 19:39:26]   DISABLE COTN Dawnstar - Snazzy Interiors - Dawnstar AIO + Radiance Locations patch.esp -> missing master(s)
[2026-07-13 19:39:26]   DISABLE COTN Dawnstar - Snazzy Interiors - Dawnstar AIO + Requiem patch.esp -> missing master(s)
[2026-07-13 19:39:26]   DISABLE COTN Dawnstar - Snazzy Interiors - Dawnstar AIO + SFCO patch.esp -> missing master(s)
[2026-07-13 19:39:26]   DISABLE COTN Dawnstar - Snazzy Interiors - Dawnstar AIO + Sounds of Skyrim (Lux) patch.esp -> missing master(s)
[2026-07-13 19:39:26]   DISABLE COTN Dawnstar - Snazzy Interiors - Dawnstar AIO + Sounds of Skyrim patch.esp -> missing master(s)
[2026-07-13 19:39:26]   DISABLE COTN Dawnstar - Snazzy Interiors - Dawnstar AIO + SUT patch.esp -> missing master(s)
[2026-07-13 19:39:26]   DISABLE COTN Dawnstar - Snazzy Interiors - Dawnstar AIO + Tamrielic Culture patch.esp -> missing master(s)
[2026-07-13 19:39:26]   DISABLE COTN Dawnstar - Snazzy Interiors - Dawnstar AIO + TNOTT patch.esp -> missing master(s)
[2026-07-13 19:39:26]   DISABLE COTN Dawnstar - Snazzy Interiors - Dawnstar AIO patch.esp -> missing master(s)
[2026-07-13 19:39:26]   DISABLE COTN Dawnstar - Snazzy Interiors Dawnstar Brina's House + ESO Imports patch.esp -> missing master(s)
[2026-07-13 19:39:26]   DISABLE COTN Dawnstar - Snazzy Interiors Dawnstar Brina's House + Lux Patch.esp -> missing master(s)
[2026-07-13 19:39:26]   DISABLE COTN Dawnstar - Snazzy Interiors Dawnstar Brina's House + TNotT patch.esp -> missing master(s)
[2026-07-13 19:39:26]   DISABLE COTN Dawnstar - Snazzy Interiors Dawnstar Brina's House patch.esp -> missing master(s)
[2026-07-13 19:39:26]   DISABLE COTN Dawnstar - Snazzy Mortar and Pestle + AI Overhaul patch.esp -> missing master(s)
[2026-07-13 19:39:26]   DISABLE COTN Dawnstar - Snazzy Mortar and Pestle + AYOP TG patch.esp -> missing master(s)
[2026-07-13 19:39:26]   DISABLE COTN Dawnstar - Snazzy Mortar and Pestle + Cheesemod patch.esp -> missing master(s)
[2026-07-13 19:39:26]   DISABLE COTN Dawnstar - Snazzy Mortar and Pestle + LotD patch.esp -> missing master(s)
[2026-07-13 19:39:26]   DISABLE COTN Dawnstar - Snazzy Mortar and Pestle + Lux patch.esp -> missing master(s)
[2026-07-13 19:39:26]   DISABLE COTN Dawnstar - Snazzy Mortar and Pestle + Requiem patch.esp -> missing master(s)
[2026-07-13 19:39:26]   DISABLE COTN Dawnstar - Snazzy Mortar and Pestle + SFCO patch.esp -> missing master(s)
[2026-07-13 19:39:26]   DISABLE COTN Dawnstar - Snazzy Mortar and Pestle + Sounds of Skyrim (Lux) patch.esp -> missing master(s)
[2026-07-13 19:39:26]   DISABLE COTN Dawnstar - Snazzy Mortar and Pestle + Sounds of Skyrim patch.esp -> missing master(s)
[2026-07-13 19:39:26]   DISABLE COTN Dawnstar - Snazzy Mortar and Pestle + Tamrielic Culture patch.esp -> missing master(s)
[2026-07-13 19:39:26]   DISABLE COTN Dawnstar - Snazzy Mortar and Pestle + TNotT patch.esp -> missing master(s)
[2026-07-13 19:39:26]   DISABLE COTN Dawnstar - Snazzy Mortar and Pestle patch.esp -> missing master(s)
[2026-07-13 19:39:26]   DISABLE COTN Dawnstar - Snazzy Rustleif's House + Lux patch.esp -> missing master(s)
[2026-07-13 19:39:26]   DISABLE COTN Dawnstar - Snazzy Rustleif's House patch.esp -> missing master(s)
[2026-07-13 19:39:26]   DISABLE COTN Dawnstar - Snazzy Silus Vesuius's House + Additional Hearthfire Dolls patch.esp -> missing master(s)
[2026-07-13 19:39:26]   DISABLE COTN Dawnstar - Snazzy Silus Vesuius's House + Amulets of Skyrim patch.esp -> missing master(s)
[2026-07-13 19:39:26]   DISABLE COTN Dawnstar - Snazzy Silus Vesuius's House + Cheesemod patch.esp -> missing master(s)
[2026-07-13 19:39:26]   DISABLE COTN Dawnstar - Snazzy Silus Vesuius's House + Daedric Cloaks (LOTD) patch.esp -> missing master(s)
[2026-07-13 19:39:26]   DISABLE COTN Dawnstar - Snazzy Silus Vesuius's House + Daedric Cloaks (regular) patch.esp -> missing master(s)
[2026-07-13 19:39:26]   DISABLE COTN Dawnstar - Snazzy Silus Vesuius's House + Embers XD patch.esp -> missing master(s)
[2026-07-13 19:39:26]   DISABLE COTN Dawnstar - Snazzy Silus Vesuius's House + Environs Abandoned Abodes patch.esp -> missing master(s)
[2026-07-13 19:39:26]   DISABLE COTN Dawnstar - Snazzy Silus Vesuius's House + Kozakowy MDP Outfit (ESL) patch.esp -> missing master(s)
[2026-07-13 19:39:26]   DISABLE COTN Dawnstar - Snazzy Silus Vesuius's House + Kozakowy MDP Outfit (ESP) patch.esp -> missing master(s)
[2026-07-13 19:39:26]   DISABLE COTN Dawnstar - Snazzy Silus Vesuius's House + LotD (regular) patch.esp -> missing master(s)
[2026-07-13 19:39:26]   DISABLE COTN Dawnstar - Snazzy Silus Vesuius's House + LotD (SFCO) patch.esp -> missing master(s)
[2026-07-13 19:39:26]   DISABLE COTN Dawnstar - Snazzy Silus Vesuius's House + Lux patch.esp -> missing master(s)
[2026-07-13 19:39:26]   DISABLE COTN Dawnstar - Snazzy Silus Vesuius's House + Radiance Locations patch.esp -> missing master(s)
[2026-07-13 19:39:26]   DISABLE COTN Dawnstar - Snazzy Silus Vesuius's House + SFCO patch.esp -> missing master(s)
[2026-07-13 19:39:26]   DISABLE COTN Dawnstar - Snazzy Silus Vesuius's House + SUT patch.esp -> missing master(s)
[2026-07-13 19:39:26]   DISABLE COTN Dawnstar - Snazzy Silus Vesuius's House + TNOTT patch.esp -> missing master(s)
[2026-07-13 19:39:26]   DISABLE COTN Dawnstar - Snazzy Silus Vesuius's House patch.esp -> missing master(s)
[2026-07-13 19:39:26]   DISABLE COTN Dawnstar - Snazzy Windpeak Inn + Lux patch.esp -> missing master(s)
[2026-07-13 19:39:26]   DISABLE COTN Dawnstar - Snazzy Windpeak Inn patch.esp -> missing master(s)
[2026-07-13 19:39:26]   DISABLE COTN Dawnstar - Sounds of Skyrim patch.esp -> missing master(s)
[2026-07-13 19:39:26]   DISABLE COTN Dawnstar - Tamrielic Culture patch.esp -> missing master(s)
[2026-07-13 19:39:26]   DISABLE COTN Dawnstar - The Great Cities - Minor Cities and Towns Patch.esp -> missing master(s)
[2026-07-13 19:39:26]   DISABLE COTN Dawnstar - The Great City of Dawnstar Patch.esp -> missing master(s)
[2026-07-13 19:39:26]   DISABLE COTN Dawnstar - Thrones Expanded patch.esp -> missing master(s)
[2026-07-13 19:39:26]   DISABLE COTN Dawnstar - TPOS2 Farmhouse Inns ELFX Patch.esp -> missing master(s)
[2026-07-13 19:39:26]   DISABLE COTN Dawnstar - TPOS2 Farmhouse Inns Patch.esp -> missing master(s)
[2026-07-13 19:39:26]   DISABLE COTN Dawnstar - Training Dummies XP patch.esp -> missing master(s)
[2026-07-13 19:39:26]   DISABLE COTN Dawnstar - Trollhunter Patch.esp -> missing master(s)
[2026-07-13 19:39:27]   DISABLE JKs Skyrim_Arth CRF DA DB FA IV RO_Patch.esp -> missing master(s)
[2026-07-13 19:39:27]   DISABLE SFCO3-Addons - Snazzy Rustleif's House patch.esp -> missing master(s)
[2026-07-13 19:39:27]   DISABLE COTN Falkreath - A Cats Life patch.esp -> missing master(s)
[2026-07-13 19:39:27]   DISABLE COTN Falkreath - Abstract Falkreath - Ruined Kingdom patch.esp -> missing master(s)
[2026-07-13 19:39:27]   DISABLE COTN Falkreath - Additional Hearthfire Dolls Patch.esp -> missing master(s)
[2026-07-13 19:39:27]   DISABLE COTN Falkreath - AI Overhaul patch.esp -> missing master(s)
[2026-07-13 19:39:27]   DISABLE COTN Falkreath - Alternate Start Patch.esp -> missing master(s)
[2026-07-13 19:39:27]   DISABLE COTN Falkreath - Anna NPCs + Helgen Reborn Patch.esp -> missing master(s)
[2026-07-13 19:39:27]   DISABLE COTN Falkreath - Anna NPCs Patch.esp -> missing master(s)
[2026-07-13 19:39:27]   DISABLE COTN Falkreath - Art Imports patch.esp -> missing master(s)
[2026-07-13 19:39:27]   DISABLE COTN Falkreath - AYOP TG patch.esp -> missing master(s)
[2026-07-13 19:39:27]   DISABLE COTN Falkreath - Birds of Skyrim patch.esp -> missing master(s)
[2026-07-13 19:39:27]   DISABLE COTN Falkreath - Book Covers Skyrim patch.esp -> missing master(s)
[2026-07-13 19:39:27]   DISABLE COTN Falkreath - Bring Meeko to Lod Patch.esp -> missing master(s)
[2026-07-13 19:39:27]   DISABLE COTN Falkreath - BUVARP.esp -> missing master(s)
[2026-07-13 19:39:27]   DISABLE COTN Falkreath - CACO patch.esp -> missing master(s)
[2026-07-13 19:39:27]   DISABLE COTN Falkreath - Cheesemod Patch.esp -> missing master(s)
[2026-07-13 19:39:27]   DISABLE COTN Falkreath - Cooking Adventures in Skyrim patch.esp -> missing master(s)
[2026-07-13 19:39:27]   DISABLE COTN Falkreath - Dawnguard Sentries patch.esp -> missing master(s)
[2026-07-13 19:39:27]   DISABLE COTN Falkreath - Diverse Witcher Missives Boards patch.esp -> missing master(s)
[2026-07-13 19:39:27]   DISABLE COTN Falkreath - DootY patch.esp -> missing master(s)
[2026-07-13 19:39:27]   DISABLE COTN Falkreath - Drinking Fountains patch.esp -> missing master(s)
[2026-07-13 19:39:27]   DISABLE COTN Falkreath - Drunks of Skyrim patch.esp -> missing master(s)
[2026-07-13 19:39:27]   DISABLE COTN Falkreath - Edmonds Birds patch.esp -> missing master(s)
[2026-07-13 19:39:27]   DISABLE COTN Falkreath - ELFX Exteriors patch.esp -> missing master(s)
[2026-07-13 19:39:27]   DISABLE COTN Falkreath - ELFX Patch.esp -> missing master(s)
[2026-07-13 19:39:27]   DISABLE COTN Falkreath - Enhanced Landscapes Patch.esp -> missing master(s)
[2026-07-13 19:39:27]   DISABLE COTN Falkreath - ESO Imports patch.esp -> missing master(s)
[2026-07-13 19:39:27]   DISABLE COTN Falkreath - ezPG patch.esp -> missing master(s)
[2026-07-13 19:39:27]   DISABLE COTN Falkreath - Falkreath Hauntings patch.esp -> missing master(s)
[2026-07-13 19:39:27]   DISABLE COTN Falkreath - Farmhouse Chimneys patch.esp -> missing master(s)
[2026-07-13 19:39:27]   DISABLE COTN Falkreath - Fyr Manor patch.esp -> missing master(s)
[2026-07-13 19:39:27]   DISABLE COTN Falkreath - GAR patch.esp -> missing master(s)
[2026-07-13 19:39:27]   DISABLE COTN Falkreath - Hearthfire Extended patch.esp -> missing master(s)
[2026-07-13 19:39:27]   DISABLE COTN Falkreath - Helgen Reborn - Door Patch.esp -> missing master(s)
[2026-07-13 19:39:27]   DISABLE COTN Falkreath - Holidays patch.esp -> missing master(s)
[2026-07-13 19:39:27]   DISABLE COTN Falkreath - ICOW Patch.esp -> missing master(s)
[2026-07-13 19:39:27]   DISABLE COTN Falkreath - Immersive Citizens patch.esp -> missing master(s)
[2026-07-13 19:39:27]   DISABLE COTN Falkreath - Immersive Laundry patch.esp -> missing master(s)
[2026-07-13 19:39:27]   DISABLE COTN Falkreath - Immersive Wenches Patch.esp -> missing master(s)
[2026-07-13 19:39:27]   DISABLE COTN Falkreath - JK - Doors Addon Patch.esp -> missing master(s)
[2026-07-13 19:39:27]   DISABLE COTN Falkreath - JKs - TGCF - Anna NPCs + Helgen Reborn Patch.esp -> missing master(s)
[2026-07-13 19:39:27]   DISABLE COTN Falkreath - JKs - TGCF - Anna NPCs Patch.esp -> missing master(s)
[2026-07-13 19:39:27]   DISABLE COTN Falkreath - JKs - TGCF - Clockwork Patch.esp -> missing master(s)
[2026-07-13 19:39:27]   DISABLE COTN Falkreath - JKs - TGCF - ESO Imports Patch.esp -> missing master(s)
[2026-07-13 19:39:27]   DISABLE COTN Falkreath - JKs - TGCF - Helgen Reborn Patch.esp -> missing master(s)
[2026-07-13 19:39:27]   DISABLE COTN Falkreath - JKs - TGCF - Landscape and Water Fixes Patch.esp -> missing master(s)
[2026-07-13 19:39:27]   DISABLE COTN Falkreath - JKs - TGCF - LOTD patch.esp -> missing master(s)
[2026-07-13 19:39:27]   DISABLE COTN Falkreath - JKs - TGCF - Outlaws Refuges - Skyrim Underground Patch.esp -> missing master(s)
[2026-07-13 19:39:27]   DISABLE COTN Falkreath - JKs - TGCF - Outlaws Refuges Patch.esp -> missing master(s)
[2026-07-13 19:39:27]   DISABLE COTN Falkreath - JKs - TGCF - Skyrim Underground Patch.esp -> missing master(s)
[2026-07-13 19:39:27]   DISABLE COTN Falkreath - JKs Skyrim - Anna NPCs + Helgen Reborn Patch.esp -> missing master(s)
[2026-07-13 19:39:27]   DISABLE COTN Falkreath - JKs Skyrim - Anna NPCs Patch.esp -> missing master(s)
[2026-07-13 19:39:27]   DISABLE COTN Falkreath - JKs Skyrim - Clockwork Patch.esp -> missing master(s)
[2026-07-13 19:39:27]   DISABLE COTN Falkreath - JKs Skyrim - ESO Imports Patch.esp -> missing master(s)
[2026-07-13 19:39:27]   DISABLE COTN Falkreath - JKs Skyrim - Helgen Reborn Patch.esp -> missing master(s)
[2026-07-13 19:39:27]   DISABLE COTN Falkreath - JKs Skyrim - LAWF Patch.esp -> missing master(s)
[2026-07-13 19:39:27]   DISABLE COTN Falkreath - JKs Skyrim - LoS II Patch.esp -> missing master(s)
[2026-07-13 19:39:27]   DISABLE COTN Falkreath - JKs Skyrim - Outlaws Refuges - Skyrim Underground Patch.esp -> missing master(s)
[2026-07-13 19:39:27]   DISABLE COTN Falkreath - JKs Skyrim - Outlaws Refuges Patch.esp -> missing master(s)
[2026-07-13 19:39:27]   DISABLE COTN Falkreath - JKs Skyrim - Skyrim Underground Patch.esp -> missing master(s)
[2026-07-13 19:39:27]   DISABLE COTN Falkreath - JKs Skyrim - TGCF Patch.esp -> missing master(s)
[2026-07-13 19:39:27]   DISABLE COTN Falkreath - JKs Skyrim - WPF Patch.esp -> missing master(s)
[2026-07-13 19:39:27]   DISABLE COTN Falkreath - JKs Skyrim Patch.esp -> missing master(s)
[2026-07-13 19:39:27]   DISABLE COTN Falkreath - Keep It Clean patch.esp -> missing master(s)
[2026-07-13 19:39:27]   DISABLE COTN Falkreath - Knight of Thorn patch.esp -> missing master(s)
[2026-07-13 19:39:27]   DISABLE COTN Falkreath - Landscape and Water Fixes Patch.esp -> missing master(s)
[2026-07-13 19:39:27]   DISABLE COTN Falkreath - Lanterns of Skyrim II Patch.esp -> missing master(s)
[2026-07-13 19:39:27]   DISABLE COTN Falkreath - Legends Imports patch.esp -> missing master(s)
[2026-07-13 19:39:27]   DISABLE COTN Falkreath - Map Markers Complete patch.esp -> missing master(s)
[2026-07-13 19:39:27]   DISABLE COTN Falkreath - Medieval Lanterns Patch.esp -> missing master(s)
[2026-07-13 19:39:27]   DISABLE COTN Falkreath - Mihail Haystacks patch.esp -> missing master(s)
[2026-07-13 19:39:27]   DISABLE COTN Falkreath - More Map Markers patch.esp -> missing master(s)
[2026-07-13 19:39:27]   DISABLE COTN Falkreath - Mystic Condenser Patch.esp -> missing master(s)
[2026-07-13 19:39:27]   DISABLE COTN Falkreath - Mythos.esp -> missing master(s)
[2026-07-13 19:39:27]   DISABLE COTN Falkreath - NotWL + Lux Orbis patch.esp -> missing master(s)
[2026-07-13 19:39:27]   DISABLE COTN Falkreath - Off Limits patch.esp -> missing master(s)
[2026-07-13 19:39:27]   DISABLE COTN Falkreath - Open Civil War Patch.esp -> missing master(s)
[2026-07-13 19:39:27]   DISABLE COTN Falkreath - Outlaws Refuges - Skyrim Underground Patch.esp -> missing master(s)
[2026-07-13 19:39:27]   DISABLE COTN Falkreath - Outlaws Refuges Patch.esp -> missing master(s)
[2026-07-13 19:39:27]   DISABLE COTN Falkreath - Radiance Locations patch.esp -> missing master(s)
[2026-07-13 19:39:27]   DISABLE COTN Falkreath - Redux patch.esp -> missing master(s)
[2026-07-13 19:39:27]   DISABLE COTN Falkreath - Requiem patch.esp -> missing master(s)
[2026-07-13 19:39:27]   DISABLE COTN Falkreath - Rigmor of Bruma patch.esp -> missing master(s)
[2026-07-13 19:39:27]   DISABLE COTN Falkreath - Rigmor of Cirodiil patch.esp -> missing master(s)
[2026-07-13 19:39:27]   DISABLE COTN Falkreath - S3DSigns patch.esp -> missing master(s)
[2026-07-13 19:39:27]   DISABLE COTN Falkreath - Second Great War patch.esp -> missing master(s)
[2026-07-13 19:39:27]   DISABLE COTN Falkreath - SFCO - Immersive Citizens patch.esp -> missing master(s)
[2026-07-13 19:39:27]   DISABLE COTN Falkreath - SFCO patch.esp -> missing master(s)
[2026-07-13 19:39:27]   DISABLE COTN Falkreath - Shrouded Lair patch.esp -> missing master(s)
[2026-07-13 19:39:27]   DISABLE COTN Falkreath - SK Unique Signs Patch.esp -> missing master(s)
[2026-07-13 19:39:27]   DISABLE COTN Falkreath - Skyrim Underground Patch.esp -> missing master(s)
[2026-07-13 19:39:27]   DISABLE COTN Falkreath - Skyrim Unique Drinks Patch.esp -> missing master(s)
[2026-07-13 19:39:27]   DISABLE COTN Falkreath - Snazzy Interiors Falkreath AIO + Art Imports patch.esp -> missing master(s)
[2026-07-13 19:39:27]   DISABLE COTN Falkreath - Snazzy Interiors Falkreath AIO + Cheesemod patch.esp -> missing master(s)
[2026-07-13 19:39:27]   DISABLE COTN Falkreath - Snazzy Interiors Falkreath AIO + ESO Imports patch.esp -> missing master(s)
[2026-07-13 19:39:27]   DISABLE COTN Falkreath - Snazzy Interiors Falkreath AIO + ICAIO patch.esp -> missing master(s)
[2026-07-13 19:39:27]   DISABLE COTN Falkreath - Snazzy Interiors Falkreath AIO + SFCO (ICAIO) patch.esp -> missing master(s)
[2026-07-13 19:39:27]   DISABLE COTN Falkreath - Snazzy Interiors Falkreath AIO + SFCO patch.esp -> missing master(s)
[2026-07-13 19:39:27]   DISABLE COTN Falkreath - Snazzy Interiors Falkreath AIO + SUT patch.esp -> missing master(s)
[2026-07-13 19:39:27]   DISABLE COTN Falkreath - Snazzy Interiors Falkreath AIO + TNotT patch.esp -> missing master(s)
[2026-07-13 19:39:27]   DISABLE COTN Falkreath - Snazzy Interiors Falkreath AIO patch.esp -> missing master(s)
[2026-07-13 19:39:27]   DISABLE COTN Falkreath - Snazzy Interiors Falkreath Dengeir's House + Art Imports patch.esp -> missing master(s)
[2026-07-13 19:39:27]   DISABLE COTN Falkreath - Snazzy Interiors Falkreath Dengeir's House + Cheesemod patch.esp -> missing master(s)
[2026-07-13 19:39:27]   DISABLE COTN Falkreath - Snazzy Interiors Falkreath Dengeir's House + ESO Imports patch.esp -> missing master(s)
[2026-07-13 19:39:27]   DISABLE COTN Falkreath - Snazzy Interiors Falkreath Dengeir's House + ICAIO patch.esp -> missing master(s)
[2026-07-13 19:39:27]   DISABLE COTN Falkreath - Snazzy Interiors Falkreath Dengeir's House + SFCO (ICAIO) patch.esp -> missing master(s)
[2026-07-13 19:39:27]   DISABLE COTN Falkreath - Snazzy Interiors Falkreath Dengeir's House + SFCO patch.esp -> missing master(s)
[2026-07-13 19:39:27]   DISABLE COTN Falkreath - Snazzy Interiors Falkreath Dengeir's House + SUT patch.esp -> missing master(s)
[2026-07-13 19:39:27]   DISABLE COTN Falkreath - Snazzy Interiors Falkreath Dengeir's House + TNotT patch.esp -> missing master(s)
[2026-07-13 19:39:27]   DISABLE COTN Falkreath - Snazzy Interiors Falkreath Dengeir's House patch.esp -> missing master(s)
[2026-07-13 19:39:27]   DISABLE COTN Falkreath - Snazzy Interiors Falkreath Grave Concoctions patch.esp -> missing master(s)
[2026-07-13 19:39:27]   DISABLE COTN Falkreath - Snazzy Interiors Falkreath Gray Pine Goods patch.esp -> missing master(s)
[2026-07-13 19:39:27]   DISABLE COTN Falkreath - Solitude and Temple Frescoes ESL No Lanterns Patch.esp -> missing master(s)
[2026-07-13 19:39:27]   DISABLE COTN Falkreath - Solitude and Temple Frescoes ESL patch.esp -> missing master(s)
[2026-07-13 19:39:27]   DISABLE COTN Falkreath - Solitude and Temple Frescoes ESP patch.esp -> missing master(s)
[2026-07-13 19:39:27]   DISABLE COTN Falkreath - Sons of Skyrim patch.esp -> missing master(s)
[2026-07-13 19:39:27]   DISABLE COTN Falkreath - Sounds of Skyrim (Lux) patch.esp -> missing master(s)
[2026-07-13 19:39:27]   DISABLE COTN Falkreath - Sounds of Skyrim patch.esp -> missing master(s)
[2026-07-13 19:39:27]   DISABLE COTN Falkreath - Tamrielic Culture patch.esp -> missing master(s)
[2026-07-13 19:39:27]   DISABLE COTN Falkreath - TGC - Anna NPCs + Helgen Reborn Patch.esp -> missing master(s)
[2026-07-13 19:39:27]   DISABLE COTN Falkreath - TGC - Anna NPCs Patch.esp -> missing master(s)
[2026-07-13 19:39:27]   DISABLE COTN Falkreath - TGC - Clockwork Patch.esp -> missing master(s)
[2026-07-13 19:39:27]   DISABLE COTN Falkreath - TGC - ESO Imports Patch.esp -> missing master(s)
[2026-07-13 19:39:27]   DISABLE COTN Falkreath - TGC - Helgen Reborn Patch.esp -> missing master(s)
[2026-07-13 19:39:27]   DISABLE COTN Falkreath - TGC - Landscape and Water Fixes Patch.esp -> missing master(s)
[2026-07-13 19:39:27]   DISABLE COTN Falkreath - TGC - LOTD Patch.esp -> missing master(s)
[2026-07-13 19:39:27]   DISABLE COTN Falkreath - TGC - Outlaws Refuges - Skyrim Underground Patch.esp -> missing master(s)
[2026-07-13 19:39:27]   DISABLE COTN Falkreath - TGC - Outlaws Refuges Patch.esp -> missing master(s)
[2026-07-13 19:39:27]   DISABLE COTN Falkreath - TGC - Skyrim Underground Patch.esp -> missing master(s)
[2026-07-13 19:39:27]   DISABLE COTN Falkreath - TGC patch.esp -> missing master(s)
[2026-07-13 19:39:27]   DISABLE COTN Falkreath - TGCF - Anna NPCs + Helgen Reborn Patch.esp -> missing master(s)
[2026-07-13 19:39:27]   DISABLE COTN Falkreath - TGCF - Anna NPCs Patch.esp -> missing master(s)
[2026-07-13 19:39:27]   DISABLE COTN Falkreath - TGCF - Clockwork Patch.esp -> missing master(s)
[2026-07-13 19:39:27]   DISABLE COTN Falkreath - TGCF - ESO Imports Patch.esp -> missing master(s)
[2026-07-13 19:39:27]   DISABLE COTN Falkreath - TGCF - Helgen Reborn Patch.esp -> missing master(s)
[2026-07-13 19:39:27]   DISABLE COTN Falkreath - TGCF - Landscape and Water Fixes Patch.esp -> missing master(s)
[2026-07-13 19:39:27]   DISABLE COTN Falkreath - TGCF - LOTD Patch.esp -> missing master(s)
[2026-07-13 19:39:27]   DISABLE COTN Falkreath - TGCF - Outlaws Refuges - Skyrim Underground Patch.esp -> missing master(s)
[2026-07-13 19:39:27]   DISABLE COTN Falkreath - TGCF - Outlaws Refuges Patch.esp -> missing master(s)
[2026-07-13 19:39:27]   DISABLE COTN Falkreath - TGCF - Skyrim Underground Patch.esp -> missing master(s)
[2026-07-13 19:39:27]   DISABLE COTN Falkreath - TGR Patch.esp -> missing master(s)
[2026-07-13 19:39:27]   DISABLE COTN Falkreath - The Great City of Falkreath patch.esp -> missing master(s)
[2026-07-13 19:39:27]   DISABLE COTN Falkreath - Thrones Expanded patch.esp -> missing master(s)
[2026-07-13 19:39:27]   DISABLE COTN Falkreath - TNOTT patch.esp -> missing master(s)
[2026-07-13 19:39:27]   DISABLE COTN Falkreath - Training Dummies XP patch.esp -> missing master(s)
[2026-07-13 19:39:27]   DISABLE COTN Falkreath - Trees Addon patch.esp -> missing master(s)
[2026-07-13 19:39:27]   DISABLE COTN Falkreath - Ulvenwald patch.esp -> missing master(s)
[2026-07-13 19:39:27]   DISABLE COTN Falkreath - Yeomville Estate patch.esp -> missing master(s)
[2026-07-13 19:39:27]   DISABLE Lux - COTN Falkreath - Snazzy Interiors Falkreath AIO patch.esp -> missing master(s)
[2026-07-13 19:39:27]   DISABLE Lux - COTN Falkreath - Snazzy Interiors Falkreath Dengeir's House patch.esp -> missing master(s)
[2026-07-13 19:39:27]   DISABLE Lux - COTN Falkreath - Snazzy Interiors Falkreath Gray Pine Goods patch.esp -> missing master(s)
[2026-07-13 19:39:27]   DISABLE TGC Winterhold - AI Overhaul patch.esp -> missing master(s)
[2026-07-13 19:39:27]   DISABLE TGC Winterhold - Alternate Start patch.esp -> missing master(s)
[2026-07-13 19:39:27]   DISABLE TGC Winterhold - Ambriel patch.esp -> missing master(s)
[2026-07-13 19:39:27]   DISABLE TGC Winterhold - Ambriel the Lost Patches patch.esp -> missing master(s)
[2026-07-13 19:39:27]   DISABLE TGC Winterhold - Animated Armoury patch.esp -> missing master(s)
[2026-07-13 19:39:27]   DISABLE TGC Winterhold - Art Imports patch.esp -> missing master(s)
[2026-07-13 19:39:27]   DISABLE TGC Winterhold - Artifacts Revised patch.esp -> missing master(s)
[2026-07-13 19:39:27]   DISABLE TGC Winterhold - AYOP TG Patch.esp -> missing master(s)
[2026-07-13 19:39:27]   DISABLE TGC Winterhold - Basic Wenches patch.esp -> missing master(s)
[2026-07-13 19:39:27]   DISABLE TGC Winterhold - Birds of Skyrim patch.esp -> missing master(s)
[2026-07-13 19:39:27]   DISABLE TGC Winterhold - Blowing in the Wind - ELFX Exteriors Patch.esp -> missing master(s)
[2026-07-13 19:39:27]   DISABLE TGC Winterhold - CACO patch.esp -> missing master(s)
[2026-07-13 19:39:27]   DISABLE TGC Winterhold - Carriage Stops of Skyrim patch.esp -> missing master(s)
[2026-07-13 19:39:27]   DISABLE TGC Winterhold - CFTO Covered Carriages patch.esp -> missing master(s)
[2026-07-13 19:39:27]   DISABLE TGC Winterhold - CFTO Lanterns patch.esp -> missing master(s)
[2026-07-13 19:39:27]   DISABLE TGC Winterhold - CFTO patch.esp -> missing master(s)
[2026-07-13 19:39:27]   DISABLE TGC Winterhold - Cheesemod patch.esp -> missing master(s)
[2026-07-13 19:39:27]   DISABLE TGC Winterhold - Cidhna Mine Patch.esp -> missing master(s)
[2026-07-13 19:39:27]   DISABLE TGC Winterhold - Citizens of Tamriel patch.esp -> missing master(s)
[2026-07-13 19:39:27]   DISABLE TGC Winterhold - Cooking Adventures in Skyrim Patch.esp -> missing master(s)
[2026-07-13 19:39:27]   DISABLE TGC Winterhold - Dawnguard Sentries patch.esp -> missing master(s)
[2026-07-13 19:39:27]   DISABLE TGC Winterhold - Distinct Interiors patch.esp -> missing master(s)
[2026-07-13 19:39:27]   DISABLE TGC Winterhold - Diverse Witcher Missives Boards patch.esp -> missing master(s)
[2026-07-13 19:39:27]   DISABLE TGC Winterhold - DootY patch.esp -> missing master(s)
[2026-07-13 19:39:27]   DISABLE TGC Winterhold - DoubtSuspended Questpack Patch.esp -> missing master(s)
[2026-07-13 19:39:27]   DISABLE TGC Winterhold - Drunks of Skyrim Patch.esp -> missing master(s)
[2026-07-13 19:39:27]   DISABLE TGC Winterhold - Dwemer Colosseum Patch.esp -> missing master(s)
[2026-07-13 19:39:27]   DISABLE TGC Winterhold - ELFX Exteriors Patch.esp -> missing master(s)
[2026-07-13 19:39:27]   DISABLE TGC Winterhold - ELFX Patch.esp -> missing master(s)
[2026-07-13 19:39:27]   DISABLE TGC Winterhold - Embers HD Patch.esp -> missing master(s)
[2026-07-13 19:39:27]   DISABLE TGC Winterhold - Enhanced Landscapes Mountains and Cliffs patch.esp -> missing master(s)
[2026-07-13 19:39:27]   DISABLE TGC Winterhold - Enhanced Landscapes patch.esp -> missing master(s)
[2026-07-13 19:39:27]   DISABLE TGC Winterhold - ESO Imports patch.esp -> missing master(s)
[2026-07-13 19:39:27]   DISABLE TGC Winterhold - Expanded Winterhold Ruins Patch.esp -> missing master(s)
[2026-07-13 19:39:27]   DISABLE TGC Winterhold - ezPG patch.esp -> missing master(s)
[2026-07-13 19:39:27]   DISABLE TGC Winterhold - Farmhouse Chimneys patch.esp -> missing master(s)
[2026-07-13 19:39:27]   DISABLE TGC Winterhold - Gallows of Skyrim patch.esp -> missing master(s)
[2026-07-13 19:39:27]   DISABLE TGC Winterhold - GAR patch.esp -> missing master(s)
[2026-07-13 19:39:27]   DISABLE TGC Winterhold - Holidays Patch.esp -> missing master(s)
[2026-07-13 19:39:27]   DISABLE TGC Winterhold - HTBM Cthulhu Patch.esp -> missing master(s)
[2026-07-13 19:39:27]   DISABLE TGC Winterhold - Ice Claws 0.25x Patch.esp -> missing master(s)
[2026-07-13 19:39:27]   DISABLE TGC Winterhold - Ice Claws 0.5x Patch.esp -> missing master(s)
[2026-07-13 19:39:27]   DISABLE TGC Winterhold - Ice Claws 1x Patch.esp -> missing master(s)
[2026-07-13 19:39:27]   DISABLE TGC Winterhold - Icebound Crypt Patch.esp -> missing master(s)
[2026-07-13 19:39:27]   DISABLE TGC Winterhold - ICOW Patch.esp -> missing master(s)
[2026-07-13 19:39:27]   DISABLE TGC Winterhold - Illustrated Town Panels patch.esp -> missing master(s)
[2026-07-13 19:39:27]   DISABLE TGC Winterhold - Immersive Citizens (SFCO) patch.esp -> missing master(s)
[2026-07-13 19:39:27]   DISABLE TGC Winterhold - Immersive Citizens patch.esp -> missing master(s)
[2026-07-13 19:39:27]   DISABLE TGC Winterhold - Immersive Wenches Patch.esp -> missing master(s)
[2026-07-13 19:39:27]   DISABLE TGC Winterhold - iNeed Extended Patch.esp -> missing master(s)
[2026-07-13 19:39:27]   DISABLE TGC Winterhold - InnCredible Patch.esp -> missing master(s)
[2026-07-13 19:39:27]   DISABLE TGC Winterhold - JKs CoW - ICOW Patch.esp -> missing master(s)
[2026-07-13 19:39:27]   DISABLE TGC Winterhold - JKs CoW - OCW Patch.esp -> missing master(s)
[2026-07-13 19:39:27]   DISABLE TGC Winterhold - JKs Skyrim - Lux Orbis patch.esp -> missing master(s)
[2026-07-13 19:39:27]   DISABLE TGC Winterhold - JKs Skyrim patch.esp -> missing master(s)
[2026-07-13 19:39:27]   DISABLE TGC Winterhold - Keeper Carcette Survives patch.esp -> missing master(s)
[2026-07-13 19:39:27]   DISABLE TGC Winterhold - KIC patch.esp -> missing master(s)
[2026-07-13 19:39:27]   DISABLE TGC Winterhold - Kidmer patch.esp -> missing master(s)
[2026-07-13 19:39:27]   DISABLE TGC Winterhold - Knights of Thorn Patch.esp -> missing master(s)
[2026-07-13 19:39:27]   DISABLE TGC Winterhold - Laundry Patch.esp -> missing master(s)
[2026-07-13 19:39:27]   DISABLE TGC Winterhold - LAWF Patch.esp -> missing master(s)
[2026-07-13 19:39:27]   DISABLE TGC Winterhold - Legends of Aetherium Patch.esp -> missing master(s)
[2026-07-13 19:39:27]   DISABLE TGC Winterhold - LoS II - JKs Skyrim patch.esp -> missing master(s)
[2026-07-13 19:39:27]   DISABLE TGC Winterhold - LoS II Patch.esp -> missing master(s)
[2026-07-13 19:39:27]   DISABLE TGC Winterhold - Map Markers Complete patch.esp -> missing master(s)
[2026-07-13 19:39:27]   DISABLE TGC Winterhold - Meridias Order patch.esp -> missing master(s)
[2026-07-13 19:39:27]   DISABLE TGC Winterhold - Midden Expanded ESM patch.esp -> missing master(s)
[2026-07-13 19:39:27]   DISABLE TGC Winterhold - Midden Expanded patch.esp -> missing master(s)
[2026-07-13 19:39:27]   DISABLE TGC Winterhold - Mihail Handicapped Patch.esp -> missing master(s)
[2026-07-13 19:39:27]   DISABLE TGC Winterhold - Mihail House Cats patch.esp -> missing master(s)
[2026-07-13 19:39:27]   DISABLE TGC Winterhold - MLOS Patch.esp -> missing master(s)
[2026-07-13 19:39:27]   DISABLE TGC Winterhold - MLU Patch.esp -> missing master(s)
[2026-07-13 19:39:27]   DISABLE TGC Winterhold - More Carriages patch.esp -> missing master(s)
[2026-07-13 19:39:27]   DISABLE TGC Winterhold - More Idle Markers ESPFE patch.esp -> missing master(s)
[2026-07-13 19:39:27]   DISABLE TGC Winterhold - More Idle Markers Patch.esp -> missing master(s)
[2026-07-13 19:39:27]   DISABLE TGC Winterhold - More Map Markers patch.esp -> missing master(s)
[2026-07-13 19:39:27]   DISABLE TGC Winterhold - Mystic Condenser patch.esp -> missing master(s)
[2026-07-13 19:39:27]   DISABLE TGC Winterhold - Mythos Patch.esp -> missing master(s)
[2026-07-13 19:39:27]   DISABLE TGC Winterhold - Notice Board Patch.esp -> missing master(s)
[2026-07-13 19:39:27]   DISABLE TGC Winterhold - NSUTR JKs Skyrim patch.esp -> missing master(s)
[2026-07-13 19:39:27]   DISABLE TGC Winterhold - NSUTR patch.esp -> missing master(s)
[2026-07-13 19:39:27]   DISABLE TGC Winterhold - NSUTR TGCoWSSE patch.esp -> missing master(s)
[2026-07-13 19:39:27]   DISABLE TGC Winterhold - OCW Patch.esp -> missing master(s)
[2026-07-13 19:39:27]   DISABLE TGC Winterhold - Off Limits Patch.esp -> missing master(s)
[2026-07-13 19:39:27]   DISABLE TGC Winterhold - Open Civil War Patch.esp -> missing master(s)
[2026-07-13 19:39:27]   DISABLE TGC Winterhold - Outlaws Refuges patch.esp -> missing master(s)
[2026-07-13 19:39:27]   DISABLE TGC Winterhold - Phoe Patch.esp -> missing master(s)
[2026-07-13 19:39:27]   DISABLE TGC Winterhold - Point the Way Patch.esp -> missing master(s)
[2026-07-13 19:39:27]   DISABLE TGC Winterhold - Populated Cities Patch.esp -> missing master(s)
[2026-07-13 19:39:27]   DISABLE TGC Winterhold - Populated Skyrim Patch.esp -> missing master(s)
[2026-07-13 19:39:27]   DISABLE TGC Winterhold - Radiance Locations patch.esp -> missing master(s)
[2026-07-13 19:39:27]   DISABLE TGC Winterhold - Realistic Room Rental Patch.esp -> missing master(s)
[2026-07-13 19:39:27]   DISABLE TGC Winterhold - Requiem Patch.esp -> missing master(s)
[2026-07-13 19:39:27]   DISABLE TGC Winterhold - RRR - More Idle Markers Patch.esp -> missing master(s)
[2026-07-13 19:39:27]   DISABLE TGC Winterhold - RS Children patch.esp -> missing master(s)
[2026-07-13 19:39:27]   DISABLE TGC Winterhold - S3DSigns patch.esp -> missing master(s)
[2026-07-13 19:39:27]   DISABLE TGC Winterhold - Second Great War (SFCO) patch.esp -> missing master(s)
[2026-07-13 19:39:27]   DISABLE TGC Winterhold - Second Great War Patch.esp -> missing master(s)
[2026-07-13 19:39:27]   DISABLE TGC Winterhold - SFCO patch.esp -> missing master(s)
[2026-07-13 19:39:27]   DISABLE TGC Winterhold - Skalds Mail patch.esp -> missing master(s)
[2026-07-13 19:39:27]   DISABLE TGC Winterhold - SkyBeRoads Winterhold patch.esp -> missing master(s)
[2026-07-13 19:39:27]   DISABLE TGC Winterhold - Skyrim Underground Patch.esp -> missing master(s)
[2026-07-13 19:39:27]   DISABLE TGC Winterhold - Skyrim Unique Drinks Patch.esp -> missing master(s)
[2026-07-13 19:39:27]   DISABLE TGC Winterhold - SkyTEST patch.esp -> missing master(s)
[2026-07-13 19:39:27]   DISABLE TGC Winterhold - SkyTEST Redux patch.esp -> missing master(s)
[2026-07-13 19:39:27]   DISABLE TGC Winterhold - Snazzy Interiors - Winterhold AIO + AI Overhaul patch.esp -> missing master(s)
[2026-07-13 19:39:27]   DISABLE TGC Winterhold - Snazzy Interiors - Winterhold AIO + Art Imports patch.esp -> missing master(s)
[2026-07-13 19:39:27]   DISABLE TGC Winterhold - Snazzy Interiors - Winterhold AIO + Artifacts Revised patch.esp -> missing master(s)
[2026-07-13 19:39:27]   DISABLE TGC Winterhold - Snazzy Interiors - Winterhold AIO + AYOP TG patch.esp -> missing master(s)
[2026-07-13 19:39:27]   DISABLE TGC Winterhold - Snazzy Interiors - Winterhold AIO + CACO patch.esp -> missing master(s)
[2026-07-13 19:39:27]   DISABLE TGC Winterhold - Snazzy Interiors - Winterhold AIO + Cheesemod patch.esp -> missing master(s)
[2026-07-13 19:39:27]   DISABLE TGC Winterhold - Snazzy Interiors - Winterhold AIO + Cloaks of Skyrim patch.esp -> missing master(s)
[2026-07-13 19:39:27]   DISABLE TGC Winterhold - Snazzy Interiors - Winterhold AIO + Distinct Interiors patch.esp -> missing master(s)
[2026-07-13 19:39:27]   DISABLE TGC Winterhold - Snazzy Interiors - Winterhold AIO + ESO Imports patch.esp -> missing master(s)
[2026-07-13 19:39:27]   DISABLE TGC Winterhold - Snazzy Interiors - Winterhold AIO + Lux patch.esp -> missing master(s)
[2026-07-13 19:39:27]   DISABLE TGC Winterhold - Snazzy Interiors - Winterhold AIO + RoH patch.esp -> missing master(s)
[2026-07-13 19:39:27]   DISABLE TGC Winterhold - Snazzy Interiors - Winterhold AIO + TNotT patch.esp -> missing master(s)
[2026-07-13 19:39:27]   DISABLE TGC Winterhold - Snazzy Interiors - Winterhold AIO + Ursine Armor Pack patch.esp -> missing master(s)
[2026-07-13 19:39:27]   DISABLE TGC Winterhold - Snazzy Interiors - Winterhold AIO patch.esp -> missing master(s)
[2026-07-13 19:39:27]   DISABLE TGC Winterhold - Snazzy Interiors - Winterhold Birna's Oddments + AI Overhaul patch.esp -> missing master(s)
[2026-07-13 19:39:27]   DISABLE TGC Winterhold - Snazzy Interiors - Winterhold Birna's Oddments + Art Imports patch.esp -> missing master(s)
[2026-07-13 19:39:27]   DISABLE TGC Winterhold - Snazzy Interiors - Winterhold Birna's Oddments + Artifacts Revised patch.esp -> missing master(s)
[2026-07-13 19:39:27]   DISABLE TGC Winterhold - Snazzy Interiors - Winterhold Birna's Oddments + AYOP TG patch.esp -> missing master(s)
[2026-07-13 19:39:27]   DISABLE TGC Winterhold - Snazzy Interiors - Winterhold Birna's Oddments + CACO patch.esp -> missing master(s)
[2026-07-13 19:39:27]   DISABLE TGC Winterhold - Snazzy Interiors - Winterhold Birna's Oddments + Cheesemod patch.esp -> missing master(s)
[2026-07-13 19:39:27]   DISABLE TGC Winterhold - Snazzy Interiors - Winterhold Birna's Oddments + Cloaks of Skyrim patch.esp -> missing master(s)
[2026-07-13 19:39:27]   DISABLE TGC Winterhold - Snazzy Interiors - Winterhold Birna's Oddments + Distinct Interiors patch.esp -> missing master(s)
[2026-07-13 19:39:27]   DISABLE TGC Winterhold - Snazzy Interiors - Winterhold Birna's Oddments + ESO Imports patch.esp -> missing master(s)
[2026-07-13 19:39:27]   DISABLE TGC Winterhold - Snazzy Interiors - Winterhold Birna's Oddments + Lux patch.esp -> missing master(s)
[2026-07-13 19:39:27]   DISABLE TGC Winterhold - Snazzy Interiors - Winterhold Birna's Oddments + RoH patch.esp -> missing master(s)
[2026-07-13 19:39:27]   DISABLE TGC Winterhold - Snazzy Interiors - Winterhold Birna's Oddments + TNotT patch.esp -> missing master(s)
[2026-07-13 19:39:27]   DISABLE TGC Winterhold - Snazzy Interiors - Winterhold Birna's Oddments + Ursine Armor Pack patch.esp -> missing master(s)
[2026-07-13 19:39:27]   DISABLE TGC Winterhold - Snazzy Interiors - Winterhold Birna's Oddments patch.esp -> missing master(s)
[2026-07-13 19:39:27]   DISABLE TGC Winterhold - Snazzy Interiors - Winterhold Kraldars House + Lux patch.esp -> missing master(s)
[2026-07-13 19:39:27]   DISABLE TGC Winterhold - Snazzy Interiors - Winterhold Kraldars House patch.esp -> missing master(s)
[2026-07-13 19:39:27]   DISABLE TGC Winterhold - Sons of Skyrim patch.esp -> missing master(s)
[2026-07-13 19:39:27]   DISABLE TGC Winterhold - Sounds of Skyrim patch.esp -> missing master(s)
[2026-07-13 19:39:27]   DISABLE TGC Winterhold - Spaghetti Cities AIO patch.esp -> missing master(s)
[2026-07-13 19:39:27]   DISABLE TGC Winterhold - Sundials and Moondials Patch.esp -> missing master(s)
[2026-07-13 19:39:27]   DISABLE TGC Winterhold - Tale of Dwemer Patch.esp -> missing master(s)
[2026-07-13 19:39:27]   DISABLE TGC Winterhold - TBoO Patch.esp -> missing master(s)
[2026-07-13 19:39:27]   DISABLE TGC Winterhold - Tel Aschan patch.esp -> missing master(s)
[2026-07-13 19:39:27]   DISABLE TGC Winterhold - TGR patch.esp -> missing master(s)
[2026-07-13 19:39:27]   DISABLE TGC Winterhold - The Great Cities - Lux Orbis patch.esp -> missing master(s)
[2026-07-13 19:39:27]   DISABLE TGC Winterhold - The Great Cities patch.esp -> missing master(s)
[2026-07-13 19:39:27]   DISABLE TGC Winterhold - Thrones Expanded patch.esp -> missing master(s)
[2026-07-13 19:39:27]   DISABLE TGC Winterhold - TNOTT patch.esp -> missing master(s)
[2026-07-13 19:39:27]   DISABLE TGC Winterhold - Touring Carriages patch.esp -> missing master(s)
[2026-07-13 19:39:27]   DISABLE TGC Winterhold - TPOS2 - RTCWG Patch.esp -> missing master(s)
[2026-07-13 19:39:27]   DISABLE TGC Winterhold - Training Dummies XP Patch.esp -> missing master(s)
[2026-07-13 19:39:27]   DISABLE TGC Winterhold - UCoW patch.esp -> missing master(s)
[2026-07-13 19:39:27]   DISABLE TGC Winterhold - Ulvenwald patch.esp -> missing master(s)
[2026-07-13 19:39:27]   DISABLE TGC Winterhold - Ursine Armor Pack Patch.esp -> missing master(s)
[2026-07-13 19:39:27]   DISABLE TGC Winterhold - Waymark patch.esp -> missing master(s)
[2026-07-13 19:39:27]   DISABLE TGC Winterhold - Winterhold Bathhouse patch.esp -> missing master(s)
[2026-07-13 19:39:27]   DISABLE TGC Winterhold - Winterhold Docks patch.esp -> missing master(s)
[2026-07-13 19:39:27]   DISABLE TGC Winterhold - WiZkiD Signs - Birnas Oddments Addon patch.esp -> missing master(s)
[2026-07-13 19:39:27]   DISABLE TGC Winterhold - World of Ducky patch.esp -> missing master(s)
[2026-07-13 19:39:27]   DISABLE TGC Winterhold - Zulfardin - OCW Patch.esp -> missing master(s)
[2026-07-13 19:39:27]   DISABLE TGC Winterhold - Zulfardin Patch.esp -> missing master(s)
[2026-07-13 19:39:27]   DISABLE TGCotN Winterhold - AI Overhaul (CIE) patch.esp -> missing master(s)
[2026-07-13 19:39:27]   DISABLE TGCotN Winterhold - AI Overhaul patch.esp -> missing master(s)
[2026-07-13 19:39:27]   DISABLE TGCotN Winterhold - Amulets of Skyrim patch.esp -> missing master(s)
[2026-07-13 19:39:27]   DISABLE TGCotN Winterhold - Art Imports patch.esp -> missing master(s)
[2026-07-13 19:39:27]   DISABLE TGCotN Winterhold - BGCollectables patch.esp -> missing master(s)
[2026-07-13 19:39:27]   DISABLE TGCotN Winterhold - Cheesemod patch.esp -> missing master(s)
[2026-07-13 19:39:27]   DISABLE TGCotN Winterhold - Cloaks of Skyrim (CIE) patch.esp -> missing master(s)
[2026-07-13 19:39:27]   DISABLE TGCotN Winterhold - Cloaks of Skyrim patch.esp -> missing master(s)
[2026-07-13 19:39:27]   DISABLE TGCotN Winterhold - ELFX patch.esp -> missing master(s)
[2026-07-13 19:39:27]   DISABLE TGCotN Winterhold - Embers XD patch.esp -> missing master(s)
[2026-07-13 19:39:27]   DISABLE TGCotN Winterhold - Enhanced Landscapes Mountains and Cliffs patch.esp -> missing master(s)
[2026-07-13 19:39:27]   DISABLE TGCotN Winterhold - Enhanced Landscapes patch.esp -> missing master(s)
[2026-07-13 19:39:27]   DISABLE TGCotN Winterhold - Expanded Winterhold Ruins Patch.esp -> missing master(s)
[2026-07-13 19:39:27]   DISABLE TGCotN Winterhold - GAR patch.esp -> missing master(s)
[2026-07-13 19:39:27]   DISABLE TGCotN Winterhold - ICOW Patch.esp -> missing master(s)
[2026-07-13 19:39:27]   DISABLE TGCotN Winterhold - Immersive Citizens (SFCO) patch.esp -> missing master(s)
[2026-07-13 19:39:27]   DISABLE TGCotN Winterhold - Immersive Citizens patch.esp -> missing master(s)
[2026-07-13 19:39:27]   DISABLE TGCotN Winterhold - Immersive Wenches Patch.esp -> missing master(s)
[2026-07-13 19:39:27]   DISABLE TGCotN Winterhold - JKs CoW - ICOW patch.esp -> missing master(s)
[2026-07-13 19:39:27]   DISABLE TGCotN Winterhold - JKs Skyrim - Lux Orbis patch.esp -> missing master(s)
[2026-07-13 19:39:27]   DISABLE TGCotN Winterhold - JKs Skyrim patch.esp -> missing master(s)
[2026-07-13 19:39:27]   DISABLE TGCotN Winterhold - KIC patch.esp -> missing master(s)
[2026-07-13 19:39:27]   DISABLE TGCotN Winterhold - Map Markers Complete patch.esp -> missing master(s)
[2026-07-13 19:39:27]   DISABLE TGCotN Winterhold - Mystic Condenser patch.esp -> missing master(s)
[2026-07-13 19:39:27]   DISABLE TGCotN Winterhold - No exterior wall.esp -> missing master(s)
[2026-07-13 19:39:27]   DISABLE TGCotN Winterhold - Off Limits patch.esp -> missing master(s)
[2026-07-13 19:39:27]   DISABLE TGCotN Winterhold - Populated Cities patch.esp -> missing master(s)
[2026-07-13 19:39:27]   DISABLE TGCotN Winterhold - Requiem Patch.esp -> missing master(s)
[2026-07-13 19:39:27]   DISABLE TGCotN Winterhold - Second Great War (SFCO) patch.esp -> missing master(s)
[2026-07-13 19:39:27]   DISABLE TGCotN Winterhold - Second Great War Patch.esp -> missing master(s)
[2026-07-13 19:39:27]   DISABLE TGCotN Winterhold - SFCO (CIE) patch.esp -> missing master(s)
[2026-07-13 19:39:27]   DISABLE TGCotN Winterhold - SFCO patch.esp -> missing master(s)
[2026-07-13 19:39:27]   DISABLE TGCotN Winterhold - Snazzy Interiors - Winterhold AIO + AI Overhaul patch.esp -> missing master(s)
[2026-07-13 19:39:27]   DISABLE TGCotN Winterhold - Snazzy Interiors - Winterhold AIO + Art Imports patch.esp -> missing master(s)
[2026-07-13 19:39:27]   DISABLE TGCotN Winterhold - Snazzy Interiors - Winterhold AIO + Cheesemod patch.esp -> missing master(s)
[2026-07-13 19:39:27]   DISABLE TGCotN Winterhold - Snazzy Interiors - Winterhold AIO + Cloaks of Skyrim patch.esp -> missing master(s)
[2026-07-13 19:39:27]   DISABLE TGCotN Winterhold - Snazzy Interiors - Winterhold AIO + Lux patch.esp -> missing master(s)
[2026-07-13 19:39:27]   DISABLE TGCotN Winterhold - Snazzy Interiors - Winterhold Birna's Oddments + AI Overhaul patch.esp -> missing master(s)
[2026-07-13 19:39:27]   DISABLE TGCotN Winterhold - Snazzy Interiors - Winterhold Birna's Oddments + Art Imports patch.esp -> missing master(s)
[2026-07-13 19:39:27]   DISABLE TGCotN Winterhold - Snazzy Interiors - Winterhold Birna's Oddments + Cheesemod patch.esp -> missing master(s)
[2026-07-13 19:39:27]   DISABLE TGCotN Winterhold - Snazzy Interiors - Winterhold Birna's Oddments + Cloaks of Skyrim patch.esp -> missing master(s)
[2026-07-13 19:39:27]   DISABLE TGCotN Winterhold - Snazzy Interiors - Winterhold Birna's Oddments + Lux patch.esp -> missing master(s)
[2026-07-13 19:39:27]   DISABLE TGCotN Winterhold - Snazzy Interiors - Winterhold Kraldars House + Lux patch.esp -> missing master(s)
[2026-07-13 19:39:27]   DISABLE TGCotN Winterhold - Sons of Skyrim patch.esp -> missing master(s)
[2026-07-13 19:39:27]   DISABLE TGCotN Winterhold - Sounds of Skyrim patch.esp -> missing master(s)
[2026-07-13 19:39:27]   DISABLE TGCotN Winterhold - SUT patch.esp -> missing master(s)
[2026-07-13 19:39:27]   DISABLE TGCotN Winterhold - Tel Aschan patch.esp -> missing master(s)
[2026-07-13 19:39:27]   DISABLE TGCotN Winterhold - Thrones Expanded patch.esp -> missing master(s)
[2026-07-13 19:39:27]   DISABLE TGCotN Winterhold - Training Dummies XP patch.esp -> missing master(s)
[2026-07-13 19:39:27]   DISABLE TGCotN Winterhold - UCoW patch.esp -> missing master(s)
[2026-07-13 19:39:27]   DISABLE TGCotN Winterhold - Waking Nightmare Patch.esp -> missing master(s)
[2026-07-13 19:39:27]   DISABLE TGCotN Winterhold - Winterhold Bathhouse patch.esp -> missing master(s)
[2026-07-13 19:39:27]   DISABLE TGCotN Winterhold.esp -> missing master(s)
[2026-07-13 19:39:27]   DISABLE The Great City of Dragon Bridge - JK's + Arth's Patch.esp -> missing master(s)
[2026-07-13 19:39:27]   DISABLE The Great City of Dragon Bridge - JK's Skyrim Patch.esp -> missing master(s)
[2026-07-13 19:39:27]   DISABLE JK's Redbags Solitude - Redwave Corsair - Realistic Boat Bobbing.esp -> missing master(s)
[2026-07-13 19:39:27]   DISABLE JK's Redbags Solitude Outskirts - Redwave Corsair patch.esp -> missing master(s)
[2026-07-13 19:39:27]   DISABLE JKs Solitude Outskirts - 3DNPC (DK) patch.esp -> missing master(s)
[2026-07-13 19:39:27]   DISABLE JKs Solitude Outskirts - A Cats Life patch.esp -> missing master(s)
[2026-07-13 19:39:27]   DISABLE JKs Solitude Outskirts - AI Overhaul patch.esp -> missing master(s)
[2026-07-13 19:39:27]   DISABLE JKs Solitude Outskirts - Alternate Start patch.esp -> missing master(s)
[2026-07-13 19:39:27]   DISABLE JKs Solitude Outskirts - Aran di Kono Patch.esp -> missing master(s)
[2026-07-13 19:39:27]   DISABLE JKs Solitude Outskirts - BFT patch.esp -> missing master(s)
[2026-07-13 19:39:27]   DISABLE JKs Solitude Outskirts - Birds of Skyrim SE patch.esp -> missing master(s)
[2026-07-13 19:39:27]   DISABLE JKs Solitude Outskirts - CACO Farm Overhaul patch.esp -> missing master(s)
[2026-07-13 19:39:27]   DISABLE JKs Solitude Outskirts - CC East Empire Expansion patch.esp -> missing master(s)
[2026-07-13 19:39:27]   DISABLE JKs Solitude Outskirts - CDAA patch.esp -> missing master(s)
[2026-07-13 19:39:27]   DISABLE JKs Solitude Outskirts - CFTO (DK) patch.esp -> missing master(s)
[2026-07-13 19:39:27]   DISABLE JKs Solitude Outskirts - CFTO patch.esp -> missing master(s)
[2026-07-13 19:39:27]   DISABLE JKs Solitude Outskirts - Dawn of Skyrim patch.esp -> missing master(s)
[2026-07-13 19:39:27]   DISABLE JKs Solitude Outskirts - Dawnguard Sentries patch.esp -> missing master(s)
[2026-07-13 19:39:27]   DISABLE JKs Solitude Outskirts - Dense Nordic Forests patch.esp -> missing master(s)
[2026-07-13 19:39:27]   DISABLE JKs Solitude Outskirts - DK Nord Ships patch.esp -> missing master(s)
[2026-07-13 19:39:27]   DISABLE JKs Solitude Outskirts - Dwueth'Var patch.esp -> missing master(s)
[2026-07-13 19:39:27]   DISABLE JKs Solitude Outskirts - ELFX Exteriors patch.esp -> missing master(s)
[2026-07-13 19:39:27]   DISABLE JKs Solitude Outskirts - Enhanced Landscapes patch.esp -> missing master(s)
[2026-07-13 19:39:27]   DISABLE JKs Solitude Outskirts - Enhanced Solitude patch.esp -> missing master(s)
[2026-07-13 19:39:27]   DISABLE JKs Solitude Outskirts - Gallows of Skyrim patch.esp -> missing master(s)
[2026-07-13 19:39:27]   DISABLE JKs Solitude Outskirts - HTBM Cthulhu (DK) patch.esp -> missing master(s)
[2026-07-13 19:39:27]   DISABLE JKs Solitude Outskirts - HTBM Cthulhu patch.esp -> missing master(s)
[2026-07-13 19:39:27]   DISABLE JKs Solitude Outskirts - Illustrated Town Panels patch.esp -> missing master(s)
[2026-07-13 19:39:27]   DISABLE JKs Solitude Outskirts - Immersive Citizens patch.esp -> missing master(s)
[2026-07-13 19:39:27]   DISABLE JKs Solitude Outskirts - Immersive Laundry patch.esp -> missing master(s)
[2026-07-13 19:39:27]   DISABLE JKs Solitude Outskirts - JKs Skyrim Dawn of Skyrim patch.esp -> missing master(s)
[2026-07-13 19:39:27]   DISABLE JKs Solitude Outskirts - JKs Skyrim patch.esp -> missing master(s)
[2026-07-13 19:39:27]   DISABLE JKs Solitude Outskirts - Justice patch.esp -> missing master(s)
[2026-07-13 19:39:27]   DISABLE JKs Solitude Outskirts - KHW patch.esp -> missing master(s)
[2026-07-13 19:39:27]   DISABLE JKs Solitude Outskirts - LAWF patch.esp -> missing master(s)
[2026-07-13 19:39:27]   DISABLE JKs Solitude Outskirts - LFFGM patch.esp -> missing master(s)
[2026-07-13 19:39:27]   DISABLE JKs Solitude Outskirts - LoS II patch.esp -> missing master(s)
[2026-07-13 19:39:27]   DISABLE JKs Solitude Outskirts - Midwood Isle (DK) patch.esp -> missing master(s)
[2026-07-13 19:39:27]   DISABLE JKs Solitude Outskirts - Mihail Haystacks patch.esp -> missing master(s)
[2026-07-13 19:39:27]   DISABLE JKs Solitude Outskirts - MLOS patch.esp -> missing master(s)
[2026-07-13 19:39:27]   DISABLE JKs Solitude Outskirts - MLU (DK) patch.esp -> missing master(s)
[2026-07-13 19:39:27]   DISABLE JKs Solitude Outskirts - MLU patch.esp -> missing master(s)
[2026-07-13 19:39:27]   DISABLE JKs Solitude Outskirts - Open Cities patch.esp -> missing master(s)
[2026-07-13 19:39:27]   DISABLE JKs Solitude Outskirts - Paradise City patch.esp -> missing master(s)
[2026-07-13 19:39:27]   DISABLE JKs Solitude Outskirts - Red Wave Corsair (DK) Patch.esp -> missing master(s)
[2026-07-13 19:39:27]   DISABLE JKs Solitude Outskirts - Red Wave Corsair Patch.esp -> missing master(s)
[2026-07-13 19:39:27]   DISABLE JKs Solitude Outskirts - Save the Icerunner (DK) patch.esp -> missing master(s)
[2026-07-13 19:39:27]   DISABLE JKs Solitude Outskirts - Save the Icerunner patch.esp -> missing master(s)
[2026-07-13 19:39:27]   DISABLE JKs Solitude Outskirts - Seagulls Rest patch.esp -> missing master(s)
[2026-07-13 19:39:27]   DISABLE JKs Solitude Outskirts - Second Great War patch.esp -> missing master(s)
[2026-07-13 19:39:27]   DISABLE JKs Solitude Outskirts - Skyrim 3D Landscapes patch.esp -> missing master(s)
[2026-07-13 19:39:27]   DISABLE JKs Solitude Outskirts - Solitude Docks Updated (DK) patch.esp -> missing master(s)
[2026-07-13 19:39:27]   DISABLE JKs Solitude Outskirts - Solitude Docks Updated + Red Wave Corsair Patch.esp -> missing master(s)
[2026-07-13 19:39:27]   DISABLE JKs Solitude Outskirts - Solitude Docks Updated - SFCO Patch.esp -> missing master(s)
[2026-07-13 19:39:27]   DISABLE JKs Solitude Outskirts - Solitude Docks Updated patch.esp -> missing master(s)
[2026-07-13 19:39:27]   DISABLE JKs Solitude Outskirts - Solitude Watchtower patch.esp -> missing master(s)
[2026-07-13 19:39:27]   DISABLE JKs Solitude Outskirts - Sounds of Skyrim patch.esp -> missing master(s)
[2026-07-13 19:39:27]   DISABLE JKs Solitude Outskirts - Trees Addon patch.esp -> missing master(s)
[2026-07-13 19:39:27]   DISABLE JKs Solitude Outskirts - Ulvenwald patch.esp -> missing master(s)
[2026-07-13 19:39:27]   DISABLE JKs Solitude Outskirts - Verdant patch.esp -> missing master(s)
[2026-07-13 19:39:27]   DISABLE JKs Solitude Outskirts - Waymark patch.esp -> missing master(s)
[2026-07-13 19:39:27]   DISABLE JKs Solitude Outskirts - Enhanced Solitude + KHW patch.esp -> missing master(s)
[2026-07-13 19:39:27]   DISABLE JKs Solitude Outskirts - Immersive Citizens + CFTO patch.esp -> missing master(s)
[2026-07-13 19:39:27]   DISABLE JKs Solitude Outskirts - Immersive Citizens + Lux Orbis patch.esp -> missing master(s)
[2026-07-13 19:39:27]   DISABLE JKs Solitude Outskirts - Red Wave Corsair + Midwood Isle (DK) Patch.esp -> missing master(s)
[2026-07-13 19:39:27]   DISABLE JKs Solitude Outskirts - Red Wave Corsair + Midwood Isle Patch.esp -> missing master(s)
[2026-07-13 19:39:27]   DISABLE JKs Solitude Outskirts - Save the Icerunner + Red Wave Corsair (DK) Patch.esp -> missing master(s)
[2026-07-13 19:39:27]   DISABLE JKs Solitude Outskirts - Save the Icerunner + Red Wave Corsair + Midwood Isle (DK) Patch.esp -> missing master(s)
[2026-07-13 19:39:27]   DISABLE JKs Solitude Outskirts - Save the Icerunner + Red Wave Corsair + Midwood Isle Patch.esp -> missing master(s)
[2026-07-13 19:39:27]   DISABLE JKs Solitude Outskirts - Save the Icerunner + Red Wave Corsair Patch.esp -> missing master(s)
[2026-07-13 19:39:27]   DISABLE JKs Solitude Outskirts - Solitude Docks Updated + Aran di Kono patch.esp -> missing master(s)
[2026-07-13 19:39:27]   DISABLE JKs Solitude Outskirts - Solitude Docks Updated + Carriages of Skyrim Patch.esp -> missing master(s)
[2026-07-13 19:39:27]   DISABLE JKs Solitude Outskirts - Solitude Docks Updated + CC East Empire Expansion patch.esp -> missing master(s)
[2026-07-13 19:39:27]   DISABLE JKs Solitude Outskirts - Solitude Docks Updated + Lux Orbis patch.esp -> missing master(s)
[2026-07-13 19:39:27]   DISABLE JKs Solitude Outskirts - Solitude Docks Updated + Lux patch.esp -> missing master(s)
[2026-07-13 19:39:27]   DISABLE JKs Solitude Outskirts - Solitude Docks Updated + Lux Via patch.esp -> missing master(s)
[2026-07-13 19:39:27]   DISABLE JKs Solitude Outskirts - Solitude Docks Updated + Red Wave Corsair + Save The Icerunner Patch (Missile).esp -> missing master(s)
[2026-07-13 19:39:27]   DISABLE JKs Solitude Outskirts - Solitude Watchtower + Solitude Flags patch.esp -> missing master(s)
[2026-07-13 19:39:27]   DISABLE Fortified Morthal - ClefJ's Morthal - Mihail's Crows and Ravens Patch.esp -> missing master(s)
[2026-07-13 19:39:27]   DISABLE Fortified Morthal - ClefJ's Morthal - Mihail's Crows Patch.esp -> missing master(s)
[2026-07-13 19:39:27]   DISABLE Fortified Morthal - ClefJ's Morthal - Nature of the Wild Lands Patch.esp -> missing master(s)
[2026-07-13 19:39:27]   DISABLE Fortified Morthal - Environs - Hroggar's House - Spaghetti's AIO Patch.esp -> missing master(s)
[2026-07-13 19:39:27]   DISABLE Fortified Morthal - Environs - Hroggar's House - Spaghetti's Morthal Patch.esp -> missing master(s)
[2026-07-13 19:39:27]   DISABLE Fortified Morthal - ETaC - Unique Marsh Trees.esp -> missing master(s)
[2026-07-13 19:39:27]   DISABLE Fortified Morthal - Jk's Skyrim - Lux Orbis Patch.esp -> missing master(s)
[2026-07-13 19:39:27]   DISABLE Fortified Morthal - Lux Orbis - CoTN Morthal Patch.esp -> missing master(s)
[2026-07-13 19:39:27]   DISABLE Fortified Morthal - Northern Bathhouses - Jk's Skyrim Patch.esp -> missing master(s)
[2026-07-13 19:39:27]   DISABLE Fortified Morthal - Spaghettie's Cities AIO - Morthal Where's Wares Patch.esp -> missing master(s)
[2026-07-13 19:39:27]   DISABLE Fortified Morthal - Spaghetties Cities - Morthal - Morthal Where's Wares Patch.esp -> missing master(s)
[2026-07-13 19:39:27]   DISABLE Fortified Morthal - A Dog's Life Patch.esp -> missing master(s)
[2026-07-13 19:39:27]   DISABLE Fortified Morthal - AI Overhaul Patch.esp -> missing master(s)
[2026-07-13 19:39:27]   DISABLE Fortified Morthal - Capital of Hjaalmarch Patch.esp -> missing master(s)
[2026-07-13 19:39:27]   DISABLE Fortified Morthal - Capital Towns of Skyrim Patch.esp -> missing master(s)
[2026-07-13 19:39:27]   DISABLE Fortified Morthal - ClefJ's Morthal Patch.esp -> missing master(s)
[2026-07-13 19:39:27]   DISABLE Fortified Morthal - COTN Morthal Patch.esp -> missing master(s)
[2026-07-13 19:39:27]   DISABLE Fortified Morthal - Drinking Fountains ESL Patch.esp -> missing master(s)
[2026-07-13 19:39:27]   DISABLE Fortified Morthal - Drinking Fountains Patch.esp -> missing master(s)
[2026-07-13 19:39:27]   DISABLE Fortified Morthal - Enhanced Landscapes - Mountains and Cliffs Patch.esp -> missing master(s)
[2026-07-13 19:39:27]   DISABLE Fortified Morthal - Enhanced Landscapes Patch.esp -> missing master(s)
[2026-07-13 19:39:27]   DISABLE Fortified Morthal - Environs - Abandoned Abodes Patch.esp -> missing master(s)
[2026-07-13 19:39:27]   DISABLE Fortified Morthal - Environs - Hroggar's House Patch.esp -> missing master(s)
[2026-07-13 19:39:27]   DISABLE Fortified Morthal - Fabled Forests Patch.esp -> missing master(s)
[2026-07-13 19:39:27]   DISABLE Fortified Morthal - Farmhouse Chimney Patch.esp -> missing master(s)
[2026-07-13 19:39:27]   DISABLE Fortified Morthal - Holidays Patch.esp -> missing master(s)
[2026-07-13 19:39:27]   DISABLE Fortified Morthal - Immersive Laundry Patch.esp -> missing master(s)
[2026-07-13 19:39:27]   DISABLE Fortified Morthal - Improved Bridges Patch.esp -> missing master(s)
[2026-07-13 19:39:27]   DISABLE Fortified Morthal - Medieval Lanterns Patch.esp -> missing master(s)
[2026-07-13 19:39:27]   DISABLE Fortified Morthal - Mihail's Crows and Ravens Patch.esp -> missing master(s)
[2026-07-13 19:39:27]   DISABLE Fortified Morthal - Mihail's Crows Patch.esp -> missing master(s)
[2026-07-13 19:39:27]   DISABLE Fortified Morthal - Morthal Ages AE Patch.esp -> missing master(s)
[2026-07-13 19:39:27]   DISABLE Fortified Morthal - Morthal Barrow Patch.esp -> missing master(s)
[2026-07-13 19:39:27]   DISABLE Fortified Morthal - Morthal Ghastly Mine Patch.esp -> missing master(s)
[2026-07-13 19:39:27]   DISABLE Fortified Morthal - Morthal Home Patch.esp -> missing master(s)
[2026-07-13 19:39:27]   DISABLE Fortified Morthal - Morthal Overhaul II Patch.esp -> missing master(s)
[2026-07-13 19:39:27]   DISABLE Fortified Morthal - Morthal Quartermaster Patch.esp -> missing master(s)
[2026-07-13 19:39:27]   DISABLE Fortified Morthal - Morthal Tree Overhaul Patch.esp -> missing master(s)
[2026-07-13 19:39:27]   DISABLE Fortified Morthal - Morthal Where's Wares Patch.esp -> missing master(s)
[2026-07-13 19:39:27]   DISABLE Fortified Morthal - No Snow Under The Roof Patch.esp -> missing master(s)
[2026-07-13 19:39:27]   DISABLE Fortified Morthal - Nordic Jarl Longhouses Patch.esp -> missing master(s)
[2026-07-13 19:39:27]   DISABLE Fortified Morthal - Northern BathHouses Patch.esp -> missing master(s)
[2026-07-13 19:39:27]   DISABLE Fortified Morthal - RE - Real Estate Continued Patch.esp -> missing master(s)
[2026-07-13 19:39:27]   DISABLE Fortified Morthal - Sforzinda Destinations Patch.esp -> missing master(s)
[2026-07-13 19:39:27]   DISABLE Fortified Morthal - Spaghetti's Cities - Morthal Patch.esp -> missing master(s)
[2026-07-13 19:39:27]   DISABLE Fortified Morthal - Spaghetti's Cities AIO Patch.esp -> missing master(s)
[2026-07-13 19:39:27]   DISABLE Fortified Morthal - The Great City of Morthal Patch.esp -> missing master(s)
[2026-07-13 19:39:27]   DISABLE Fortified Morthal - The Marshlands Patch.esp -> missing master(s)
[2026-07-13 19:39:27]   DISABLE Fortified Morthal - Touch of Detail - Chicken Coops Patch.esp -> missing master(s)
[2026-07-13 19:39:27]   DISABLE Fortified Morthal - Touring Carriages Patch.esp -> missing master(s)
[2026-07-13 19:39:27]   DISABLE Fortified Morthal - Winterberry Chateau Patch.esp -> missing master(s)
[2026-07-13 19:39:27]   DISABLE Fortified Morthal - ETaC Morthal Patch.esp -> missing master(s)
[2026-07-13 19:39:27]   DISABLE Fortified Morthal - Jk's Skyrim Patch.esp -> missing master(s)
[2026-07-13 19:39:27]   DISABLE Northern Roads - Lux Via Clutter - Thuldor's Ivarstead.esp -> missing master(s)
[2026-07-13 19:39:27]   DISABLE Northern Roads - Thuldor's Ivarstead.esp -> missing master(s)
[2026-07-13 19:39:27]   DISABLE Thuldor's Ivarstead - A Cat's Life.esp -> missing master(s)
[2026-07-13 19:39:27]   DISABLE Thuldor's Ivarstead - AI Overhaul.esp -> missing master(s)
[2026-07-13 19:39:27]   DISABLE Thuldor's Ivarstead - Alternate Start LAL.esp -> missing master(s)
[2026-07-13 19:39:27]   DISABLE Thuldor's Ivarstead - Amulet Evangelism.esp -> missing master(s)
[2026-07-13 19:39:27]   DISABLE Thuldor's Ivarstead - CACO.esp -> missing master(s)
[2026-07-13 19:39:27]   DISABLE Thuldor's Ivarstead - Candlehearth.esp -> missing master(s)
[2026-07-13 19:39:27]   DISABLE Thuldor's Ivarstead - Carriage Stations.esp -> missing master(s)
[2026-07-13 19:39:27]   DISABLE Thuldor's Ivarstead - Cheesemod.esp -> missing master(s)
[2026-07-13 19:39:27]   DISABLE Thuldor's Ivarstead - Drinking Fountains.esp -> missing master(s)
[2026-07-13 19:39:27]   DISABLE Thuldor's Ivarstead - Fabled Forest.esp -> missing master(s)
[2026-07-13 19:39:27]   DISABLE Thuldor's Ivarstead - Farmhouse Chimneys.esp -> missing master(s)
[2026-07-13 19:39:27]   DISABLE Thuldor's Ivarstead - Gourmet Tables.esp -> missing master(s)
[2026-07-13 19:39:27]   DISABLE Thuldor's Ivarstead - Immersive Laundry.esp -> missing master(s)
[2026-07-13 19:39:27]   DISABLE Thuldor's Ivarstead - JK's Skyrim Removed.esp -> missing master(s)
[2026-07-13 19:39:27]   DISABLE Thuldor's Ivarstead - JK's Skyrim.esp -> missing master(s)
[2026-07-13 19:39:27]   DISABLE Thuldor's Ivarstead - Keep It Clean.esp -> missing master(s)
[2026-07-13 19:39:27]   DISABLE Thuldor's Ivarstead - Lanterns of Skyrim II.esp -> missing master(s)
[2026-07-13 19:39:27]   DISABLE Thuldor's Ivarstead - Medieval Lanterns of Skyrim.esp -> missing master(s)
[2026-07-13 19:39:27]   DISABLE Thuldor's Ivarstead - Mihail Ravens and Crows.esp -> missing master(s)
[2026-07-13 19:39:27]   DISABLE Thuldor's Ivarstead - Notice Board.esp -> missing master(s)
[2026-07-13 19:39:27]   DISABLE Thuldor's Ivarstead - Populated Towns and Villages LITE.esp -> missing master(s)
[2026-07-13 19:39:27]   DISABLE Thuldor's Ivarstead - Spaghetti AIO.esp -> missing master(s)
[2026-07-13 19:39:27]   DISABLE Thuldor's Ivarstead - Spaghetti's Ivarstead.esp -> missing master(s)
[2026-07-13 19:39:27]   DISABLE Thuldor's Ivarstead - Ulvenwald.esp -> missing master(s)
[2026-07-13 19:39:27]   DISABLE Thuldors Ivarstead - SUDs Patch.esp -> missing master(s)
[2026-07-13 19:39:27]   DISABLE Thuldor's Ivarstead - Tweaks and Fixes - AI Overhaul.esp -> missing master(s)
[2026-07-13 19:39:27]   DISABLE Thuldor's Ivarstead - Tweaks and Fixes - Candlehearth.esp -> missing master(s)
[2026-07-13 19:39:27]   DISABLE Thuldor's Ivarstead - Tweaks and Fixes - FarmhouseChimneys.esp -> missing master(s)
[2026-07-13 19:39:27]   DISABLE Thuldor's Ivarstead - Tweaks and Fixes - GourmetTables.esp -> missing master(s)
[2026-07-13 19:39:27]   DISABLE Great Village of Kynesgrove - AI Overhaul Patch.esp -> missing master(s)
[2026-07-13 19:39:27]   DISABLE Great Village of Kynesgrove - Cheesemod Patch.esp -> missing master(s)
[2026-07-13 19:39:27]   DISABLE Great Village of Kynesgrove - CRF Patch.esp -> missing master(s)
[2026-07-13 19:39:27]   DISABLE Great Village of Kynesgrove - ELFX Patch.esp -> missing master(s)
[2026-07-13 19:39:27]   DISABLE Great Village of Kynesgrove - Embers XD [HD ESP] Patch.esp -> missing master(s)
[2026-07-13 19:39:27]   DISABLE Great Village of Kynesgrove - ESO Imports Patch.esp -> missing master(s)
[2026-07-13 19:39:27]   DISABLE Great Village of Kynesgrove - ETaC Patch.esp -> missing master(s)
[2026-07-13 19:39:27]   DISABLE Great Village of Kynesgrove - Expanded Towns and Cities - Kynesgrove Patch.esp -> missing master(s)
[2026-07-13 19:39:27]   DISABLE Great Village of Kynesgrove - Immersive Wenches Patch.esp -> missing master(s)
[2026-07-13 19:39:27]   DISABLE Great Village of Kynesgrove - Landscape and Water Fixes Patch.esp -> missing master(s)
[2026-07-13 19:39:27]   DISABLE Great Village of Kynesgrove - LoS II Patch.esp -> missing master(s)
[2026-07-13 19:39:27]   DISABLE Great VIllage of Kynesgrove - Mihail Haystacks patch.esp -> missing master(s)
[2026-07-13 19:39:27]   DISABLE Great Village of Kynesgrove - RS Children Patch.esp -> missing master(s)
[2026-07-13 19:39:27]   DISABLE Great Village of Kynesgrove - SFCO Patch.esp -> missing master(s)
[2026-07-13 19:39:27]   DISABLE Great Village of Kynesgrove - Skyrim Unique Drinks Patch.esp -> missing master(s)
[2026-07-13 19:39:27]   DISABLE Great Village of Mixwater Mill - Cheesemod Patch.esp -> missing master(s)
[2026-07-13 19:39:27]   DISABLE Great Village of Mixwater Mill - ELFX Patch.esp -> missing master(s)
[2026-07-13 19:39:27]   DISABLE Great Village of Mixwater Mill - Landscape and Water Fixes Patch.esp -> missing master(s)
[2026-07-13 19:39:27]   DISABLE Great Village of Mixwater Mill - LoS II Patch.esp -> missing master(s)
[2026-07-13 19:39:27]   DISABLE Great Village of Mixwater Mill - Milandriel Patch.esp -> missing master(s)
[2026-07-13 19:39:27]   DISABLE Great Village of Mixwater Mill - RS Children Patch.esp -> missing master(s)
[2026-07-13 19:39:27]   DISABLE Great Village of Mixwater Mill - SFCO Patch.esp -> missing master(s)
[2026-07-13 19:39:27]   DISABLE Great Village of Mixwater Mill - TGR Patch.esp -> missing master(s)
[2026-07-13 19:39:27]   DISABLE Great Village of Old Hroldan - AI Overhaul Patch.esp -> missing master(s)
[2026-07-13 19:39:27]   DISABLE Great Village of Old Hroldan - Cheesemod Patch.esp -> missing master(s)
[2026-07-13 19:39:27]   DISABLE Great Village of Old Hroldan - ELFX Patch.esp -> missing master(s)
[2026-07-13 19:39:27]   DISABLE Great Village of Old Hroldan - Embers XD Patch.esp -> missing master(s)
[2026-07-13 19:39:27]   DISABLE Great Village of Old Hroldan - Embers XD [HD ESP] Patch.esp -> missing master(s)
[2026-07-13 19:39:27]   DISABLE Great Village of Old Hroldan - Landscape and Water Fixes Patch.esp -> missing master(s)
[2026-07-13 19:39:27]   DISABLE Great Village of Old Hroldan - LoS II Patch.esp -> missing master(s)
[2026-07-13 19:39:27]   DISABLE Great Village of Old Hroldan - SFCO Patch.esp -> missing master(s)
[2026-07-13 19:39:27]   DISABLE Great Village of Old Hroldan - Skyrim Underground Patch.esp -> missing master(s)
[2026-07-13 19:39:27]   DISABLE Great Village of Old Hroldan - Skyrim Unique Drinks Patch.esp -> missing master(s)
[2026-07-13 19:39:27]   DISABLE Great Village of Old Hroldan - Soljunds Sinkhole Patch.esp -> missing master(s)
[2026-07-13 19:39:27]   DISABLE GVoOH_-_ArthSS_SetEx_Patch.esp -> missing master(s)
[2026-07-13 19:39:27]   DISABLE TGV Darkwater Crossing - Art Imports.esp -> missing master(s)
[2026-07-13 19:39:27]   DISABLE TGV Darkwater Crossing - Cheesemod Patch.esp -> missing master(s)
[2026-07-13 19:39:27]   DISABLE TGV Darkwater Crossing - ELFX Patch.esp -> missing master(s)
[2026-07-13 19:39:27]   DISABLE TGV Darkwater Crossing - ESO Imports Patch.esp -> missing master(s)
[2026-07-13 19:39:27]   DISABLE TGV Darkwater Crossing - ETAC Complete Lazy Patch.esp -> missing master(s)
[2026-07-13 19:39:27]   DISABLE TGV Darkwater Crossing - ETAC Modular Lazy Patch.esp -> missing master(s)
[2026-07-13 19:39:27]   DISABLE TGV Darkwater Crossing - Immersive Wenches Patch.esp -> missing master(s)
[2026-07-13 19:39:27]   DISABLE TGV Darkwater Crossing - LoS II Patch.esp -> missing master(s)
[2026-07-13 19:39:27]   DISABLE TGV Darkwater Crossing - SEF Patch.esp -> missing master(s)
[2026-07-13 19:39:27]   DISABLE TGV Darkwater Crossing - Skyrim Reputation Patch.esp -> missing master(s)
[2026-07-13 19:39:27]   DISABLE Great Town of Karthwasten - AI Overhaul Patch.esp -> missing master(s)
[2026-07-13 19:39:27]   DISABLE Great Town of Karthwasten - Art Imports patch.esp -> missing master(s)
[2026-07-13 19:39:27]   DISABLE Great Town of Karthwasten - Cheesemod Patch.esp -> missing master(s)
[2026-07-13 19:39:27]   DISABLE Great Town of Karthwasten - ELFX Patch.esp -> missing master(s)
[2026-07-13 19:39:27]   DISABLE Great Town of Karthwasten - Embers XD Patch.esp -> missing master(s)
[2026-07-13 19:39:27]   DISABLE Great Town of Karthwasten - Embers XD [HD ESP] Patch.esp -> missing master(s)
[2026-07-13 19:39:27]   DISABLE Great Town of Karthwasten - ESO Imports patch.esp -> missing master(s)
[2026-07-13 19:39:27]   DISABLE Great Town of Karthwasten - Holidays patch.esp -> missing master(s)
[2026-07-13 19:39:27]   DISABLE Great Town of Karthwasten - Immersive Wenches Patch.esp -> missing master(s)
[2026-07-13 19:39:27]   DISABLE Great Town of Karthwasten - Landscape and Water Fixes Patch.esp -> missing master(s)
[2026-07-13 19:39:27]   DISABLE Great Town of Karthwasten - LoS II Patch.esp -> missing master(s)
[2026-07-13 19:39:27]   DISABLE Great Town of Karthwasten - SFCO Patch.esp -> missing master(s)
[2026-07-13 19:39:27]   DISABLE Great Town of Karthwasten - TGR Patch.esp -> missing master(s)
[2026-07-13 19:39:27]   DISABLE Great Town of Karthwasten - TNotT patch.esp -> missing master(s)
[2026-07-13 19:39:27]   DISABLE Great Town of Shor's Stone - AI Overhaul Patch.esp -> missing master(s)
[2026-07-13 19:39:27]   DISABLE Great Town of Shor's Stone - Birds of Skyrim Patch.esp -> missing master(s)
[2026-07-13 19:39:27]   DISABLE Great Town of Shor's Stone - ELFX Patch.esp -> missing master(s)
[2026-07-13 19:39:27]   DISABLE Great Town of Shor's Stone - Embers HD Patch.esp -> missing master(s)
[2026-07-13 19:39:27]   DISABLE Great Town of Shor's Stone - Embers XD Patch.esp -> missing master(s)
[2026-07-13 19:39:27]   DISABLE Great Town of Shor's Stone - Embers XD [HD ESP] Patch.esp -> missing master(s)
[2026-07-13 19:39:27]   DISABLE Great Town of Shor's Stone - Enhanced Landscapes Patch.esp -> missing master(s)
[2026-07-13 19:39:27]   DISABLE Great Town of Shor's Stone - ESO Imports Patch.esp -> missing master(s)
[2026-07-13 19:39:27]   DISABLE Great Town of Shor's Stone - Holidays Patch.esp -> missing master(s)
[2026-07-13 19:39:27]   DISABLE Great Town of Shor's Stone - Inns and Taverns Patch.esp -> missing master(s)
[2026-07-13 19:39:27]   DISABLE Great Town of Shor's Stone - Lanterns of Skyrim II Patch.esp -> missing master(s)
[2026-07-13 19:39:27]   DISABLE Great Town of Shor's Stone - RS Children Patch.esp -> missing master(s)
[2026-07-13 19:39:27]   DISABLE Great Town of Shor's Stone - SFCO Patch.esp -> missing master(s)
[2026-07-13 19:39:27]   DISABLE Great Town of Shors Stone - Cheesemod Patch.esp -> missing master(s)
[2026-07-13 19:39:27]   DISABLE COTN Angas Mill Addon - Art Imports patch.esp -> missing master(s)
[2026-07-13 19:39:27]   DISABLE COTN Angas Mill Addon - AYOP TG patch.esp -> missing master(s)
[2026-07-13 19:39:27]   DISABLE COTN Angas Mill Addon - CACO patch.esp -> missing master(s)
[2026-07-13 19:39:27]   DISABLE COTN Angas Mill Addon - Cheesemod patch.esp -> missing master(s)
[2026-07-13 19:39:27]   DISABLE COTN Angas Mill Addon - Edmonds Birds patch.esp -> missing master(s)
[2026-07-13 19:39:27]   DISABLE COTN Angas Mill Addon - ELFX Exteriors patch.esp -> missing master(s)
[2026-07-13 19:39:27]   DISABLE COTN Angas Mill Addon - ELFX patch.esp -> missing master(s)
[2026-07-13 19:39:27]   DISABLE COTN Angas Mill Addon - ESO Imports patch.esp -> missing master(s)
[2026-07-13 19:39:27]   DISABLE COTN Angas Mill Addon - Farmhouse Chimneys patch.esp -> missing master(s)
[2026-07-13 19:39:27]   DISABLE COTN Angas Mill Addon - Immersive Citizens patch.esp -> missing master(s)
[2026-07-13 19:39:27]   DISABLE COTN Angas Mill Addon - Lanterns of Skyrim II patch.esp -> missing master(s)
[2026-07-13 19:39:27]   DISABLE COTN Angas Mill Addon - LFFGM patch.esp -> missing master(s)
[2026-07-13 19:39:27]   DISABLE COTN Angas Mill Addon - NSUTR patch.esp -> missing master(s)
[2026-07-13 19:39:27]   DISABLE COTN Angas Mill Addon - SFCO patch.esp -> missing master(s)
[2026-07-13 19:39:27]   DISABLE COTN Angas Mill Addon - Sounds of Skyrim patch.esp -> missing master(s)
[2026-07-13 19:39:27]   DISABLE COTN Angas Mill Addon - VLC patch.esp -> missing master(s)
[2026-07-13 19:39:27]   DISABLE Half-Moon Mill COTNed - Art Imports patch.esp -> missing master(s)
[2026-07-13 19:39:27]   DISABLE Half-Moon Mill COTNed - AYOP TG patch.esp -> missing master(s)
[2026-07-13 19:39:27]   DISABLE Half-Moon Mill COTNed - Distinct Interiors patch.esp -> missing master(s)
[2026-07-13 19:39:27]   DISABLE Half-Moon Mill COTNed - ELFX Exteriors patch.esp -> missing master(s)
[2026-07-13 19:39:27]   DISABLE Half-Moon Mill COTNed - ELFX patch.esp -> missing master(s)
[2026-07-13 19:39:27]   DISABLE Half-Moon Mill COTNed - Farmhouse Chimneys patch.esp -> missing master(s)
[2026-07-13 19:39:27]   DISABLE Half-Moon Mill COTNed - Half Moon Creek patch.esp -> missing master(s)
[2026-07-13 19:39:27]   DISABLE Half-Moon Mill COTNed - Immersive Citizens patch.esp -> missing master(s)
[2026-07-13 19:39:27]   DISABLE Half-Moon Mill COTNed - Immersive Laundry patch.esp -> missing master(s)
[2026-07-13 19:39:27]   DISABLE Half-Moon Mill COTNed - Lanterns of Skyrim II patch.esp -> missing master(s)
[2026-07-13 19:39:27]   DISABLE Half-Moon Mill COTNed - MLOS patch.esp -> missing master(s)
[2026-07-13 19:39:27]   DISABLE Half-Moon Mill COTNed - Radiance Locations patch.esp -> missing master(s)
[2026-07-13 19:39:27]   DISABLE Half-Moon Mill COTNed - Red Flame patch.esp -> missing master(s)
[2026-07-13 19:39:27]   DISABLE Half-Moon Mill COTNed - Sounds of Skyrim patch.esp -> missing master(s)
[2026-07-13 19:39:27]   DISABLE Half-Moon Mill COTNed - Tamrielic Culture patch.esp -> missing master(s)
[2026-07-13 19:39:27]   DISABLE COTN Dawnstar - Snazzy Interiors Dawnstar Brina's House + ICAIO patch.esp -> missing master(s)
[2026-07-13 19:39:27]   DISABLE COTN Dawnstar - Snazzy Interiors Dawnstar Brina's House + Requiem patch.esp -> missing master(s)
[2026-07-13 19:39:27]   DISABLE COTN Dawnstar - Snazzy Mortar and Pestle + 3DNPC patch.esp -> missing master(s)
[2026-07-13 19:39:27]   DISABLE COTN Falkreath - NotWL + JKs Skyrim patch.esp -> missing master(s)
[2026-07-13 19:39:27]   DISABLE COTN Falkreath - Snazzy Interiors Falkreath AIO + Embers XD patch.esp -> missing master(s)
[2026-07-13 19:39:27]   DISABLE COTN Falkreath - Snazzy Interiors Falkreath Dengeir's House + Embers XD patch.esp -> missing master(s)
[2026-07-13 19:39:27]   DISABLE TGCotN Winterhold - SPO patch.esp -> missing master(s)
[2026-07-13 19:39:27]   DISABLE The Great City of Dragon Bridge - JK's - USSEP Patch.esp -> missing master(s)
[2026-07-13 19:39:27]   DISABLE Fortified Morthal - The Great City of Morthal - Nature of the Wild Lands Patch.esp -> missing master(s)
[2026-07-13 19:39:27] plugins active after: 3671
[2026-07-13 19:39:27] task-0074 complete — MO2 F5 refresh + in-game spot check
