[2026-07-12 10:32:43] task-0063 gameplay tranche install starting
[2026-07-12 10:32:43] COPY Summon Shadow MERCHANT
[2026-07-12 10:32:43] COPY Signature Equipment
[2026-07-12 10:32:43] COPY Reading Is Bad SKSE
[2026-07-12 10:32:43] COPY Puzzle Pillar Auto-Solve
[2026-07-12 10:32:43] COPY NPC Stats Editor
[2026-07-12 10:32:43] COPY No Enchantment Restriction SKSE Remake
[2026-07-12 10:32:43] COPY Jewelry of Power
[2026-07-12 10:32:43] COPY Infinite Stamina Out of Combat
[2026-07-12 10:32:43] COPY Infinite Shouting Out of Combat
[2026-07-12 10:32:43] COPY Infinite Magicka Out of Combat
[2026-07-12 10:32:43] COPY Infinite Horse Stamina Out of Combat
[2026-07-12 10:32:43] COPY Infinite Enchantment Charges
[2026-07-12 10:32:43] COPY In-Game Equipment Editor SE
[2026-07-12 10:32:43] COPY Dragon Claws Auto-Unlock
[2026-07-12 10:32:43] COPY Detect Levers and Keys
[2026-07-12 10:32:43] COPY TDM - First Person Target Locking Fix
[2026-07-12 10:32:43] COPY Simpler Dragon Targeting - True Directional Movement
[2026-07-12 10:32:43] COPY True Directional Movement - Tail Animation Fix
[2026-07-12 10:32:43] COPY True Directional Movement Lock-on Fixes
[2026-07-12 10:32:43] COPY Classic Sprinting Redone (Anniversary Edition)
[2026-07-12 10:32:43] modlist.txt: 20 gameplay mods enabled above Uncategorized
[2026-07-12 10:32:44] folders: copied=20 skipped=0 missing=0
[2026-07-12 10:32:44] plugins active: 777 -> 790 (+13 new)
[2026-07-12 10:32:44] loadorder: 13 plugins inserted before Keizaal Maintenance.esp
[2026-07-12 10:32:44] task-0063 complete — run full-mast-scan.ps1
